******* Test case - 1 *******
Reference: [&R] ((((TAEGU:9.0,GEOFO:9.0):27.963801,PHACA:12.004829):0.100771,PODCR:16.053602):5.337989,ANAPL:13.778066):14.0;

Estimated: [&R] (GEOFO:4.5,((PHACA:12.004829,(PODCR:16.053602,ANAPL:19.116055):0.100771):27.963801,TAEGU:9.0):4.5):0.0;

Symmetric difference: 6

******* Test case - 2 *******
Reference: [&R] ((TAUER:9.329501,((APAVI:10.066238,NESNO:17.316483):1.652992,PELCR:13.171657):0.03715):5.40161,GALGA:15.09548):14.0;

Estimated: [&R] ((PELCR:13.171657,(GALGA:20.49709,TAUER:9.329501):0.03715):0.826496,(APAVI:10.066238,NESNO:17.316483):0.826496):0.0;

Symmetric difference: 4

******* Test case - 3 *******
Reference: [&R] (TINMA:9.0,((COLST:9.0,MERNU:10.981468):1.811582,(EGRGA:11.364487,PYGAD:16.422716):1.80717):12.43876):7.0;

Estimated: [&R] (((EGRGA:11.364487,PYGAD:16.422716):1.80717,TINMA:21.43876):0.905791,(COLST:9.0,MERNU:10.981468):0.905791):0.0;

Symmetric difference: 2

******* Test case - 4 *******
Reference: [&R] (((PICPU:11.140058,FALPE:10.035583):1.652992,PHALE:9.849049):0.100771,(MESUN:9.952638,PODCR:16.0):0.053602):19.337989;

Estimated: [&R] ((PHALE:9.849049,(MESUN:9.952638,PODCR:16.0):0.154373):0.826496,(PICPU:11.140058,FALPE:10.035583):0.826496):0.0;

Symmetric difference: 2

******* Test case - 5 *******
Reference: [&R] ((((COLST:9.0,BUCRH:10.567772):0.15859,CORBR:28.310809):1.652992,PHALE:9.849049):0.100771,PTEGU:10.00624):19.337989;

Estimated: [&R] ((CORBR:28.310809,(PHALE:9.849049,PTEGU:10.107011):1.652992):0.079295,(COLST:9.0,BUCRH:10.567772):0.079295):0.0;

Symmetric difference: 4

******* Test case - 6 *******
Reference: [&R] (((MERNU:11.140058,MANVI:21.310809):1.652992,(EGRGA:11.364487,PYGAD:16.422716):1.80717):0.100771,PHORU:16.053602):19.337989;

Estimated: [&R] (((EGRGA:11.364487,PYGAD:16.422716):1.80717,PHORU:16.154373):0.826496,(MERNU:11.140058,MANVI:21.310809):0.826496):0.0;

Symmetric difference: 2

******* Test case - 7 *******
Reference: [&R] (STRCA:9.0,((LEPDI:9.798295,(ACACH:15.895577,MELUN:16.0):1.316483):1.652992,APTFO:18.229886):19.43876);

Estimated: [&R] (((APTFO:18.229886,STRCA:28.43876):1.652992,LEPDI:9.798295):0.658242,(ACACH:15.895577,MELUN:16.0):0.658242):0.0;

Symmetric difference: 4

******* Test case - 8 *******
Reference: [&R] ((CUCCA:9.0,TAUER:9.132025):0.197476,(CHAPE:17.401965,(OPHHO:9.0,PHALE:9.838362):0.028708):0.019129):19.40161;

Estimated: [&R] ((CUCCA:9.0,TAUER:9.132025):0.108303,(CHAPE:17.401965,(OPHHO:9.0,PHALE:9.838362):0.028708):0.108303):0.0;

Symmetric difference: 0

******* Test case - 9 *******
Reference: [&R] ((CALAN:17.401965,((ACACH:9.0,CORBR:20.098749):9.865052,EGRGA:13.171657):0.018021):5.420739,GALGA:15.09548):14.0;

Estimated: [&R] ((EGRGA:13.171657,(GALGA:20.516219,CALAN:17.401965):0.018021):4.932526,(ACACH:9.0,CORBR:20.098749):4.932526):0.0;

Symmetric difference: 4

******* Test case - 10 *******
Reference: [&R] ((HALLE:16.975257,(MERNU:11.140058,(FALPE:9.0,GEOFO:34.275226):1.035583):0.075049):1.577943,PYGAD:18.229886):19.43876;

Estimated: [&R] (((PYGAD:19.807829,HALLE:16.975257):0.075049,MERNU:11.140058):0.517791,(FALPE:9.0,GEOFO:34.275226):0.517791):0.0;

Symmetric difference: 4

******* Test case - 11 *******
Reference: [&R] ((CHAPE:17.401965,(PICPU:11.140058,(FALPE:9.0,CORBR:27.275226):1.035583):1.671013):0.08275,PODCR:16.053602):19.337989;

Estimated: [&R] ((PODCR:16.136352,CHAPE:17.401965):0.835507,(PICPU:11.140058,(FALPE:9.0,CORBR:27.275226):1.035583):0.835507):0.0;

Symmetric difference: 2

******* Test case - 12 *******
Reference: [&R] ((CAPCA:9.0,CHAPE:16.0):1.401965,((PICPU:11.140058,GEOFO:35.310809):1.652992,EGRGA:13.171657):0.018021):19.420739;

Estimated: [&R] ((EGRGA:13.171657,(CAPCA:9.0,CHAPE:16.0):1.419986):0.826496,(PICPU:11.140058,GEOFO:35.310809):0.826496):0.0;

Symmetric difference: 2

******* Test case - 13 *******
Reference: [&R] ((CHAVO:9.216839,((MESUN:9.0,PTEGU:9.0):0.952638,PHORU:16.0):0.053602):5.337989,MELGA:15.09548):14.0;

Estimated: [&R] ((PHORU:16.0,(MELGA:20.433469,CHAVO:9.216839):0.053602):0.476319,(MESUN:9.0,PTEGU:9.0):0.476319):0.0;

Symmetric difference: 4

******* Test case - 14 *******
Reference: [&R] ((CHLUN:9.329501,((APAVI:10.066238,MANVI:21.310809):1.652992,PHACA:12.004829):0.03715):5.40161,ANAPL:13.778066):14.0;

Estimated: [&R] ((PHACA:12.004829,(ANAPL:19.179676,CHLUN:9.329501):0.03715):0.826496,(APAVI:10.066238,MANVI:21.310809):0.826496):0.0;

Symmetric difference: 4

******* Test case - 15 *******
Reference: [&R] (CUCCA:9.197476,(CAPCA:10.401965,(FALPE:11.688575,(PELCR:13.160969,CHAVO:9.10538):0.010688):0.018021):0.019129):19.40161;

Estimated: [&R] ((CUCCA:9.216605,CAPCA:10.401965):0.00901,(FALPE:11.688575,(PELCR:13.160969,CHAVO:9.10538):0.010688):0.00901):0.0;

Symmetric difference: 2

******* Test case - 16 *******
Reference: [&R] (CHLUN:9.329501,(TYTAL:9.08516,(PICPU:11.140058,(CORBR:9.0,GEOFO:16.0):19.310809):0.075049):1.615093):19.40161;

Estimated: [&R] (GEOFO:8.0,(((CHLUN:10.944594,TYTAL:9.08516):0.075049,PICPU:11.140058):19.310809,CORBR:9.0):8.0):0.0;

Symmetric difference: 6

******* Test case - 17 *******
Reference: [&R] ((CHLUN:9.329501,((COLST:9.0,APAVI:9.907648):1.811582,NIPNI:12.780574):0.03715):5.40161,GALGA:15.09548):14.0;

Estimated: [&R] ((NIPNI:12.780574,(GALGA:20.49709,CHLUN:9.329501):0.03715):0.905791,(COLST:9.0,APAVI:9.907648):0.905791):0.0;

Symmetric difference: 4

******* Test case - 18 *******
Reference: [&R] ((CHLUN:9.329501,((HALAL:16.975257,NESNO:17.391532):1.577943,CHAVO:9.116068):0.03715):0.063621,COLLI:9.122859):19.337989;

Estimated: [&R] ((CHAVO:9.116068,(COLLI:9.18648,CHLUN:9.329501):0.03715):0.788972,(HALAL:16.975257,NESNO:17.391532):0.788972):0.0;

Symmetric difference: 4

******* Test case - 19 *******
Reference: [&R] (STRCA:9.0,((TAUER:9.329501,(APTFO:18.180699,EURHE:9.799862):0.086337):0.063621,PTEGU:10.00624):19.337989);

Estimated: [&R] ((PTEGU:10.00624,STRCA:28.337989):0.03181,(TAUER:9.329501,(APTFO:18.180699,EURHE:9.799862):0.086337):0.03181):0.0;

Symmetric difference: 2

******* Test case - 20 *******
Reference: [&R] (TINMA:9.0,((CAPCA:10.401965,(MELUN:18.969475,EURHE:9.849049):0.018021):0.08275,PHORU:16.053602):12.337989):7.0;

Estimated: [&R] ((PHORU:16.053602,TINMA:21.337989):0.041375,(CAPCA:10.401965,(MELUN:18.969475,EURHE:9.849049):0.018021):0.041375):0.0;

Symmetric difference: 2

******* Test case - 21 *******
Reference: [&R] ((CAPCA:9.0,CALAN:16.0):1.401965,((HALLE:16.975257,MELUN:17.391532):1.577943,PHALE:9.849049):0.018021):19.420739;

Estimated: [&R] ((CAPCA:9.0,CALAN:16.0):0.709993,((HALLE:16.975257,MELUN:17.391532):1.577943,PHALE:9.849049):0.709993):0.0;

Symmetric difference: 0

******* Test case - 22 *******
Reference: [&R] (((CHAPE:17.401965,(TYTAL:10.663103,OPHHO:9.010687):0.018021):0.08275,COLLI:9.122859):5.337989,ANAPL:13.778066):14.0;

Estimated: [&R] ((COLLI:9.122859,ANAPL:19.116055):0.041375,(CHAPE:17.401965,(TYTAL:10.663103,OPHHO:9.010687):0.018021):0.041375):0.0;

Symmetric difference: 2

******* Test case - 23 *******
Reference: [&R] ((CHLUN:9.329501,(CATAU:11.5532,(APTFO:18.180699,EURHE:9.799862):0.049187):0.03715):5.40161,MELGA:15.09548):14.0;

Estimated: [&R] (EURHE:4.899931,(((MELGA:20.49709,CHLUN:9.329501):0.03715,CATAU:11.5532):0.049187,APTFO:18.180699):4.899931):0.0;

Symmetric difference: 6

******* Test case - 24 *******
Reference: [&R] ((CAPCA:10.401965,((APAVI:10.066238,TAEGU:35.310809):1.652992,EURHE:9.849049):0.018021):0.08275,PTEGU:10.00624):19.337989;

Estimated: [&R] ((EURHE:9.849049,(PTEGU:10.08899,CAPCA:10.401965):0.018021):0.826496,(APAVI:10.066238,TAEGU:35.310809):0.826496):0.0;

Symmetric difference: 4

******* Test case - 25 *******
Reference: [&R] (((HALLE:16.975257,(BUCRH:9.0,MERNU:9.413696):1.801411):1.577943,CHAVO:9.116068):0.100771,PODCR:16.053602):19.337989;

Estimated: [&R] (((CHAVO:9.116068,PODCR:16.154373):1.577943,HALLE:16.975257):0.900706,(BUCRH:9.0,MERNU:9.413696):0.900706):0.0;

Symmetric difference: 4

******* Test case - 26 *******
Reference: [&R] (TINMA:9.0,(TAUER:9.329501,((APAVI:10.066238,MANVI:21.310809):1.652992,EGRGA:13.171657):0.03715):12.40161):7.0;

Estimated: [&R] ((EGRGA:13.171657,(TINMA:21.40161,TAUER:9.329501):0.03715):0.826496,(APAVI:10.066238,MANVI:21.310809):0.826496):0.0;

Symmetric difference: 4

******* Test case - 27 *******
Reference: [&R] ((LEPDI:9.798295,(GEOFO:33.994326,MELUN:16.0):1.316483):1.652992,(NIPNI:10.973404,APTFO:16.422716):1.80717):19.43876;

Estimated: [&R] (GEOFO:16.997163,(MELUN:16.0,((NIPNI:10.973404,APTFO:16.422716):3.460162,LEPDI:9.798295):1.316483):16.997163):0.0;

Symmetric difference: 4

******* Test case - 28 *******
Reference: [&R] ((CHAPE:17.401965,(HALLE:18.5532,(PELCR:13.160969,CHAVO:9.10538):0.010688):0.018021):0.08275,MESUN:10.00624):19.337989;

Estimated: [&R] ((MESUN:10.08899,CHAPE:17.401965):0.00901,(HALLE:18.5532,(PELCR:13.160969,CHAVO:9.10538):0.010688):0.00901):0.0;

Symmetric difference: 2

******* Test case - 29 *******
Reference: [&R] (TINMA:9.0,(((CHAPE:17.401965,PHACA:12.02285):0.08275,MESUN:10.00624):5.337989,GALGA:15.09548):7.0):7.0;

Estimated: [&R] ((GALGA:15.09548,TINMA:16.0):2.668995,((CHAPE:17.401965,PHACA:12.02285):0.08275,MESUN:10.00624):2.668995):0.0;

Symmetric difference: 2

******* Test case - 30 *******
Reference: [&R] ((TAUER:9.329501,PICPU:12.8302):0.063621,((COLLI:9.0,PTEGU:9.883381):0.069257,PODCR:16.0):0.053602):19.337989;

Estimated: [&R] ((TAUER:9.329501,PICPU:12.8302):0.058611,((COLLI:9.0,PTEGU:9.883381):0.069257,PODCR:16.0):0.058611):0.0;

Symmetric difference: 0

******* Test case - 31 *******
Reference: [&R] (TINMA:9.0,(CUCCA:9.197476,(CATAU:11.5532,(PELCR:13.160969,BALRE:9.10538):0.010688):0.03715):12.40161):7.0;

Estimated: [&R] ((TINMA:21.40161,CUCCA:9.197476):0.018575,(CATAU:11.5532,(PELCR:13.160969,BALRE:9.10538):0.010688):0.018575):0.0;

Symmetric difference: 2

******* Test case - 32 *******
Reference: [&R] ((GEOFO:36.963801,OPHHO:9.010687):0.100771,((COLLI:9.0,PTEGU:9.883381):0.069257,PHORU:16.0):0.053602):19.337989;

Estimated: [&R] (GEOFO:18.4819,(OPHHO:9.010687,((COLLI:9.0,PTEGU:9.883381):0.069257,PHORU:16.0):0.154373):18.4819):0.0;

Symmetric difference: 2

******* Test case - 33 *******
Reference: [&R] (CALAN:17.401965,(COLST:9.15859,(CARCR:9.0,(CORBR:26.994326,MELUN:16.0):0.830449):0.486034):1.671013):19.420739;

Estimated: [&R] ((CALAN:19.072978,COLST:9.15859):0.243017,(CARCR:9.0,(CORBR:26.994326,MELUN:16.0):0.830449):0.243017):0.0;

Symmetric difference: 2

******* Test case - 34 *******
Reference: [&R] ((((HALLE:9.0,HALAL:9.0):9.5532,BALRE:9.116068):0.100771,PODCR:16.053602):5.337989,ANAPL:13.778066):14.0;

Estimated: [&R] (ANAPL:9.558028,(((HALLE:9.0,HALAL:9.0):9.5532,BALRE:9.116068):0.100771,PODCR:16.053602):9.558028):0.0;

Symmetric difference: 0

******* Test case - 35 *******
Reference: [&R] (CUCCA:9.197476,(((COLST:9.0,BUCRH:10.567772):0.15859,GEOFO:35.310809):1.652992,NIPNI:12.780574):0.03715):19.40161;

Estimated: [&R] ((GEOFO:35.310809,(NIPNI:12.780574,CUCCA:9.234626):1.652992):0.079295,(COLST:9.0,BUCRH:10.567772):0.079295):0.0;

Symmetric difference: 4

******* Test case - 36 *******
Reference: [&R] (CUCCA:9.197476,(CHAPE:17.401965,(GEOFO:36.963801,(OPHHO:9.0,CHAVO:9.105381):0.010687):0.018021):0.019129):19.40161;

Estimated: [&R] ((CUCCA:9.216605,CHAPE:17.401965):0.00901,(GEOFO:36.963801,(OPHHO:9.0,CHAVO:9.105381):0.010687):0.00901):0.0;

Symmetric difference: 2

******* Test case - 37 *******
Reference: [&R] ((HALLE:16.975257,((LEPDI:9.0,MERNU:10.341763):0.798295,NESNO:17.316483):0.075049):1.577943,FULGL:11.229886):19.43876;

Estimated: [&R] (MERNU:5.170882,((NESNO:17.316483,(FULGL:12.807829,HALLE:16.975257):0.075049):0.798295,LEPDI:9.0):5.170882):0.0;

Symmetric difference: 6

******* Test case - 38 *******
Reference: [&R] (TINMA:9.0,((COLST:9.15859,(MANVI:9.0,GEOFO:23.0):12.310809):1.652992,EGRGA:13.171657):12.43876):7.0;

Estimated: [&R] (((EGRGA:13.171657,TINMA:21.43876):1.652992,COLST:9.15859):6.155405,(MANVI:9.0,GEOFO:23.0):6.155405):0.0;

Symmetric difference: 4

******* Test case - 39 *******
Reference: [&R] ((HALAL:16.975257,ACACH:17.287109):1.577943,(OPHHO:9.0,(GAVST:9.0,APTFO:17.523828):0.695371):0.010687):19.43876;

Estimated: [&R] ((HALAL:16.975257,ACACH:17.287109):0.794315,(OPHHO:9.0,(GAVST:9.0,APTFO:17.523828):0.695371):0.794315):0.0;

Symmetric difference: 0

******* Test case - 40 *******
Reference: [&R] (((MERNU:11.140058,(MELUN:9.0,NESNO:9.0):8.316483):1.753763,COLLI:9.122859):5.337989,MELGA:15.09548):14.0;

Estimated: [&R] ((COLLI:9.122859,MELGA:20.433469):0.876881,(MERNU:11.140058,(MELUN:9.0,NESNO:9.0):8.316483):0.876881):0.0;

Symmetric difference: 2

******* Test case - 41 *******
Reference: [&R] (((COLST:10.811582,(PHALE:9.838361,CHAVO:9.10538):0.010688):0.100771,PODCR:16.053602):5.337989,GALGA:15.09548):14.0;

Estimated: [&R] (((PODCR:16.053602,GALGA:20.433469):0.100771,COLST:10.811582):0.005344,(PHALE:9.838361,CHAVO:9.10538):0.005344):0.0;

Symmetric difference: 4

******* Test case - 42 *******
Reference: [&R] ((CATAU:9.975257,APAVI:10.141287):1.678714,((COLLI:9.0,MESUN:9.883381):0.069257,PODCR:16.0):0.053602):19.337989;

Estimated: [&R] ((PODCR:16.0,(CATAU:9.975257,APAVI:10.141287):1.732316):0.034628,(COLLI:9.0,MESUN:9.883381):0.034628):0.0;

Symmetric difference: 2

******* Test case - 43 *******
Reference: [&R] (CUCCA:9.197476,(CHAPE:17.401965,(FALPE:11.688575,(OPHHO:9.0,APTFO:18.219199):0.010687):0.018021):0.019129):19.40161;

Estimated: [&R] ((CUCCA:9.216605,CHAPE:17.401965):0.00901,(FALPE:11.688575,(OPHHO:9.0,APTFO:18.219199):0.010687):0.00901):0.0;

Symmetric difference: 2

******* Test case - 44 *******
Reference: [&R] (STRCA:9.0,((MANVI:22.963801,(OPHHO:9.0,CHAVO:9.105381):0.010687):0.100771,PTEGU:10.00624):19.337989);

Estimated: [&R] ((PTEGU:10.00624,STRCA:28.337989):0.050385,(MANVI:22.963801,(OPHHO:9.0,CHAVO:9.105381):0.010687):0.050385):0.0;

Symmetric difference: 2

******* Test case - 45 *******
Reference: [&R] (TAUER:9.329501,(CALAN:17.401965,((LEPDI:9.798295,FALPE:10.035583):1.652992,PHACA:12.004829):0.018021):0.019129):19.40161;

Estimated: [&R] ((PHACA:12.004829,(TAUER:9.34863,CALAN:17.401965):0.018021):0.826496,(LEPDI:9.798295,FALPE:10.035583):0.826496):0.0;

Symmetric difference: 4

******* Test case - 46 *******
Reference: [&R] ((HALLE:16.975257,(COLST:9.15859,(MANVI:9.0,TAEGU:23.0):12.310809):0.075049):1.577943,CHAVO:9.116068):19.43876;

Estimated: [&R] (((CHAVO:10.694011,HALLE:16.975257):0.075049,COLST:9.15859):6.155405,(MANVI:9.0,TAEGU:23.0):6.155405):0.0;

Symmetric difference: 4

******* Test case - 47 *******
Reference: [&R] (((HALLE:16.975257,(PICPU:11.140058,CARCR:9.486034):0.075049):1.577943,PHACA:12.004829):0.100771,COLLI:9.122859):19.337989;

Estimated: [&R] ((PHACA:12.004829,COLLI:9.22363):0.788972,(HALLE:16.975257,(PICPU:11.140058,CARCR:9.486034):0.075049):0.788972):0.0;

Symmetric difference: 2

******* Test case - 48 *******
Reference: [&R] ((((TAEGU:33.994326,MELUN:16.0):2.969475,EGRGA:13.171657):0.100771,PODCR:16.053602):5.337989,GALGA:15.09548):14.0;

Estimated: [&R] (TAEGU:16.997163,(MELUN:16.0,(EGRGA:13.171657,(PODCR:16.053602,GALGA:20.433469):0.100771):2.969475):16.997163):0.0;

Symmetric difference: 6

******* Test case - 49 *******
Reference: [&R] ((CAPCA:10.401965,(MELUN:18.969475,(PYGAD:18.219198,CHAVO:9.10538):0.010688):0.018021):5.420739,GALGA:15.09548):14.0;

Estimated: [&R] ((GALGA:20.516219,CAPCA:10.401965):0.00901,(MELUN:18.969475,(PYGAD:18.219198,CHAVO:9.10538):0.010688):0.00901):0.0;

Symmetric difference: 2

******* Test case - 50 *******
Reference: [&R] (STRCA:9.0,(((CARCR:9.0,GEOFO:34.824775):2.139026,OPHHO:9.010687):5.43876,GALGA:15.09548):14.0);

Estimated: [&R] ((GALGA:15.09548,STRCA:23.0):2.71938,((CARCR:9.0,GEOFO:34.824775):2.139026,OPHHO:9.010687):2.71938):0.0;

Symmetric difference: 2

******* Test case - 51 *******
Reference: [&R] (TINMA:9.0,((HALLE:16.975257,TAEGU:35.385858):1.577943,(PHACA:11.994141,BALRE:9.10538):0.010688):12.43876):7.0;

Estimated: [&R] (((PHACA:11.994141,BALRE:9.10538):0.010688,TINMA:21.43876):0.788972,(HALLE:16.975257,TAEGU:35.385858):0.788972):0.0;

Symmetric difference: 2

******* Test case - 52 *******
Reference: [&R] (TINMA:9.0,(((TYTAL:9.0,CATAU:9.890097):0.08516,MERNU:11.215107):7.016703,MELGA:15.09548):7.0):7.0;

Estimated: [&R] (TINMA:8.0,(((TYTAL:9.0,CATAU:9.890097):0.08516,MERNU:11.215107):7.016703,MELGA:15.09548):8.0):0.0;

Symmetric difference: 0

******* Test case - 53 *******
Reference: [&R] ((CALAN:17.401965,((PELCR:9.0,EGRGA:9.0):2.364487,FULGL:9.422716):1.825191):5.420739,ANAPL:13.778066):14.0;

Estimated: [&R] ((ANAPL:19.198805,CALAN:17.401965):0.912596,((PELCR:9.0,EGRGA:9.0):2.364487,FULGL:9.422716):0.912596):0.0;

Symmetric difference: 2

******* Test case - 54 *******
Reference: [&R] ((CHLUN:9.329501,(APAVI:11.71923,PYGAD:18.229886):0.03715):5.40161,(MELGA:10.317414,ANAPL:9.0):4.778066):14.0;

Estimated: [&R] ((CHLUN:9.329501,(APAVI:11.71923,PYGAD:18.229886):0.03715):5.089838,(MELGA:10.317414,ANAPL:9.0):5.089838):0.0;

Symmetric difference: 0

******* Test case - 55 *******
Reference: [&R] ((CATAU:9.975257,((APAVI:9.0,MERNU:10.07382):1.066238,MANVI:21.310809):0.075049):1.577943,CHAVO:9.116068):19.43876;

Estimated: [&R] ((MANVI:21.310809,(CHAVO:10.694011,CATAU:9.975257):0.075049):0.533119,(APAVI:9.0,MERNU:10.07382):0.533119):0.0;

Symmetric difference: 4

******* Test case - 56 *******
Reference: [&R] ((CUCCA:9.197476,(NESNO:18.969475,GAVST:9.706058):0.03715):5.40161,(MELGA:10.317414,ANAPL:9.0):4.778066):14.0;

Estimated: [&R] ((CUCCA:9.197476,(NESNO:18.969475,GAVST:9.706058):0.03715):5.089838,(MELGA:10.317414,ANAPL:9.0):5.089838):0.0;

Symmetric difference: 0

******* Test case - 57 *******
Reference: [&R] (TAUER:9.329501,(CHAPE:17.401965,(MELUN:18.969475,(PELCR:11.364487,APTFO:16.422716):1.80717):0.018021):0.019129):19.40161;

Estimated: [&R] ((TAUER:9.34863,CHAPE:17.401965):0.00901,(MELUN:18.969475,(PELCR:11.364487,APTFO:16.422716):1.80717):0.00901):0.0;

Symmetric difference: 2

******* Test case - 58 *******
Reference: [&R] ((LEPDI:9.798295,(MANVI:9.0,(TAEGU:9.0,GEOFO:9.0):14.0):12.310809):1.652992,EURHE:9.849049):19.43876;

Estimated: [&R] ((EURHE:11.502041,LEPDI:9.798295):6.155405,(MANVI:9.0,(TAEGU:9.0,GEOFO:9.0):14.0):6.155405):0.0;

Symmetric difference: 2

******* Test case - 59 *******
Reference: [&R] ((CHLUN:9.329501,((LEPDI:9.0,BUCRH:9.928067):2.451287,GAVST:9.706058):0.03715):5.40161,ANAPL:13.778066):14.0;

Estimated: [&R] ((GAVST:9.706058,(ANAPL:19.179676,CHLUN:9.329501):0.03715):1.225644,(LEPDI:9.0,BUCRH:9.928067):1.225644):0.0;

Symmetric difference: 4

******* Test case - 60 *******
Reference: [&R] (((HALAL:16.975257,PICPU:11.215107):1.577943,(OPHHO:9.0,PHACA:11.994142):0.010687):0.100771,MESUN:10.00624):19.337989;

Estimated: [&R] (((OPHHO:9.0,PHACA:11.994142):0.010687,MESUN:10.107011):0.788972,(HALAL:16.975257,PICPU:11.215107):0.788972):0.0;

Symmetric difference: 2

******* Test case - 61 *******
Reference: [&R] (HALLE:18.5532,(((PHACA:9.0,NIPNI:9.775745):1.197659,PYGAD:16.422716):1.796482,BALRE:9.10538):0.010688):19.43876;

Estimated: [&R] ((PYGAD:16.422716,(BALRE:9.10538,HALLE:18.563888):1.796482):0.59883,(PHACA:9.0,NIPNI:9.775745):0.59883):0.0;

Symmetric difference: 4

******* Test case - 62 *******
Reference: [&R] (((TYTAL:9.0,HALLE:16.890097):0.08516,GEOFO:35.385858):1.577943,(NIPNI:10.973404,APTFO:16.422716):1.80717):19.43876;

Estimated: [&R] (GEOFO:17.692929,((NIPNI:10.973404,APTFO:16.422716):3.385113,(TYTAL:9.0,HALLE:16.890097):0.08516):17.692929):0.0;

Symmetric difference: 2

******* Test case - 63 *******
Reference: [&R] (((BUCRH:10.726362,CORBR:28.310809):1.652992,(PHACA:9.0,NIPNI:9.775745):3.004829):0.100771,PHORU:16.053602):19.337989;

Estimated: [&R] (((PHACA:9.0,NIPNI:9.775745):3.004829,PHORU:16.154373):0.826496,(BUCRH:10.726362,CORBR:28.310809):0.826496):0.0;

Symmetric difference: 2

