******* Test case - 1 *******
Reference: [&R] ((CATAU:11.5532,((PHALE:9.0,EURHE:9.0):0.8383609999999999,CHAVO:9.10538):0.010688):0.100771,COLLI:9.122859):19.337989;

Estimated: [&R] (EURHE:4.5,((CHAVO:9.10538,(COLLI:9.22363,CATAU:11.5532):0.010688):0.838361,PHALE:9.0):4.5):0.0;

Symmetric difference: 6

******* Test case - 2 *******
Reference: [&R] (TINMA:9.0,(((MANVI:22.963801,NIPNI:12.780574000000001):0.100771,PODCR:16.053602):5.337989,MELGA:15.095479999999998):7.0):7.0;

Estimated: [&R] (TINMA:8.0,(((MANVI:22.963801,NIPNI:12.780574):0.100771,PODCR:16.053602):5.337989,MELGA:15.09548):8.0):0.0;

Symmetric difference: 0

******* Test case - 3 *******
Reference: [&R] (TAUER:9.329501,(CAPCA:10.401965,((COLST:9.0,APAVI:9.907648):0.15859,NESNO:17.316482999999998):1.671013):0.019129):19.40161;

Estimated: [&R] (APAVI:4.953824,((NESNO:17.316483,(TAUER:9.34863,CAPCA:10.401965):1.671013):0.15859,COLST:9.0):4.953824):0.0;

Symmetric difference: 6

******* Test case - 4 *******
Reference: [&R] ((HALLE:16.975257,APAVI:10.141287):1.577943,((GAVST:9.0,PYGAD:17.523828):0.656871,PHALE:9.799862):0.049187):19.438760000000002;

Estimated: [&R] (GAVST:4.5,(PYGAD:17.523828,(PHALE:9.799862,(HALLE:16.975257,APAVI:10.141287):1.62713):0.656871):4.5):0.0;

Symmetric difference: 4

******* Test case - 5 *******
Reference: [&R] (TAUER:9.329501,(((TYTAL:9.0,CATAU:9.890097):0.08516,CORBR:28.385857999999995):1.577943,EGRGA:13.171657000000002):0.03715):19.40161;

Estimated: [&R] (EGRGA:6.585829,(TAUER:9.366651,((TYTAL:9.0,CATAU:9.890097):0.08516,CORBR:28.385858):1.577943):6.585829):0.0;

Symmetric difference: 2

******* Test case - 6 *******
Reference: [&R] ((MERNU:12.79305,(FULGL:9.0,(PYGAD:9.0,APTFO:9.0):7.0):2.2298859999999996):5.43876,ANAPL:13.778065999999999):14.0;

Estimated: [&R] (ANAPL:9.608413,(MERNU:12.79305,(FULGL:9.0,(PYGAD:9.0,APTFO:9.0):7.0):2.229886):9.608413):0.0;

Symmetric difference: 0

******* Test case - 7 *******
Reference: [&R] ((CUCCA:9.197476,((APAVI:10.066238,NESNO:17.316482999999998):1.652992,NIPNI:12.780574000000001):0.03715):0.063621,PTEGU:10.00624):19.337989;

Estimated: [&R] (APAVI:5.033119,(NESNO:17.316483,(NIPNI:12.780574,(PTEGU:10.069861,CUCCA:9.197476):0.03715):1.652992):5.033119):0.0;

Symmetric difference: 6

******* Test case - 8 *******
Reference: [&R] ((COLST:9.15859,(CARCR:9.0,(TAEGU:33.994326,MELUN:16.0):0.830449):0.486034):1.753763,PODCR:16.053602):19.337989;

Estimated: [&R] (TAEGU:16.997163,(MELUN:16.0,((PODCR:17.807365,COLST:9.15859):0.486034,CARCR:9.0):0.830449):16.997163):0.0;

Symmetric difference: 6

******* Test case - 9 *******
Reference: [&R] (TAUER:9.329501,((CATAU:9.975257000000001,APAVI:10.141287):1.577943,(FULGL:11.219198,CHAVO:9.10538):0.010688):0.03715):19.40161;

Estimated: [&R] (APAVI:5.070644,(((FULGL:11.219198,CHAVO:9.10538):0.010688,TAUER:9.366651):1.577943,CATAU:9.975257):5.070644):0.0;

Symmetric difference: 4

******* Test case - 10 *******
Reference: [&R] (TINMA:9.0,(((APAVI:9.0,PICPU:10.07382):2.71923,EURHE:9.849048999999999):0.100771,PHORU:16.053602):12.337989):7.0;

Estimated: [&R] (PICPU:5.03691,((EURHE:9.849049,(PHORU:16.053602,TINMA:21.337989):0.100771):2.71923,APAVI:9.0):5.03691):0.0;

Symmetric difference: 6

******* Test case - 11 *******
Reference: [&R] ((CHLUN:9.329501,(CORBR:29.963800999999997,(OPHHO:9.0,NIPNI:12.769887):0.010687):0.03715):0.063621,PODCR:16.053602):19.337989;

Estimated: [&R] (CHLUN:4.664751,((CORBR:29.963801,(OPHHO:9.0,NIPNI:12.769887):0.010687):0.03715,PODCR:16.117223):4.664751):0.0;

Symmetric difference: 2

******* Test case - 12 *******
Reference: [&R] ((TYTAL:9.08516,(BUCRH:10.726362,FALPE:10.035583):0.075049):1.577943,(GAVST:9.656871,EURHE:9.799862):0.049187):19.438760000000002;

Estimated: [&R] (BUCRH:5.363181,(FALPE:10.035583,((GAVST:9.656871,EURHE:9.799862):1.62713,TYTAL:9.08516):0.075049):5.363181):0.0;

Symmetric difference: 4

******* Test case - 13 *******
Reference: [&R] ((CUCCA:9.0,CHLUN:9.132025):0.197476,(CAPCA:10.401965,(ACACH:9.0,GEOFO:27.098748999999998):9.883072999999998):0.019129):19.40161;

Estimated: [&R] ((ACACH:9.0,GEOFO:27.098749):4.941536,((CUCCA:9.0,CHLUN:9.132025):0.216605,CAPCA:10.401965):4.941536):0.0;

Symmetric difference: 2

******* Test case - 14 *******
Reference: [&R] (TINMA:9.0,((APAVI:10.066238,MANVI:21.310809):1.652992,(EGRGA:13.122470000000002,PHALE:9.799862):0.049187):12.43876):7.0;

Estimated: [&R] (TINMA:10.71938,((APAVI:10.066238,MANVI:21.310809):1.652992,(EGRGA:13.12247,PHALE:9.799862):0.049187):10.71938):0.0;

Symmetric difference: 0

******* Test case - 15 *******
Reference: [&R] ((CAPCA:10.401965,(TAEGU:36.963801,(FULGL:11.180699,EURHE:9.799862):0.049187):0.018021):5.420739,MELGA:15.095479999999998):14.0;

Estimated: [&R] ((MELGA:20.516219,CAPCA:10.401965):0.00901,(TAEGU:36.963801,(FULGL:11.180699,EURHE:9.799862):0.049187):0.00901):0.0;

Symmetric difference: 2

******* Test case - 16 *******
Reference: [&R] (TINMA:9.0,(((CUCCA:9.197476,PHALE:9.886198999999998):0.063621,COLLI:9.122859):5.337989,MELGA:15.095479999999998):7.0):7.0;

Estimated: [&R] (TINMA:8.0,(((CUCCA:9.197476,PHALE:9.886199):0.063621,COLLI:9.122859):5.337989,MELGA:15.09548):8.0):0.0;

Symmetric difference: 0

******* Test case - 17 *******
Reference: [&R] ((CUCCA:9.197476,(CHAPE:17.401965,(CATAU:9.975257000000001,APAVI:10.141287):1.5959640000000002):0.019129):5.401610000000001,GALGA:15.095479999999998):14.0;

Estimated: [&R] (CUCCA:4.598738,((CHAPE:17.401965,(CATAU:9.975257,APAVI:10.141287):1.595964):0.019129,GALGA:20.49709):4.598738):0.0;

Symmetric difference: 2

******* Test case - 18 *******
Reference: [&R] ((TAUER:9.329501,(CAPCA:10.401965,(FALPE:11.688575,BALRE:9.116068):0.018021):0.019129):0.063621,MESUN:10.00624):19.337989;

Estimated: [&R] ((MESUN:10.069861,TAUER:9.329501):0.009565,(CAPCA:10.401965,(FALPE:11.688575,BALRE:9.116068):0.018021):0.009565):0.0;

Symmetric difference: 2

******* Test case - 19 *******
Reference: [&R] (TAUER:9.329501,(((TYTAL:9.0,HALAL:16.890097):0.08516,COLST:9.233639):1.577943,PHALE:9.849048999999999):0.03715):19.40161;

Estimated: [&R] (COLST:4.61682,((PHALE:9.849049,TAUER:9.366651):1.577943,(TYTAL:9.0,HALAL:16.890097):0.08516):4.61682):0.0;

Symmetric difference: 4

******* Test case - 20 *******
Reference: [&R] ((CATAU:9.975257000000001,(PICPU:11.140058,(TAEGU:33.994326,MELUN:16.0):1.316483):0.075049):1.577943,OPHHO:9.010687):19.438760000000002;

Estimated: [&R] (TAEGU:16.997163,(MELUN:16.0,((OPHHO:10.58863,CATAU:9.975257):0.075049,PICPU:11.140058):1.316483):16.997163):0.0;

Symmetric difference: 6

******* Test case - 21 *******
Reference: [&R] ((LEPDI:9.0,(BUCRH:9.0,MERNU:9.413696):0.928067):2.451287,(FULGL:11.219198,BALRE:9.10538):0.010688):19.438760000000002;

Estimated: [&R] (MERNU:4.706848,(((FULGL:11.219198,BALRE:9.10538):2.461975,LEPDI:9.0):0.928067,BUCRH:9.0):4.706848):0.0;

Symmetric difference: 4

******* Test case - 22 *******
Reference: [&R] ((((CAPCA:9.0,CALAN:16.0):1.401965,GAVST:9.724079):0.08274999999999999,COLLI:9.122859):5.337989,GALGA:15.095479999999998):14.0;

Estimated: [&R] (CALAN:8.0,((GAVST:9.724079,(COLLI:9.122859,GALGA:20.433469):0.08275):1.401965,CAPCA:9.0):8.0):0.0;

Symmetric difference: 6

******* Test case - 23 *******
Reference: [&R] (((COLST:9.0,APAVI:9.907648):0.15859,(ACACH:15.895577,MELUN:16.0):1.316483):1.652992,PYGAD:18.229886000000004):19.438760000000002;

Estimated: [&R] (PYGAD:9.941439,((COLST:9.0,APAVI:9.907648):0.15859,(ACACH:15.895577,MELUN:16.0):1.316483):9.941439):0.0;

Symmetric difference: 0

******* Test case - 24 *******
Reference: [&R] ((CHAPE:17.401965,(COLST:10.811582,(EGRGA:13.160969000000001,CHAVO:9.10538):0.010688):0.018021):5.420739,MELGA:15.095479999999998):14.0;

Estimated: [&R] (CHAPE:8.700983,((COLST:10.811582,(EGRGA:13.160969,CHAVO:9.10538):0.010688):0.018021,MELGA:20.516219):8.700983):0.0;

Symmetric difference: 2

******* Test case - 25 *******
Reference: [&R] (((ACACH:9.0,GEOFO:27.098748999999998):9.865051999999999,(EGRGA:13.160969000000001,BALRE:9.10538):0.010688):0.100771,COLLI:9.122859):19.337989;

Estimated: [&R] ((ACACH:9.0,GEOFO:27.098749):4.932526,((EGRGA:13.160969,BALRE:9.10538):0.010688,COLLI:9.22363):4.932526):0.0;

Symmetric difference: 2

******* Test case - 26 *******
Reference: [&R] ((((LEPDI:9.0,MERNU:10.341763):0.798295,CORBR:28.310808999999995):1.652992,CHAVO:9.116068):5.43876,MELGA:15.095479999999998):14.0;

Estimated: [&R] (CORBR:14.155404,((CHAVO:9.116068,MELGA:20.53424):1.652992,(LEPDI:9.0,MERNU:10.341763):0.798295):14.155404):0.0;

Symmetric difference: 4

******* Test case - 27 *******
Reference: [&R] (CUCCA:9.197476,(MERNU:12.79305,((GAVST:9.0,PHACA:11.298771):0.6953699999999999,CHAVO:9.10538):0.010688):0.03715):19.40161;

Estimated: [&R] (MERNU:6.396525,(((GAVST:9.0,PHACA:11.298771):0.69537,CHAVO:9.10538):0.010688,CUCCA:9.234626):6.396525):0.0;

Symmetric difference: 2

******* Test case - 28 *******
Reference: [&R] (((APAVI:9.0,MERNU:10.07382):1.066238,(CARCR:9.0,CORBR:27.824774999999995):0.486034):1.652992,BALRE:9.116068):19.438760000000002;

Estimated: [&R] (MERNU:5.03691,(((CARCR:9.0,CORBR:27.824775):0.486034,BALRE:10.76906):1.066238,APAVI:9.0):5.03691):0.0;

Symmetric difference: 4

******* Test case - 29 *******
Reference: [&R] (CHLUN:9.329501,((CALAN:9.0,CHAPE:9.0):8.401965,(EURHE:9.838360999999999,CHAVO:9.10538):0.028709):0.019129):19.40161;

Estimated: [&R] ((CALAN:9.0,CHAPE:9.0):4.200983,((EURHE:9.838361,CHAVO:9.10538):0.028709,CHLUN:9.34863):4.200983):0.0;

Symmetric difference: 2

******* Test case - 30 *******
Reference: [&R] (TAUER:9.329501,((HALLE:16.975257,ACACH:17.287108999999997):1.577943,(PHACA:10.197659,PYGAD:16.422716):1.80717):0.03715):19.40161;

Estimated: [&R] (TAUER:4.683326,((HALLE:16.975257,ACACH:17.287109):1.577943,(PHACA:10.197659,PYGAD:16.422716):1.80717):4.683326):0.0;

Symmetric difference: 0

******* Test case - 31 *******
Reference: [&R] (TINMA:9.0,(((COLST:9.0,PICPU:10.981468):1.811582,BALRE:9.116068):5.43876,MELGA:15.095479999999998):7.0):7.0;

Estimated: [&R] (PICPU:5.490734,((BALRE:9.116068,(MELGA:15.09548,TINMA:16.0):5.43876):1.811582,COLST:9.0):5.490734):0.0;

Symmetric difference: 6

******* Test case - 32 *******
Reference: [&R] ((CALAN:17.401965,(CARCR:9.0,(GEOFO:33.994326,NESNO:16.0):0.830449):2.1570470000000004):0.08274999999999999,COLLI:9.122859):19.337989;

Estimated: [&R] (CALAN:8.700983,((CARCR:9.0,(GEOFO:33.994326,NESNO:16.0):0.830449):2.157047,COLLI:9.205609):8.700983):0.0;

Symmetric difference: 2

******* Test case - 33 *******
Reference: [&R] ((CHLUN:9.329501,(CORBR:29.963800999999997,PELCR:13.171657000000002):0.03715):0.063621,(PTEGU:9.952638,PHORU:16.0):0.053602):19.337989;

Estimated: [&R] ((PTEGU:9.952638,PHORU:16.0):0.058611,(CHLUN:9.329501,(CORBR:29.963801,PELCR:13.171657):0.03715):0.058611):0.0;

Symmetric difference: 0

******* Test case - 34 *******
Reference: [&R] (((TYTAL:9.08516,(TAEGU:9.0,GEOFO:9.0):26.385857999999995):1.678714,COLLI:9.122859):5.337989,MELGA:15.095479999999998):14.0;

Estimated: [&R] ((TAEGU:9.0,GEOFO:9.0):13.192929,((COLLI:9.122859,MELGA:20.433469):1.678714,TYTAL:9.08516):13.192929):0.0;

Symmetric difference: 4

******* Test case - 35 *******
Reference: [&R] (CHAPE:17.401965,((TYTAL:9.08516,MERNU:11.215107):1.577943,(GAVST:9.0,PHACA:11.298771):0.706058):0.018021):19.420739;

Estimated: [&R] (CHAPE:8.709993,((TYTAL:9.08516,MERNU:11.215107):1.577943,(GAVST:9.0,PHACA:11.298771):0.706058):8.709993):0.0;

Symmetric difference: 0

******* Test case - 36 *******
Reference: [&R] ((CATAU:9.975257000000001,CORBR:28.385857999999995):1.577943,((PHACA:9.0,NIPNI:9.775745):2.994141,CHAVO:9.10538):0.010688):19.438760000000002;

Estimated: [&R] ((PHACA:9.0,NIPNI:9.775745):1.49707,(CHAVO:9.10538,(CATAU:9.975257,CORBR:28.385858):1.588631):1.49707):0.0;

Symmetric difference: 2

******* Test case - 37 *******
Reference: [&R] ((CATAU:11.5532,((PHACA:10.197659,FULGL:9.422716):1.757983,PHALE:9.799862):0.049187):0.100771,PHORU:16.053602):19.337989;

Estimated: [&R] ((PHORU:16.154373,CATAU:11.5532):0.024594,((PHACA:10.197659,FULGL:9.422716):1.757983,PHALE:9.799862):0.024594):0.0;

Symmetric difference: 2

******* Test case - 38 *******
Reference: [&R] ((BUCRH:10.726362,(FALPE:9.0,TAEGU:34.275226):1.035583):1.652992,(NIPNI:12.769886000000001,CHAVO:9.10538):0.010688):19.438760000000002;

Estimated: [&R] (TAEGU:17.137613,(((NIPNI:12.769886,CHAVO:9.10538):1.66368,BUCRH:10.726362):1.035583,FALPE:9.0):17.137613):0.0;

Symmetric difference: 4

******* Test case - 39 *******
Reference: [&R] ((NESNO:18.969475,((PHACA:9.0,EGRGA:10.166828):2.994141,BALRE:9.10538):0.010688):0.100771,PHORU:16.053602):19.337989;

Estimated: [&R] ((PHACA:9.0,EGRGA:10.166828):1.49707,(BALRE:9.10538,(PHORU:16.154373,NESNO:18.969475):0.010688):1.49707):0.0;

Symmetric difference: 4

******* Test case - 40 *******
Reference: [&R] ((CHLUN:9.329501,(ACACH:18.865052,(OPHHO:9.0,FULGL:11.219199):0.010687):0.03715):0.063621,PHORU:16.053602):19.337989;

Estimated: [&R] ((OPHHO:9.0,FULGL:11.219199):0.005344,((PHORU:16.117223,CHLUN:9.329501):0.03715,ACACH:18.865052):0.005344):0.0;

Symmetric difference: 4

******* Test case - 41 *******
Reference: [&R] (((CARCR:9.0,NESNO:16.830448999999998):2.1390260000000003,(FULGL:11.219198,BALRE:9.10538):0.010688):5.43876,GALGA:15.095479999999998):14.0;

Estimated: [&R] (BALRE:4.55269,((GALGA:20.53424,(CARCR:9.0,NESNO:16.830449):2.139026):0.010688,FULGL:11.219198):4.55269):0.0;

Symmetric difference: 4

******* Test case - 42 *******
Reference: [&R] ((CATAU:9.975257000000001,((APAVI:9.0,PICPU:10.07382):1.066238,ACACH:17.212059999999997):0.075049):7.016703000000001,GALGA:15.095479999999998):14.0;

Estimated: [&R] (APAVI:4.5,(PICPU:10.07382,(ACACH:17.21206,(GALGA:22.112183,CATAU:9.975257):0.075049):1.066238):4.5):0.0;

Symmetric difference: 6

******* Test case - 43 *******
Reference: [&R] (TINMA:9.0,((HALLE:16.975257,CORBR:28.385857999999995):1.577943,(PELCR:11.364487,PYGAD:16.422716):1.80717):12.43876):7.0;

Estimated: [&R] (TINMA:10.71938,((HALLE:16.975257,CORBR:28.385858):1.577943,(PELCR:11.364487,PYGAD:16.422716):1.80717):10.71938):0.0;

Symmetric difference: 0

******* Test case - 44 *******
Reference: [&R] (((CATAU:11.5532,(NIPNI:10.973404,PYGAD:16.422716):1.80717):0.100771,PHORU:16.053602):5.337989,GALGA:15.095479999999998):14.0;

Estimated: [&R] (NIPNI:5.486702,(PYGAD:16.422716,((PHORU:16.053602,GALGA:20.433469):0.100771,CATAU:11.5532):1.80717):5.486702):0.0;

Symmetric difference: 6

******* Test case - 45 *******
Reference: [&R] (CUCCA:9.197476,(CALAN:17.401965,(CORBR:29.963800999999997,(OPHHO:9.0,NIPNI:12.769887):0.010687):0.018021):0.019129):19.40161;

Estimated: [&R] (CUCCA:4.608302,(CALAN:17.401965,(CORBR:29.963801,(OPHHO:9.0,NIPNI:12.769887):0.010687):0.018021):4.608302):0.0;

Symmetric difference: 0

******* Test case - 46 *******
Reference: [&R] ((TAUER:9.0,CHLUN:9.0):0.32950100000000004,(CALAN:17.401965,(GEOFO:36.963801,PHALE:9.849048999999999):0.018021):0.019129):19.40161;

Estimated: [&R] (GEOFO:18.4819,(PHALE:9.849049,((TAUER:9.0,CHLUN:9.0):0.34863,CALAN:17.401965):0.018021):18.4819):0.0;

Symmetric difference: 4

******* Test case - 47 *******
Reference: [&R] (((CAPCA:10.401965,(FALPE:9.0,GEOFO:34.275226):2.7065960000000002):0.08274999999999999,PODCR:16.053602):5.337989,MELGA:15.095479999999998):14.0;

Estimated: [&R] ((FALPE:9.0,GEOFO:34.275226):1.353298,((PODCR:16.053602,MELGA:20.433469):0.08275,CAPCA:10.401965):1.353298):0.0;

Symmetric difference: 4

******* Test case - 48 *******
Reference: [&R] ((CAPCA:10.401965,((COLST:9.15859,CORBR:28.310808999999995):1.652992,PHALE:9.849048999999999):0.018021):0.08274999999999999,PODCR:16.053602):19.337989;

Estimated: [&R] (COLST:4.579295,(CORBR:28.310809,(PHALE:9.849049,(PODCR:16.136352,CAPCA:10.401965):0.018021):1.652992):4.579295):0.0;

Symmetric difference: 6

******* Test case - 49 *******
Reference: [&R] ((MANVI:22.963801,((EGRGA:11.364487,FULGL:9.422716):1.7964820000000001,CHAVO:9.10538):0.010688):5.43876,ANAPL:13.778065999999999):14.0;

Estimated: [&R] (ANAPL:9.608413,(MANVI:22.963801,((EGRGA:11.364487,FULGL:9.422716):1.796482,CHAVO:9.10538):0.010688):9.608413):0.0;

Symmetric difference: 0

******* Test case - 50 *******
Reference: [&R] (((CHAPE:17.401965,TAEGU:36.981821999999994):0.08274999999999999,COLLI:9.122859):5.337989,(MELGA:9.0,GALGA:9.0):6.09548):14.0;

Estimated: [&R] (TAEGU:18.490911,((COLLI:9.122859,(MELGA:9.0,GALGA:9.0):11.433469):0.08275,CHAPE:17.401965):18.490911):0.0;

Symmetric difference: 4

******* Test case - 51 *******
Reference: [&R] (((BUCRH:10.726362,FALPE:10.035583):1.652992,GAVST:9.706058):0.100771,(COLLI:9.069257,PHORU:16.0):0.053602):19.337989;

Estimated: [&R] (BUCRH:5.363181,(FALPE:10.035583,(GAVST:9.706058,(COLLI:9.069257,PHORU:16.0):0.154373):1.652992):5.363181):0.0;

Symmetric difference: 4

******* Test case - 52 *******
Reference: [&R] (((CARCR:9.0,(GEOFO:33.994326,MELUN:16.0):0.830449):2.1390260000000003,PYGAD:18.229886000000004):5.43876,MELGA:15.095479999999998):14.0;

Estimated: [&R] ((CARCR:9.0,(GEOFO:33.994326,MELUN:16.0):0.830449):1.069513,(PYGAD:18.229886,MELGA:20.53424):1.069513):0.0;

Symmetric difference: 2

******* Test case - 53 *******
Reference: [&R] (((BUCRH:9.0,MERNU:9.413696):3.379354,(EGRGA:11.364487,APTFO:16.422716):1.80717):0.100771,PTEGU:10.00624):19.337989;

Estimated: [&R] (BUCRH:4.5,(MERNU:9.413696,((EGRGA:11.364487,APTFO:16.422716):1.80717,PTEGU:10.107011):3.379354):4.5):0.0;

Symmetric difference: 4

******* Test case - 54 *******
Reference: [&R] (((BUCRH:10.726362,NESNO:17.316482999999998):1.652992,EGRGA:13.171657000000002):0.100771,(MESUN:9.0,PTEGU:9.0):1.00624):19.337989;

Estimated: [&R] (BUCRH:5.363181,(NESNO:17.316483,(EGRGA:13.171657,(MESUN:9.0,PTEGU:9.0):1.107011):1.652992):5.363181):0.0;

Symmetric difference: 4

******* Test case - 55 *******
Reference: [&R] ((CHLUN:9.329501,(CALAN:17.401965,(COLST:9.0,BUCRH:10.567772):1.829603):0.019129):0.063621,PODCR:16.053602):19.337989;

Estimated: [&R] (BUCRH:5.283886,(((PODCR:16.117223,CHLUN:9.329501):0.019129,CALAN:17.401965):1.829603,COLST:9.0):5.283886):0.0;

Symmetric difference: 6

******* Test case - 56 *******
Reference: [&R] ((((FALPE:9.0,ACACH:16.176477):2.688575,PHALE:9.849048999999999):0.100771,COLLI:9.122859):5.337989,GALGA:15.095479999999998):14.0;

Estimated: [&R] (FALPE:4.5,(ACACH:16.176477,(PHALE:9.849049,(COLLI:9.122859,GALGA:20.433469):0.100771):2.688575):4.5):0.0;

Symmetric difference: 6

******* Test case - 57 *******
Reference: [&R] ((CUCCA:9.197476,((PHACA:9.0,PELCR:10.166828):1.197659,APTFO:16.422716):1.84432):0.063621,MESUN:10.00624):19.337989;

Estimated: [&R] (CUCCA:4.598738,(((PHACA:9.0,PELCR:10.166828):1.197659,APTFO:16.422716):1.84432,MESUN:10.069861):4.598738):0.0;

Symmetric difference: 2

******* Test case - 58 *******
Reference: [&R] ((CUCCA:9.197476,(PICPU:12.79305,(PHACA:11.994141,CHAVO:9.10538):0.010688):0.03715):0.063621,COLLI:9.122859):19.337989;

Estimated: [&R] (PICPU:6.396525,((PHACA:11.994141,CHAVO:9.10538):0.010688,(COLLI:9.18648,CUCCA:9.197476):0.03715):6.396525):0.0;

Symmetric difference: 4

******* Test case - 59 *******
Reference: [&R] (CHLUN:9.329501,(((HALLE:9.0,HALAL:9.0):7.975257,CORBR:28.385857999999995):1.577943,PHALE:9.849048999999999):0.03715):19.40161;

Estimated: [&R] (CHLUN:4.683326,(((HALLE:9.0,HALAL:9.0):7.975257,CORBR:28.385858):1.577943,PHALE:9.849049):4.683326):0.0;

Symmetric difference: 0

******* Test case - 60 *******
Reference: [&R] (TINMA:9.0,((MELUN:18.969475,(FULGL:11.180699,EURHE:9.799862):0.049187):5.43876,ANAPL:13.778065999999999):7.0):7.0;

Estimated: [&R] (ANAPL:6.889033,(TINMA:16.0,(MELUN:18.969475,(FULGL:11.180699,EURHE:9.799862):0.049187):5.43876):6.889033):0.0;

Symmetric difference: 2

******* Test case - 61 *******
Reference: [&R] ((MERNU:11.140058,(FALPE:9.0,TAEGU:34.275226):1.035583):1.652992,(PHACA:11.955642000000001,EURHE:9.799862):0.049187):19.438760000000002;

Estimated: [&R] (TAEGU:17.137613,(((PHACA:11.955642,EURHE:9.799862):1.702179,MERNU:11.140058):1.035583,FALPE:9.0):17.137613):0.0;

Symmetric difference: 4

******* Test case - 62 *******
Reference: [&R] (((MELUN:9.0,NESNO:9.0):9.969475,(NIPNI:9.0,EGRGA:9.391083):3.7805739999999997):0.100771,PTEGU:10.00624):19.337989;

Estimated: [&R] ((MELUN:9.0,NESNO:9.0):4.984737,((NIPNI:9.0,EGRGA:9.391083):3.780574,PTEGU:10.107011):4.984737):0.0;

Symmetric difference: 2

******* Test case - 63 *******
Reference: [&R] ((CATAU:9.975257000000001,(PICPU:11.140058,(MANVI:9.0,TAEGU:23.0):12.310809000000003):0.075049):1.577943,EGRGA:13.171657000000002):19.438760000000002;

Estimated: [&R] ((MANVI:9.0,TAEGU:23.0):6.155405,((EGRGA:14.7496,CATAU:9.975257):0.075049,PICPU:11.140058):6.155405):0.0;

Symmetric difference: 4

******* Test case - 64 *******
Reference: [&R] (((COLST:9.15859,TAEGU:35.310809):1.652992,(EURHE:9.838360999999999,CHAVO:9.10538):0.010688):0.100771,PTEGU:10.00624):19.337989;

Estimated: [&R] (TAEGU:17.655404,(((EURHE:9.838361,CHAVO:9.10538):0.010688,PTEGU:10.107011):1.652992,COLST:9.15859):17.655404):0.0;

Symmetric difference: 4

******* Test case - 65 *******
Reference: [&R] (TYTAL:9.08516,((LEPDI:9.0,MERNU:10.341763):0.798295,(FALPE:9.0,TAEGU:34.275226):1.035583):0.075049):21.016703;

Estimated: [&R] (TAEGU:17.137613,((TYTAL:9.160209,(LEPDI:9.0,MERNU:10.341763):0.798295):1.035583,FALPE:9.0):17.137613):0.0;

Symmetric difference: 4

******* Test case - 66 *******
Reference: [&R] ((((TYTAL:9.08516,GEOFO:35.385858):1.577943,GAVST:9.706058):0.100771,PTEGU:10.00624):5.337989,ANAPL:13.778065999999999):14.0;

Estimated: [&R] (GEOFO:17.692929,((GAVST:9.706058,(PTEGU:10.00624,ANAPL:19.116055):0.100771):1.577943,TYTAL:9.08516):17.692929):0.0;

Symmetric difference: 6

******* Test case - 67 *******
Reference: [&R] ((CHLUN:9.329501,(CALAN:17.401965,(HALLE:16.975257,MANVI:21.385858):1.5959640000000002):0.019129):0.063621,PHORU:16.053602):19.337989;

Estimated: [&R] (CALAN:8.700983,((HALLE:16.975257,MANVI:21.385858):1.595964,(PHORU:16.117223,CHLUN:9.329501):0.019129):8.700983):0.0;

Symmetric difference: 4

******* Test case - 68 *******
Reference: [&R] (((COLST:9.0,(LEPDI:9.0,MERNU:10.341763):0.639705):1.811582,PHACA:12.004829):0.100771,PHORU:16.053602):19.337989;

Estimated: [&R] (COLST:4.5,((LEPDI:9.0,MERNU:10.341763):0.639705,(PHACA:12.004829,PHORU:16.154373):1.811582):4.5):0.0;

Symmetric difference: 4

******* Test case - 69 *******
Reference: [&R] (STRCA:9.0,((APAVI:10.066238,TAEGU:35.310809):1.652992,(APTFO:18.180699,EURHE:9.799862):0.049187):19.438760000000002);

Estimated: [&R] (TAEGU:17.655404,(((APTFO:18.180699,EURHE:9.799862):0.049187,STRCA:28.43876):1.652992,APAVI:10.066238):17.655404):0.0;

Symmetric difference: 4

******* Test case - 70 *******
Reference: [&R] (CUCCA:9.197476,((FALPE:9.0,MANVI:20.275226):2.688575,(PHACA:11.955642000000001,EURHE:9.799862):0.049187):0.03715):19.40161;

Estimated: [&R] (EURHE:4.899931,((CUCCA:9.234626,(FALPE:9.0,MANVI:20.275226):2.688575):0.049187,PHACA:11.955642):4.899931):0.0;

Symmetric difference: 4

******* Test case - 71 *******
Reference: [&R] (((TYTAL:9.08516,(COLST:9.15859,MELUN:17.316482999999998):0.075049):1.577943,CHAVO:9.116068):0.100771,COLLI:9.122859):19.337989;

Estimated: [&R] (COLST:4.579295,(MELUN:17.316483,((CHAVO:9.116068,COLLI:9.22363):1.577943,TYTAL:9.08516):0.075049):4.579295):0.0;

Symmetric difference: 6

******* Test case - 72 *******
Reference: [&R] (((HALLE:18.5532,(EGRGA:11.364487,APTFO:16.422716):1.80717):0.100771,MESUN:10.00624):5.337989,GALGA:15.095479999999998):14.0;

Estimated: [&R] (EGRGA:5.682244,(APTFO:16.422716,((MESUN:10.00624,GALGA:20.433469):0.100771,HALLE:18.5532):1.80717):5.682244):0.0;

Symmetric difference: 6

******* Test case - 73 *******
Reference: [&R] (((HALLE:9.0,HALAL:9.0):7.975257,(COLST:9.15859,FALPE:10.035583):0.075049):7.016703000000001,MELGA:15.095479999999998):14.0;

Estimated: [&R] (COLST:4.579295,(FALPE:10.035583,(MELGA:22.112183,(HALLE:9.0,HALAL:9.0):7.975257):0.075049):4.579295):0.0;

Symmetric difference: 4

******* Test case - 74 *******
Reference: [&R] (((TYTAL:9.08516,CORBR:28.385857999999995):1.577943,(OPHHO:9.0,EGRGA:13.16097):0.010687):5.43876,MELGA:15.095479999999998):14.0;

Estimated: [&R] (CORBR:14.192929,(((OPHHO:9.0,EGRGA:13.16097):0.010687,MELGA:20.53424):1.577943,TYTAL:9.08516):14.192929):0.0;

Symmetric difference: 4

******* Test case - 75 *******
Reference: [&R] ((TYTAL:9.08516,LEPDI:9.873344):1.577943,((EGRGA:11.364487,FULGL:9.422716):1.757983,PHALE:9.799862):0.049187):19.438760000000002;

Estimated: [&R] (LEPDI:4.936672,(((EGRGA:11.364487,FULGL:9.422716):1.757983,PHALE:9.799862):1.62713,TYTAL:9.08516):4.936672):0.0;

Symmetric difference: 2

******* Test case - 76 *******
Reference: [&R] (TAUER:9.329501,((HALLE:16.975257,MELUN:17.391531999999998):1.577943,(PHACA:9.0,PELCR:10.166828):3.004829):0.03715):19.40161;

Estimated: [&R] ((HALLE:16.975257,MELUN:17.391532):0.788972,((PHACA:9.0,PELCR:10.166828):3.004829,TAUER:9.366651):0.788972):0.0;

Symmetric difference: 2

******* Test case - 77 *******
Reference: [&R] (TAUER:9.329501,(TYTAL:10.663103,((PHACA:11.955642000000001,PHALE:9.799862):0.038499,BALRE:9.10538):0.010688):0.03715):19.40161;

Estimated: [&R] ((TAUER:9.366651,TYTAL:10.663103):0.005344,((PHACA:11.955642,PHALE:9.799862):0.038499,BALRE:9.10538):0.005344):0.0;

Symmetric difference: 2

******* Test case - 78 *******
Reference: [&R] (STRCA:9.0,(TINMA:9.0,((CAPCA:10.401965,TYTAL:10.681123999999999):0.08274999999999999,PHORU:16.053602):12.337989):7.0);

Estimated: [&R] ((STRCA:16.0,TINMA:9.0):6.168995,((CAPCA:10.401965,TYTAL:10.681124):0.08275,PHORU:16.053602):6.168995):0.0;

Symmetric difference: 2

******* Test case - 79 *******
Reference: [&R] (TINMA:9.0,((TAUER:9.329501,(FALPE:11.688575,CHAVO:9.116068):0.03715):0.063621,COLLI:9.122859):12.337989):7.0;

Estimated: [&R] (TINMA:10.668995,((TAUER:9.329501,(FALPE:11.688575,CHAVO:9.116068):0.03715):0.063621,COLLI:9.122859):10.668995):0.0;

Symmetric difference: 0

******* Test case - 80 *******
Reference: [&R] ((((LEPDI:9.0,MERNU:10.341763):2.451287,PELCR:13.171657000000002):0.100771,PHORU:16.053602):5.337989,MELGA:15.095479999999998):14.0;

Estimated: [&R] (((LEPDI:9.0,MERNU:10.341763):2.451287,PELCR:13.171657):0.050385,(PHORU:16.053602,MELGA:20.433469):0.050385):0.0;

Symmetric difference: 2

******* Test case - 81 *******
Reference: [&R] (((TAUER:9.0,CHLUN:9.0):0.32950100000000004,(FALPE:11.688575,GAVST:9.706058):0.03715):0.063621,PTEGU:10.00624):19.337989;

Estimated: [&R] (GAVST:4.853029,((PTEGU:10.069861,(TAUER:9.0,CHLUN:9.0):0.329501):0.03715,FALPE:11.688575):4.853029):0.0;

Symmetric difference: 4

******* Test case - 82 *******
Reference: [&R] (((CAPCA:9.0,CHAPE:16.0):1.401965,(GEOFO:36.963801,BALRE:9.116068):0.018021):5.420739,MELGA:15.095479999999998):14.0;

Estimated: [&R] (GEOFO:18.4819,(BALRE:9.116068,(MELGA:20.516219,(CAPCA:9.0,CHAPE:16.0):1.401965):0.018021):18.4819):0.0;

Symmetric difference: 4

******* Test case - 83 *******
Reference: [&R] ((((CAPCA:9.0,CALAN:16.0):1.401965,PICPU:12.811070999999998):0.08274999999999999,MESUN:10.00624):5.337989,ANAPL:13.778065999999999):14.0;

Estimated: [&R] (PICPU:6.405535,((MESUN:10.00624,ANAPL:19.116055):0.08275,(CAPCA:9.0,CALAN:16.0):1.401965):6.405535):0.0;

Symmetric difference: 4

******* Test case - 84 *******
Reference: [&R] ((APAVI:10.066238,NESNO:17.316482999999998):1.652992,((NIPNI:10.973404,FULGL:9.422716):1.757983,EURHE:9.799862):0.049187):19.438760000000002;

Estimated: [&R] (NESNO:8.658241,(((NIPNI:10.973404,FULGL:9.422716):1.757983,EURHE:9.799862):1.702179,APAVI:10.066238):8.658241):0.0;

Symmetric difference: 2

******* Test case - 85 *******
Reference: [&R] ((((APAVI:10.066238,GEOFO:35.310809):1.652992,NIPNI:12.780574000000001):0.100771,COLLI:9.122859):5.337989,ANAPL:13.778065999999999):14.0;

Estimated: [&R] (GEOFO:17.655404,((NIPNI:12.780574,(COLLI:9.122859,ANAPL:19.116055):0.100771):1.652992,APAVI:10.066238):17.655404):0.0;

Symmetric difference: 6

******* Test case - 86 *******
Reference: [&R] ((CHAPE:17.401965,((TYTAL:9.08516,MERNU:11.215107):1.577943,BALRE:9.116068):0.018021):5.420739,MELGA:15.095479999999998):14.0;

Estimated: [&R] (MELGA:10.258109,(CHAPE:17.401965,((TYTAL:9.08516,MERNU:11.215107):1.577943,BALRE:9.116068):0.018021):10.258109):0.0;

Symmetric difference: 0

******* Test case - 87 *******
Reference: [&R] (CHAPE:17.401965,(((COLST:9.0,MERNU:10.981468):0.15859,MELUN:17.316482999999998):1.652992,PHALE:9.849048999999999):0.018021):19.420739;

Estimated: [&R] (MERNU:5.490734,((MELUN:17.316483,(PHALE:9.849049,CHAPE:17.419986):1.652992):0.15859,COLST:9.0):5.490734):0.0;

Symmetric difference: 6

******* Test case - 88 *******
Reference: [&R] (((MERNU:11.140058,(CARCR:9.0,TAEGU:34.824775):0.486034):1.652992,FULGL:11.229886):0.100771,PODCR:16.053602):19.337989;

Estimated: [&R] (TAEGU:17.412388,(((FULGL:11.229886,PODCR:16.154373):1.652992,MERNU:11.140058):0.486034,CARCR:9.0):17.412388):0.0;

Symmetric difference: 6

******* Test case - 89 *******
Reference: [&R] ((TAUER:9.329501,(COLST:9.15859,CARCR:9.486034):1.690142):0.063621,(MESUN:9.952638,PHORU:16.0):0.053602):19.337989;

Estimated: [&R] (COLST:4.579295,(CARCR:9.486034,((MESUN:9.952638,PHORU:16.0):0.117223,TAUER:9.329501):1.690142):4.579295):0.0;

Symmetric difference: 4

******* Test case - 90 *******
Reference: [&R] ((CHAPE:17.401965,((HALLE:16.975257,GEOFO:35.385858):1.577943,APTFO:18.229886000000004):0.018021):0.08274999999999999,COLLI:9.122859):19.337989;

Estimated: [&R] ((COLLI:9.205609,CHAPE:17.401965):0.00901,((HALLE:16.975257,GEOFO:35.385858):1.577943,APTFO:18.229886):0.00901):0.0;

Symmetric difference: 2

******* Test case - 91 *******
Reference: [&R] ((CHAPE:17.401965,((GAVST:9.0,FULGL:10.523828):0.656871,PHALE:9.799862):0.067208):5.420739,GALGA:15.095479999999998):14.0;

Estimated: [&R] ((GALGA:20.516219,CHAPE:17.401965):0.033604,((GAVST:9.0,FULGL:10.523828):0.656871,PHALE:9.799862):0.033604):0.0;

Symmetric difference: 2

******* Test case - 92 *******
Reference: [&R] ((LEPDI:9.798295,CORBR:28.310808999999995):1.652992,((NIPNI:10.973404,APTFO:16.422716):1.7964820000000001,BALRE:9.10538):0.010688):19.438760000000002;

Estimated: [&R] (LEPDI:4.899147,(CORBR:28.310809,((NIPNI:10.973404,APTFO:16.422716):1.796482,BALRE:9.10538):1.66368):4.899147):0.0;

Symmetric difference: 2

******* Test case - 93 *******
Reference: [&R] (((BUCRH:10.726362,MELUN:17.316482999999998):1.652992,(GAVST:9.0,APTFO:17.523828):0.706058):0.100771,PODCR:16.053602):19.337989;

Estimated: [&R] (MELUN:8.658241,(((GAVST:9.0,APTFO:17.523828):0.706058,PODCR:16.154373):1.652992,BUCRH:10.726362):8.658241):0.0;

Symmetric difference: 4

******* Test case - 94 *******
Reference: [&R] (CHAPE:17.401965,((MERNU:11.140058,GEOFO:35.310809):1.652992,(OPHHO:9.0,EURHE:9.838361999999998):0.010687):0.018021):19.420739;

Estimated: [&R] (GEOFO:17.655404,(((OPHHO:9.0,EURHE:9.838362):0.010687,CHAPE:17.419986):1.652992,MERNU:11.140058):17.655404):0.0;

Symmetric difference: 4

******* Test case - 95 *******
Reference: [&R] (CHAPE:17.401965,((BUCRH:9.0,PICPU:9.413696):3.379354,(PHACA:11.955642000000001,PHALE:9.799862):0.049187):0.018021):19.420739;

Estimated: [&R] (PICPU:4.706848,(((PHACA:11.955642,PHALE:9.799862):0.049187,CHAPE:17.419986):3.379354,BUCRH:9.0):4.706848):0.0;

Symmetric difference: 4

******* Test case - 96 *******
Reference: [&R] (((HALLE:16.975257,CORBR:28.385857999999995):1.577943,(PELCR:13.122470000000002,PHALE:9.799862):0.049187):5.43876,GALGA:15.095479999999998):14.0;

Estimated: [&R] ((GALGA:20.53424,(HALLE:16.975257,CORBR:28.385858):1.577943):0.024594,(PELCR:13.12247,PHALE:9.799862):0.024594):0.0;

Symmetric difference: 2

******* Test case - 97 *******
Reference: [&R] ((CORBR:9.0,GEOFO:16.0):20.963801,(FULGL:11.180699,(PHALE:9.0,EURHE:9.0):0.799862):0.049187):19.438760000000002;

Estimated: [&R] ((FULGL:11.180699,(PHALE:9.0,EURHE:9.0):0.799862):10.506494,(CORBR:9.0,GEOFO:16.0):10.506494):0.0;

Symmetric difference: 0

******* Test case - 98 *******
Reference: [&R] (CHLUN:9.329501,((TYTAL:9.08516,FALPE:10.110632):1.577943,(PHACA:11.994141,CHAVO:9.10538):0.010688):0.03715):19.40161;

Estimated: [&R] (CHAVO:4.55269,((CHLUN:9.366651,(TYTAL:9.08516,FALPE:10.110632):1.577943):0.010688,PHACA:11.994141):4.55269):0.0;

Symmetric difference: 4

******* Test case - 99 *******
Reference: [&R] ((CUCCA:9.197476,((BUCRH:10.726362,MANVI:21.310809):1.652992,PYGAD:18.229886000000004):0.03715):0.063621,COLLI:9.122859):19.337989;

Estimated: [&R] (MANVI:10.655404,((PYGAD:18.229886,(COLLI:9.18648,CUCCA:9.197476):0.03715):1.652992,BUCRH:10.726362):10.655404):0.0;

Symmetric difference: 6

******* Test case - 100 *******
Reference: [&R] (CHAPE:17.401965,(TYTAL:9.08516,(MERNU:11.140058,(CORBR:26.994325999999997,MELUN:16.0):1.316483):0.075049):1.5959640000000002):19.420739;

Estimated: [&R] (CORBR:13.497163,(MELUN:16.0,((CHAPE:18.997929,TYTAL:9.08516):0.075049,MERNU:11.140058):1.316483):13.497163):0.0;

Symmetric difference: 6

******* Test case - 101 *******
Reference: [&R] ((CHLUN:9.329501,(HALAL:16.975257,(TAEGU:33.994326,NESNO:16.0):1.391532):1.6150930000000001):0.063621,COLLI:9.122859):19.337989;

Estimated: [&R] (TAEGU:16.997163,(NESNO:16.0,((COLLI:9.18648,CHLUN:9.329501):1.615093,HALAL:16.975257):1.391532):16.997163):0.0;

Symmetric difference: 6

******* Test case - 102 *******
Reference: [&R] (STRCA:9.0,(((APAVI:9.0,MERNU:10.07382):1.066238,NESNO:17.316482999999998):1.652992,CHAVO:9.116068):19.438760000000002);

Estimated: [&R] (STRCA:14.21938,(((APAVI:9.0,MERNU:10.07382):1.066238,NESNO:17.316483):1.652992,CHAVO:9.116068):14.21938):0.0;

Symmetric difference: 0

******* Test case - 103 *******
Reference: [&R] (TINMA:9.0,((CUCCA:9.197476,(PHACA:11.994141,BALRE:9.10538):0.047838):0.063621,PODCR:16.053602):12.337989):7.0;

Estimated: [&R] (TINMA:10.668995,((CUCCA:9.197476,(PHACA:11.994141,BALRE:9.10538):0.047838):0.063621,PODCR:16.053602):10.668995):0.0;

Symmetric difference: 0

******* Test case - 104 *******
Reference: [&R] ((TAUER:9.329501,(HALLE:18.5532,PHACA:12.004829):0.03715):0.063621,(PHORU:9.0,PODCR:9.0):7.053602):19.337989;

Estimated: [&R] (PHACA:6.002415,(((PHORU:9.0,PODCR:9.0):7.117223,TAUER:9.329501):0.03715,HALLE:18.5532):6.002415):0.0;

Symmetric difference: 4

******* Test case - 105 *******
Reference: [&R] (TINMA:9.0,(CUCCA:9.197476,(MELUN:18.969475,(PELCR:13.160969000000001,CHAVO:9.10538):0.010688):0.03715):12.401610000000002):7.0;

Estimated: [&R] (TINMA:10.700805,(CUCCA:9.197476,(MELUN:18.969475,(PELCR:13.160969,CHAVO:9.10538):0.010688):0.03715):10.700805):0.0;

Symmetric difference: 0

******* Test case - 106 *******
Reference: [&R] (CAPCA:10.401965,((BUCRH:10.726362,(CORBR:26.994325999999997,MELUN:16.0):1.316483):1.652992,PELCR:13.171657000000002):0.018021):19.420739;

Estimated: [&R] (CORBR:13.497163,(MELUN:16.0,((PELCR:13.171657,CAPCA:10.419986):1.652992,BUCRH:10.726362):1.316483):13.497163):0.0;

Symmetric difference: 6

******* Test case - 107 *******
Reference: [&R] ((HALAL:18.5532,((GAVST:9.0,PHACA:11.298771):0.656871,PHALE:9.799862):0.049187):0.100771,PHORU:16.053602):19.337989;

Estimated: [&R] ((GAVST:9.0,PHACA:11.298771):0.328435,(PHALE:9.799862,(PHORU:16.154373,HALAL:18.5532):0.049187):0.328435):0.0;

Symmetric difference: 4

******* Test case - 108 *******
Reference: [&R] (((CUCCA:9.197476,(CHAPE:17.401965,NIPNI:12.798595):0.019129):0.063621,COLLI:9.122859):5.337989,GALGA:15.095479999999998):14.0;

Estimated: [&R] (CUCCA:4.598738,((CHAPE:17.401965,NIPNI:12.798595):0.019129,(COLLI:9.122859,GALGA:20.433469):0.063621):4.598738):0.0;

Symmetric difference: 4

******* Test case - 109 *******
Reference: [&R] ((CATAU:9.975257000000001,CORBR:28.385857999999995):1.577943,(OPHHO:9.0,(PYGAD:18.219198000000002,CHAVO:9.10538):1e-06):0.010687):19.438760000000002;

Estimated: [&R] (PYGAD:9.109599,(CHAVO:9.10538,((CATAU:9.975257,CORBR:28.385858):1.58863,OPHHO:9.0):1e-06):9.109599):0.0;

Symmetric difference: 4

******* Test case - 110 *******
Reference: [&R] ((CUCCA:9.197476,(CAPCA:10.401965,(EGRGA:13.122470000000002,EURHE:9.799862):0.067208):0.019129):5.401610000000001,MELGA:15.095479999999998):14.0;

Estimated: [&R] (MELGA:10.248545,(CUCCA:9.197476,(CAPCA:10.401965,(EGRGA:13.12247,EURHE:9.799862):0.067208):0.019129):10.248545):0.0;

Symmetric difference: 0

******* Test case - 111 *******
Reference: [&R] ((TAUER:9.0,CHLUN:9.0):0.32950100000000004,(CAPCA:10.401965,(ACACH:18.865052,OPHHO:9.010687):0.018021):0.019129):19.40161;

Estimated: [&R] (ACACH:9.432526,(OPHHO:9.010687,((TAUER:9.0,CHLUN:9.0):0.34863,CAPCA:10.401965):0.018021):9.432526):0.0;

Symmetric difference: 4

******* Test case - 112 *******
Reference: [&R] (((CAPCA:10.401965,(CORBR:29.963800999999997,BALRE:9.116068):0.018021):0.08274999999999999,PHORU:16.053602):5.337989,MELGA:15.095479999999998):14.0;

Estimated: [&R] ((CORBR:29.963801,BALRE:9.116068):0.00901,((PHORU:16.053602,MELGA:20.433469):0.08275,CAPCA:10.401965):0.00901):0.0;

Symmetric difference: 4

******* Test case - 113 *******
Reference: [&R] (((MELUN:18.969475,(OPHHO:9.0,NIPNI:12.769887):0.010687):0.100771,PHORU:16.053602):5.337989,MELGA:15.095479999999998):14.0;

Estimated: [&R] (NIPNI:6.384944,(((PHORU:16.053602,MELGA:20.433469):0.100771,MELUN:18.969475):0.010687,OPHHO:9.0):6.384944):0.0;

Symmetric difference: 6

******* Test case - 114 *******
Reference: [&R] ((TAUER:9.329501,((TYTAL:9.0,CATAU:9.890097):0.08516,CORBR:28.385857999999995):1.6150930000000001):0.063621,MESUN:10.00624):19.337989;

Estimated: [&R] (CATAU:4.945049,((CORBR:28.385858,(MESUN:10.069861,TAUER:9.329501):1.615093):0.08516,TYTAL:9.0):4.945049):0.0;

Symmetric difference: 6

******* Test case - 115 *******
Reference: [&R] ((CALAN:9.0,CHAPE:9.0):8.401965,(ACACH:18.865052,(NIPNI:9.0,PELCR:9.391083):3.7805739999999997):0.018021):19.420739;

Estimated: [&R] ((ACACH:18.865052,(NIPNI:9.0,PELCR:9.391083):3.780574):4.209993,(CALAN:9.0,CHAPE:9.0):4.209993):0.0;

Symmetric difference: 0

******* Test case - 116 *******
Reference: [&R] ((TAUER:9.329501,((TYTAL:9.08516,CORBR:28.385857999999995):1.577943,APTFO:18.229886000000004):0.03715):0.063621,PTEGU:10.00624):19.337989;

Estimated: [&R] ((TYTAL:9.08516,CORBR:28.385858):0.788972,(APTFO:18.229886,(PTEGU:10.069861,TAUER:9.329501):0.03715):0.788972):0.0;

Symmetric difference: 4

******* Test case - 117 *******
Reference: [&R] ((CATAU:9.975257000000001,NESNO:17.391531999999998):1.577943,(OPHHO:9.0,(GAVST:9.0,EGRGA:12.465599000000001):0.695371):0.010687):19.438760000000002;

Estimated: [&R] (CATAU:4.987629,(NESNO:17.391532,(OPHHO:9.0,(GAVST:9.0,EGRGA:12.465599):0.695371):1.58863):4.987629):0.0;

Symmetric difference: 2

******* Test case - 118 *******
Reference: [&R] ((CUCCA:9.197476,((BUCRH:9.0,PICPU:9.413696):1.726362,TAEGU:35.310809):1.690142):0.063621,PTEGU:10.00624):19.337989;

Estimated: [&R] (TAEGU:17.655404,((PTEGU:10.069861,CUCCA:9.197476):1.690142,(BUCRH:9.0,PICPU:9.413696):1.726362):17.655404):0.0;

Symmetric difference: 4

******* Test case - 119 *******
Reference: [&R] (STRCA:9.0,(((COLST:9.0,MERNU:10.981468):0.15859,TAEGU:35.310809):1.753763,COLLI:9.122859):19.337989);

Estimated: [&R] (TAEGU:17.655404,((COLLI:9.122859,STRCA:28.337989):1.753763,(COLST:9.0,MERNU:10.981468):0.15859):17.655404):0.0;

Symmetric difference: 4

******* Test case - 120 *******
Reference: [&R] (CHLUN:9.329501,((TYTAL:9.08516,(FALPE:9.0,MELUN:16.2809):1.1106319999999998):1.577943,PHALE:9.849048999999999):0.03715):19.40161;

Estimated: [&R] ((FALPE:9.0,MELUN:16.2809):0.555316,((PHALE:9.849049,CHLUN:9.366651):1.577943,TYTAL:9.08516):0.555316):0.0;

Symmetric difference: 4

******* Test case - 121 *******
Reference: [&R] (((HALAL:16.975257,GEOFO:35.385858):1.577943,APTFO:18.229886000000004):0.100771,(MESUN:9.952638,PODCR:16.0):0.053602):19.337989;

Estimated: [&R] ((HALAL:16.975257,GEOFO:35.385858):0.788972,(APTFO:18.229886,(MESUN:9.952638,PODCR:16.0):0.154373):0.788972):0.0;

Symmetric difference: 2

******* Test case - 122 *******
Reference: [&R] ((CHLUN:9.329501,(CALAN:17.401965,(LEPDI:11.451286999999999,NIPNI:12.780574000000001):0.018021):0.019129):0.063621,COLLI:9.122859):19.337989;

Estimated: [&R] (CALAN:8.700983,((LEPDI:11.451287,NIPNI:12.780574):0.018021,(COLLI:9.18648,CHLUN:9.329501):0.019129):8.700983):0.0;

Symmetric difference: 4

******* Test case - 123 *******
Reference: [&R] (((PICPU:11.140058,(FALPE:9.0,ACACH:16.176477):1.035583):1.652992,APTFO:18.229886000000004):0.100771,MESUN:10.00624):19.337989;

Estimated: [&R] (PICPU:5.570029,((FALPE:9.0,ACACH:16.176477):1.035583,(APTFO:18.229886,MESUN:10.107011):1.652992):5.570029):0.0;

Symmetric difference: 4

******* Test case - 124 *******
Reference: [&R] (STRCA:9.0,(TAUER:9.329501,(HALLE:18.5532,(PHACA:11.955642000000001,EURHE:9.799862):0.049187):0.03715):19.40161);

Estimated: [&R] (STRCA:14.200805,(TAUER:9.329501,(HALLE:18.5532,(PHACA:11.955642,EURHE:9.799862):0.049187):0.03715):14.200805):0.0;

Symmetric difference: 0

******* Test case - 125 *******
Reference: [&R] (((MERNU:11.140058,TAEGU:35.310809):1.652992,(OPHHO:9.0,EGRGA:13.16097):0.010687):0.100771,PTEGU:10.00624):19.337989;

Estimated: [&R] (TAEGU:17.655404,(((OPHHO:9.0,EGRGA:13.16097):0.010687,PTEGU:10.107011):1.652992,MERNU:11.140058):17.655404):0.0;

Symmetric difference: 4

******* Test case - 126 *******
Reference: [&R] ((COLST:9.15859,MELUN:17.316482999999998):1.652992,(GAVST:9.0,(PYGAD:9.0,APTFO:9.0):8.523828):0.706058):19.438760000000002;

Estimated: [&R] (MELUN:8.658241,((GAVST:9.0,(PYGAD:9.0,APTFO:9.0):8.523828):2.35905,COLST:9.15859):8.658241):0.0;

Symmetric difference: 2

******* Test case - 127 *******
Reference: [&R] (STRCA:9.0,(CUCCA:9.197476,(MERNU:12.79305,(NIPNI:10.973404,FULGL:9.422716):1.80717):0.03715):19.40161);

Estimated: [&R] (STRCA:14.200805,(CUCCA:9.197476,(MERNU:12.79305,(NIPNI:10.973404,FULGL:9.422716):1.80717):0.03715):14.200805):0.0;

Symmetric difference: 0

******* Test case - 128 *******
Reference: [&R] (((CALAN:9.0,CHAPE:9.0):8.401965,(TAEGU:36.963801,PYGAD:18.229886000000004):0.018021):0.08274999999999999,MESUN:10.00624):19.337989;

Estimated: [&R] (TAEGU:18.4819,(PYGAD:18.229886,(MESUN:10.08899,(CALAN:9.0,CHAPE:9.0):8.401965):0.018021):18.4819):0.0;

Symmetric difference: 4

******* Test case - 129 *******
Reference: [&R] ((TAUER:9.329501,(NESNO:18.969475,(OPHHO:9.0,GAVST:9.695371):0.010687):0.03715):5.401610000000001,MELGA:15.095479999999998):14.0;

Estimated: [&R] ((OPHHO:9.0,GAVST:9.695371):0.005344,((MELGA:20.49709,TAUER:9.329501):0.03715,NESNO:18.969475):0.005344):0.0;

Symmetric difference: 4

******* Test case - 130 *******
Reference: [&R] (CHLUN:9.329501,((CATAU:9.975257000000001,(LEPDI:9.798295,GEOFO:35.310809):0.075049):1.577943,NIPNI:12.780574000000001):0.03715):19.40161;

Estimated: [&R] (NIPNI:6.390287,(CHLUN:9.366651,(CATAU:9.975257,(LEPDI:9.798295,GEOFO:35.310809):0.075049):1.577943):6.390287):0.0;

Symmetric difference: 2

******* Test case - 131 *******
Reference: [&R] ((((PICPU:9.0,MERNU:9.0):3.79305,GAVST:9.706058):0.100771,PODCR:16.053602):5.337989,GALGA:15.095479999999998):14.0;

Estimated: [&R] (PICPU:4.5,(MERNU:9.0,(GAVST:9.706058,(PODCR:16.053602,GALGA:20.433469):0.100771):3.79305):4.5):0.0;

Symmetric difference: 6

******* Test case - 132 *******
Reference: [&R] (TINMA:9.0,((CHAPE:17.401965,(TYTAL:9.08516,LEPDI:9.873344):1.5959640000000002):0.08274999999999999,MESUN:10.00624):12.337989):7.0;

Estimated: [&R] (MESUN:5.00312,(TINMA:21.337989,(CHAPE:17.401965,(TYTAL:9.08516,LEPDI:9.873344):1.595964):0.08275):5.00312):0.0;

Symmetric difference: 2

******* Test case - 133 *******
Reference: [&R] ((TAUER:9.329501,((HALLE:16.975257,CORBR:28.385857999999995):1.577943,PHALE:9.849048999999999):0.03715):0.063621,PODCR:16.053602):19.337989;

Estimated: [&R] (TAUER:4.664751,(((HALLE:16.975257,CORBR:28.385858):1.577943,PHALE:9.849049):0.03715,PODCR:16.117223):4.664751):0.0;

Symmetric difference: 2

******* Test case - 134 *******
Reference: [&R] (CALAN:17.401965,((MERNU:11.140058,ACACH:17.212059999999997):1.652992,(FULGL:11.180699,EURHE:9.799862):0.049187):0.018021):19.420739;

Estimated: [&R] (ACACH:8.60603,(((FULGL:11.180699,EURHE:9.799862):0.049187,CALAN:17.419986):1.652992,MERNU:11.140058):8.60603):0.0;

Symmetric difference: 4

******* Test case - 135 *******
Reference: [&R] (CAPCA:10.401965,((TYTAL:9.08516,MANVI:21.385858):1.577943,(GAVST:9.69537,CHAVO:9.10538):0.010688):0.018021):19.420739;

Estimated: [&R] (MANVI:10.692929,(((GAVST:9.69537,CHAVO:9.10538):0.010688,CAPCA:10.419986):1.577943,TYTAL:9.08516):10.692929):0.0;

Symmetric difference: 4

******* Test case - 136 *******
Reference: [&R] (CHAPE:17.401965,((CORBR:26.994325999999997,MELUN:16.0):2.969475,(PELCR:11.364487,FULGL:9.422716):1.80717):0.018021):19.420739;

Estimated: [&R] (CORBR:13.497163,(MELUN:16.0,((PELCR:11.364487,FULGL:9.422716):1.80717,CHAPE:17.419986):2.969475):13.497163):0.0;

Symmetric difference: 4

******* Test case - 137 *******
Reference: [&R] ((CATAU:9.975257000000001,GEOFO:35.385858):1.577943,((GAVST:9.0,PELCR:12.465599000000001):0.656871,EURHE:9.799862):0.049187):19.438760000000002;

Estimated: [&R] (CATAU:4.987629,(GEOFO:35.385858,((GAVST:9.0,PELCR:12.465599):0.656871,EURHE:9.799862):1.62713):4.987629):0.0;

Symmetric difference: 2

******* Test case - 138 *******
Reference: [&R] ((CAPCA:10.401965,((HALAL:16.975257,MANVI:21.385858):1.577943,PHALE:9.849048999999999):0.018021):0.08274999999999999,MESUN:10.00624):19.337989;

Estimated: [&R] ((HALAL:16.975257,MANVI:21.385858):0.788972,(PHALE:9.849049,(MESUN:10.08899,CAPCA:10.401965):0.018021):0.788972):0.0;

Symmetric difference: 4

******* Test case - 139 *******
Reference: [&R] ((CAPCA:10.401965,((TYTAL:9.0,HALAL:16.890097):1.663103,OPHHO:9.010687):0.018021):5.420739,MELGA:15.095479999999998):14.0;

Estimated: [&R] (MELGA:10.258109,(CAPCA:10.401965,((TYTAL:9.0,HALAL:16.890097):1.663103,OPHHO:9.010687):0.018021):10.258109):0.0;

Symmetric difference: 0

******* Test case - 140 *******
Reference: [&R] (((LEPDI:9.798295,FALPE:10.035583):1.652992,BALRE:9.116068):0.100771,(MESUN:9.0,PTEGU:9.0):1.00624):19.337989;

Estimated: [&R] (MESUN:4.5,(PTEGU:9.0,((LEPDI:9.798295,FALPE:10.035583):1.652992,BALRE:9.116068):1.107011):4.5):0.0;

Symmetric difference: 2

******* Test case - 141 *******
Reference: [&R] ((PICPU:11.140058,(CORBR:9.0,GEOFO:16.0):19.310809):1.652992,(OPHHO:9.0,FULGL:11.219199):0.010687):19.438760000000002;

Estimated: [&R] (((OPHHO:9.0,FULGL:11.219199):1.663679,PICPU:11.140058):9.655404,(CORBR:9.0,GEOFO:16.0):9.655404):0.0;

Symmetric difference: 2

******* Test case - 142 *******
Reference: [&R] ((CATAU:9.975257000000001,((COLST:9.0,MERNU:10.981468):0.15859,FALPE:10.035583):0.075049):1.577943,CHAVO:9.116068):19.438760000000002;

Estimated: [&R] (COLST:4.5,(MERNU:10.981468,(FALPE:10.035583,(CHAVO:10.694011,CATAU:9.975257):0.075049):0.15859):4.5):0.0;

Symmetric difference: 6

******* Test case - 143 *******
Reference: [&R] (((MANVI:19.994326,MELUN:16.0):2.969475,(PELCR:13.122470000000002,EURHE:9.799862):0.049187):5.43876,ANAPL:13.778065999999999):14.0;

Estimated: [&R] (MELUN:8.0,(((PELCR:13.12247,EURHE:9.799862):0.049187,ANAPL:19.216826):2.969475,MANVI:19.994326):8.0):0.0;

Symmetric difference: 4

******* Test case - 144 *******
Reference: [&R] (STRCA:9.0,((TYTAL:10.663103,(EURHE:9.838360999999999,CHAVO:9.10538):0.010688):5.43876,GALGA:15.095479999999998):14.0);

Estimated: [&R] (STRCA:11.5,((TYTAL:10.663103,(EURHE:9.838361,CHAVO:9.10538):0.010688):5.43876,GALGA:15.09548):11.5):0.0;

Symmetric difference: 0

******* Test case - 145 *******
Reference: [&R] ((CHAPE:17.401965,(GEOFO:36.963801,EGRGA:13.171657000000002):0.018021):5.420739,(MELGA:9.0,GALGA:9.0):6.09548):14.0;

Estimated: [&R] (GEOFO:18.4819,(EGRGA:13.171657,((MELGA:9.0,GALGA:9.0):11.516219,CHAPE:17.401965):0.018021):18.4819):0.0;

Symmetric difference: 4

******* Test case - 146 *******
Reference: [&R] ((LEPDI:9.798295,(FALPE:9.0,MELUN:16.2809):1.035583):1.652992,(PHALE:9.0,EURHE:9.0):0.8490489999999999):19.438760000000002;

Estimated: [&R] (PHALE:4.5,(EURHE:9.0,(LEPDI:9.798295,(FALPE:9.0,MELUN:16.2809):1.035583):2.502041):4.5):0.0;

Symmetric difference: 2

******* Test case - 147 *******
Reference: [&R] (STRCA:9.0,(TINMA:9.0,((GEOFO:36.963801,OPHHO:9.010687):0.100771,PODCR:16.053602):12.337989):7.0);

Estimated: [&R] ((STRCA:16.0,TINMA:9.0):6.168995,((GEOFO:36.963801,OPHHO:9.010687):0.100771,PODCR:16.053602):6.168995):0.0;

Symmetric difference: 2

******* Test case - 148 *******
Reference: [&R] ((((MANVI:9.0,CORBR:16.0):13.963801000000002,PHALE:9.849048999999999):0.100771,COLLI:9.122859):5.337989,GALGA:15.095479999999998):14.0;

Estimated: [&R] ((MANVI:9.0,CORBR:16.0):6.981901,(PHALE:9.849049,(COLLI:9.122859,GALGA:20.433469):0.100771):6.981901):0.0;

Symmetric difference: 4

******* Test case - 149 *******
Reference: [&R] (STRCA:9.0,(BUCRH:12.379354,((PELCR:9.0,EGRGA:9.0):2.364487,PYGAD:16.422716):1.80717):19.438760000000002);

Estimated: [&R] (STRCA:14.21938,(BUCRH:12.379354,((PELCR:9.0,EGRGA:9.0):2.364487,PYGAD:16.422716):1.80717):14.21938):0.0;

Symmetric difference: 0

******* Test case - 150 *******
Reference: [&R] ((TAUER:9.329501,(CALAN:17.401965,NESNO:18.987496):0.019129):0.063621,(MESUN:9.952638,PHORU:16.0):0.053602):19.337989;

Estimated: [&R] (CALAN:8.700983,(NESNO:18.987496,((MESUN:9.952638,PHORU:16.0):0.117223,TAUER:9.329501):0.019129):8.700983):0.0;

Symmetric difference: 4

******* Test case - 151 *******
Reference: [&R] (((CATAU:9.0,HALAL:16.0):0.975257,(COLST:9.15859,NESNO:17.316482999999998):0.075049):7.016703000000001,GALGA:15.095479999999998):14.0;

Estimated: [&R] (HALAL:8.0,(((COLST:9.15859,NESNO:17.316483):0.075049,GALGA:22.112183):0.975257,CATAU:9.0):8.0):0.0;

Symmetric difference: 4

******* Test case - 152 *******
Reference: [&R] (((TYTAL:9.08516,GEOFO:35.385858):1.577943,(FULGL:11.180699,EURHE:9.799862):0.049187):0.100771,PHORU:16.053602):19.337989;

Estimated: [&R] (GEOFO:17.692929,(((FULGL:11.180699,EURHE:9.799862):0.049187,PHORU:16.154373):1.577943,TYTAL:9.08516):17.692929):0.0;

Symmetric difference: 4

******* Test case - 153 *******
Reference: [&R] (((HALLE:16.975257,(LEPDI:9.0,APAVI:9.267943):0.873344):1.577943,APTFO:18.229886000000004):5.43876,ANAPL:13.778065999999999):14.0;

Estimated: [&R] (ANAPL:9.608413,((HALLE:16.975257,(LEPDI:9.0,APAVI:9.267943):0.873344):1.577943,APTFO:18.229886):9.608413):0.0;

Symmetric difference: 0

******* Test case - 154 *******
Reference: [&R] (((ACACH:9.0,(MANVI:9.0,GEOFO:23.0):4.098749):9.865051999999999,BALRE:9.116068):5.43876,ANAPL:13.778065999999999):14.0;

Estimated: [&R] ((ACACH:9.0,(MANVI:9.0,GEOFO:23.0):4.098749):4.932526,(BALRE:9.116068,ANAPL:19.216826):4.932526):0.0;

Symmetric difference: 2

******* Test case - 155 *******
Reference: [&R] (TINMA:9.0,(((CORBR:26.994325999999997,NESNO:16.0):3.070246,PODCR:16.053602):5.337989,GALGA:15.095479999999998):7.0):7.0;

Estimated: [&R] (TINMA:8.0,(((CORBR:26.994326,NESNO:16.0):3.070246,PODCR:16.053602):5.337989,GALGA:15.09548):8.0):0.0;

Symmetric difference: 0

******* Test case - 156 *******
Reference: [&R] ((PICPU:12.79305,(PELCR:11.364487,(PYGAD:9.0,APTFO:9.0):7.422716):1.80717):5.43876,MELGA:15.095479999999998):14.0;

Estimated: [&R] (PICPU:6.396525,((PELCR:11.364487,(PYGAD:9.0,APTFO:9.0):7.422716):1.80717,MELGA:20.53424):6.396525):0.0;

Symmetric difference: 2

******* Test case - 157 *******
Reference: [&R] (CUCCA:9.197476,((CATAU:9.0,HALLE:16.0):0.975257,(BUCRH:10.726362,FALPE:10.035583):0.075049):1.6150930000000001):19.40161;

Estimated: [&R] (BUCRH:5.363181,(FALPE:10.035583,(CUCCA:10.812569,(CATAU:9.0,HALLE:16.0):0.975257):0.075049):5.363181):0.0;

Symmetric difference: 4

******* Test case - 158 *******
Reference: [&R] ((((CATAU:9.0,HALAL:16.0):0.975257,FALPE:10.110632):1.577943,PHALE:9.849048999999999):0.100771,COLLI:9.122859):19.337989;

Estimated: [&R] (COLLI:4.611815,(((CATAU:9.0,HALAL:16.0):0.975257,FALPE:10.110632):1.577943,PHALE:9.849049):4.611815):0.0;

Symmetric difference: 0

******* Test case - 159 *******
Reference: [&R] ((BUCRH:10.726362,((CORBR:9.0,TAEGU:16.0):17.994326,MELUN:16.0):1.316483):1.652992,PYGAD:18.229886000000004):19.438760000000002;

Estimated: [&R] ((CORBR:9.0,TAEGU:16.0):8.997163,(MELUN:16.0,(PYGAD:19.882878,BUCRH:10.726362):1.316483):8.997163):0.0;

Symmetric difference: 4

******* Test case - 160 *******
Reference: [&R] ((CUCCA:9.197476,(CHAPE:17.401965,(MANVI:22.963801,EURHE:9.849048999999999):0.018021):0.019129):5.401610000000001,GALGA:15.095479999999998):14.0;

Estimated: [&R] (EURHE:4.924524,(((GALGA:20.49709,CUCCA:9.197476):0.019129,CHAPE:17.401965):0.018021,MANVI:22.963801):4.924524):0.0;

Symmetric difference: 6

******* Test case - 161 *******
Reference: [&R] (((HALLE:9.0,HALAL:9.0):7.975257,LEPDI:9.873344):1.577943,(GAVST:9.69537,BALRE:9.10538):0.010688):19.438760000000002;

Estimated: [&R] (LEPDI:4.936672,((GAVST:9.69537,BALRE:9.10538):1.588631,(HALLE:9.0,HALAL:9.0):7.975257):4.936672):0.0;

Symmetric difference: 2

******* Test case - 162 *******
Reference: [&R] (CHLUN:9.329501,(HALLE:16.975257,(PICPU:11.140058,(TAEGU:9.0,GEOFO:9.0):26.310808999999995):0.075049):1.6150930000000001):19.40161;

Estimated: [&R] ((TAEGU:9.0,GEOFO:9.0):13.155404,((CHLUN:10.944594,HALLE:16.975257):0.075049,PICPU:11.140058):13.155404):0.0;

Symmetric difference: 4

******* Test case - 163 *******
Reference: [&R] (((LEPDI:9.798295,MANVI:21.310809):1.652992,(NIPNI:10.973404,PYGAD:16.422716):1.80717):0.100771,PTEGU:10.00624):19.337989;

Estimated: [&R] (LEPDI:4.899147,(MANVI:21.310809,((NIPNI:10.973404,PYGAD:16.422716):1.80717,PTEGU:10.107011):1.652992):4.899147):0.0;

Symmetric difference: 4

******* Test case - 164 *******
Reference: [&R] (CHLUN:9.329501,((ACACH:9.0,MANVI:13.098749):9.865051999999999,(NIPNI:10.973404,APTFO:16.422716):1.80717):0.03715):19.40161;

Estimated: [&R] ((ACACH:9.0,MANVI:13.098749):4.932526,((NIPNI:10.973404,APTFO:16.422716):1.80717,CHLUN:9.366651):4.932526):0.0;

Symmetric difference: 2

******* Test case - 165 *******
Reference: [&R] (((HALAL:16.975257,(LEPDI:9.0,APAVI:9.267943):0.873344):1.577943,EURHE:9.849048999999999):0.100771,PHORU:16.053602):19.337989;

Estimated: [&R] (APAVI:4.633972,(((EURHE:9.849049,PHORU:16.154373):1.577943,HALAL:16.975257):0.873344,LEPDI:9.0):4.633972):0.0;

Symmetric difference: 6

******* Test case - 166 *******
Reference: [&R] ((TAUER:9.329501,((COLST:9.0,LEPDI:9.639705):0.15859,NESNO:17.316482999999998):1.690142):0.063621,MESUN:10.00624):19.337989;

Estimated: [&R] (NESNO:8.658241,((MESUN:10.069861,TAUER:9.329501):1.690142,(COLST:9.0,LEPDI:9.639705):0.15859):8.658241):0.0;

Symmetric difference: 4

******* Test case - 167 *******
Reference: [&R] ((CHAPE:17.401965,(COLST:10.811582,BALRE:9.116068):0.018021):0.08274999999999999,(COLLI:9.0,PTEGU:9.883381):0.122859):19.337989;

Estimated: [&R] (COLST:5.405791,(BALRE:9.116068,((COLLI:9.0,PTEGU:9.883381):0.205609,CHAPE:17.401965):0.018021):5.405791):0.0;

Symmetric difference: 4

******* Test case - 168 *******
Reference: [&R] (((TYTAL:9.08516,NESNO:17.391531999999998):1.577943,(NIPNI:12.731387000000002,EURHE:9.799862):0.049187):0.100771,PTEGU:10.00624):19.337989;

Estimated: [&R] (TYTAL:4.54258,(NESNO:17.391532,((NIPNI:12.731387,EURHE:9.799862):0.049187,PTEGU:10.107011):1.577943):4.54258):0.0;

Symmetric difference: 4

******* Test case - 169 *******
Reference: [&R] (CHLUN:9.329501,((HALLE:16.975257,MELUN:17.391531999999998):1.577943,(NIPNI:12.731387000000002,PHALE:9.799862):0.049187):0.03715):19.40161;

Estimated: [&R] ((HALLE:16.975257,MELUN:17.391532):0.788972,((NIPNI:12.731387,PHALE:9.799862):0.049187,CHLUN:9.366651):0.788972):0.0;

Symmetric difference: 2

******* Test case - 170 *******
Reference: [&R] (CALAN:17.401965,(TYTAL:10.663103,((FULGL:11.180699,EURHE:9.799862):0.038499,BALRE:9.10538):0.010688):0.018021):19.420739;

Estimated: [&R] (CALAN:8.709993,(TYTAL:10.663103,((FULGL:11.180699,EURHE:9.799862):0.038499,BALRE:9.10538):0.010688):8.709993):0.0;

Symmetric difference: 0

******* Test case - 171 *******
Reference: [&R] (STRCA:9.0,((TYTAL:10.663103,(PELCR:13.160969000000001,CHAVO:9.10538):0.010688):0.100771,MESUN:10.00624):19.337989);

Estimated: [&R] ((TYTAL:10.663103,(PELCR:13.160969,CHAVO:9.10538):0.010688):0.050385,(MESUN:10.00624,STRCA:28.337989):0.050385):0.0;

Symmetric difference: 2

******* Test case - 172 *******
Reference: [&R] (TINMA:9.0,(((CATAU:11.5532,NIPNI:12.780574000000001):0.100771,MESUN:10.00624):5.337989,MELGA:15.095479999999998):7.0):7.0;

Estimated: [&R] (TINMA:8.0,(((CATAU:11.5532,NIPNI:12.780574):0.100771,MESUN:10.00624):5.337989,MELGA:15.09548):8.0):0.0;

Symmetric difference: 0

******* Test case - 173 *******
Reference: [&R] (CUCCA:9.197476,((CATAU:9.975257000000001,CARCR:9.561083):1.577943,(OPHHO:9.0,GAVST:9.695371):0.010687):0.03715):19.40161;

Estimated: [&R] ((CUCCA:9.234626,(CATAU:9.975257,CARCR:9.561083):1.577943):0.005344,(OPHHO:9.0,GAVST:9.695371):0.005344):0.0;

Symmetric difference: 2

******* Test case - 174 *******
Reference: [&R] ((CHAPE:17.401965,(CARCR:11.139026,(OPHHO:9.0,PHACA:11.994142):0.010687):0.018021):5.420739,MELGA:15.095479999999998):14.0;

Estimated: [&R] (CHAPE:8.700983,((CARCR:11.139026,(OPHHO:9.0,PHACA:11.994142):0.010687):0.018021,MELGA:20.516219):8.700983):0.0;

Symmetric difference: 2

******* Test case - 175 *******
Reference: [&R] (TINMA:9.0,((CHLUN:9.329501,(GEOFO:36.963801,GAVST:9.706058):0.03715):5.401610000000001,GALGA:15.095479999999998):7.0):7.0;

Estimated: [&R] (GEOFO:18.4819,(GAVST:9.706058,((GALGA:15.09548,TINMA:16.0):5.40161,CHLUN:9.329501):0.03715):18.4819):0.0;

Symmetric difference: 6

******* Test case - 176 *******
Reference: [&R] (((HALLE:16.975257,(APAVI:10.066238,FALPE:10.035583):0.075049):1.577943,PHALE:9.849048999999999):0.100771,COLLI:9.122859):19.337989;

Estimated: [&R] (APAVI:5.033119,(FALPE:10.035583,((PHALE:9.849049,COLLI:9.22363):1.577943,HALLE:16.975257):0.075049):5.033119):0.0;

Symmetric difference: 6

******* Test case - 177 *******
Reference: [&R] ((LEPDI:9.798295,((ACACH:9.0,MANVI:13.098749):6.895577,MELUN:16.0):1.316483):1.753763,COLLI:9.122859):19.337989;

Estimated: [&R] (MELUN:8.0,((COLLI:10.876622,LEPDI:9.798295):1.316483,(ACACH:9.0,MANVI:13.098749):6.895577):8.0):0.0;

Symmetric difference: 4

******* Test case - 178 *******
Reference: [&R] (((CARCR:11.139026,APTFO:18.229886000000004):0.100771,MESUN:10.00624):5.337989,(MELGA:10.317414,ANAPL:9.0):4.778066):14.0;

Estimated: [&R] ((MELGA:10.317414,ANAPL:9.0):5.058027,((CARCR:11.139026,APTFO:18.229886):0.100771,MESUN:10.00624):5.058027):0.0;

Symmetric difference: 0

******* Test case - 179 *******
Reference: [&R] ((BUCRH:10.726362,(MELUN:9.0,NESNO:9.0):8.316483):1.652992,(NIPNI:10.973404,PYGAD:16.422716):1.80717):19.438760000000002;

Estimated: [&R] (BUCRH:5.363181,((MELUN:9.0,NESNO:9.0):8.316483,(NIPNI:10.973404,PYGAD:16.422716):3.460162):5.363181):0.0;

Symmetric difference: 2

******* Test case - 180 *******
Reference: [&R] (CUCCA:9.197476,(CHAPE:17.401965,((PICPU:11.140058,CORBR:28.310808999999995):1.652992,CHAVO:9.116068):0.018021):0.019129):19.40161;

Estimated: [&R] (PICPU:5.570029,(CORBR:28.310809,(CHAVO:9.116068,(CUCCA:9.216605,CHAPE:17.401965):0.018021):1.652992):5.570029):0.0;

Symmetric difference: 6

******* Test case - 181 *******
Reference: [&R] ((CALAN:9.0,CHAPE:9.0):8.401965,(TAEGU:36.963801,(PHACA:11.994141,BALRE:9.10538):0.010688):0.018021):19.420739;

Estimated: [&R] (TAEGU:18.4819,((PHACA:11.994141,BALRE:9.10538):0.010688,(CALAN:9.0,CHAPE:9.0):8.419986):18.4819):0.0;

Symmetric difference: 2

******* Test case - 182 *******
Reference: [&R] (((HALAL:16.975257,(ACACH:9.0,TAEGU:27.098748999999998):8.287109):1.577943,EURHE:9.849048999999999):5.43876,ANAPL:13.778065999999999):14.0;

Estimated: [&R] (TAEGU:13.549374,(((EURHE:9.849049,ANAPL:19.216826):1.577943,HALAL:16.975257):8.287109,ACACH:9.0):13.549374):0.0;

Symmetric difference: 6

******* Test case - 183 *******
Reference: [&R] ((((TYTAL:9.0,CATAU:9.890097):1.663103,CHAVO:9.116068):0.100771,COLLI:9.122859):5.337989,ANAPL:13.778065999999999):14.0;

Estimated: [&R] (ANAPL:9.558027,(((TYTAL:9.0,CATAU:9.890097):1.663103,CHAVO:9.116068):0.100771,COLLI:9.122859):9.558027):0.0;

Symmetric difference: 0

******* Test case - 184 *******
Reference: [&R] (((NIPNI:9.0,PELCR:9.391083):3.731387,EURHE:9.799862):0.14995799999999998,(PTEGU:9.952638,PHORU:16.0):0.053602):19.337989;

Estimated: [&R] (EURHE:4.899931,((PTEGU:9.952638,PHORU:16.0):0.20356,(NIPNI:9.0,PELCR:9.391083):3.731387):4.899931):0.0;

Symmetric difference: 2

******* Test case - 185 *******
Reference: [&R] (STRCA:9.0,(TAUER:9.329501,((PICPU:11.140058,CARCR:9.486034):1.652992,EURHE:9.849048999999999):0.03715):19.40161);

Estimated: [&R] (STRCA:14.200805,(TAUER:9.329501,((PICPU:11.140058,CARCR:9.486034):1.652992,EURHE:9.849049):0.03715):14.200805):0.0;

Symmetric difference: 0

******* Test case - 186 *******
Reference: [&R] ((CALAN:17.401965,(FALPE:11.688575,(EGRGA:13.160969000000001,BALRE:9.10538):0.010688):0.018021):0.08274999999999999,MESUN:10.00624):19.337989;

Estimated: [&R] (CALAN:8.700983,((FALPE:11.688575,(EGRGA:13.160969,BALRE:9.10538):0.010688):0.018021,MESUN:10.08899):8.700983):0.0;

Symmetric difference: 2

******* Test case - 187 *******
Reference: [&R] (((LEPDI:9.0,APAVI:9.267943):0.798295,(CORBR:9.0,TAEGU:16.0):19.310809):1.753763,PODCR:16.053602):19.337989;

Estimated: [&R] ((PODCR:17.807365,(LEPDI:9.0,APAVI:9.267943):0.798295):9.655404,(CORBR:9.0,TAEGU:16.0):9.655404):0.0;

Symmetric difference: 2

******* Test case - 188 *******
Reference: [&R] ((CALAN:17.401965,(GEOFO:36.963801,(PHACA:9.0,EGRGA:10.166828):3.004829):0.018021):0.08274999999999999,PTEGU:10.00624):19.337989;

Estimated: [&R] (GEOFO:18.4819,((PHACA:9.0,EGRGA:10.166828):3.004829,(PTEGU:10.08899,CALAN:17.401965):0.018021):18.4819):0.0;

Symmetric difference: 4

******* Test case - 189 *******
Reference: [&R] (STRCA:9.0,((CAPCA:10.401965,(COLST:10.811582,PELCR:13.171657000000002):0.018021):0.08274999999999999,MESUN:10.00624):19.337989);

Estimated: [&R] (STRCA:14.168995,((CAPCA:10.401965,(COLST:10.811582,PELCR:13.171657):0.018021):0.08275,MESUN:10.00624):14.168995):0.0;

Symmetric difference: 0

******* Test case - 190 *******
Reference: [&R] (((TYTAL:9.0,HALLE:16.890097):1.663103,(GAVST:9.0,NIPNI:12.074516000000001):0.706058):5.43876,MELGA:15.095479999999998):14.0;

Estimated: [&R] (GAVST:4.5,(NIPNI:12.074516,(MELGA:20.53424,(TYTAL:9.0,HALLE:16.890097):1.663103):0.706058):4.5):0.0;

Symmetric difference: 4

******* Test case - 191 *******
Reference: [&R] ((APAVI:10.066238,(CARCR:9.0,(MANVI:19.994326,NESNO:16.0):0.830449):0.486034):1.652992,APTFO:18.229886000000004):19.438760000000002;

Estimated: [&R] (MANVI:9.997163,(NESNO:16.0,((APTFO:19.882878,APAVI:10.066238):0.486034,CARCR:9.0):0.830449):9.997163):0.0;

Symmetric difference: 6

******* Test case - 192 *******
Reference: [&R] ((MERNU:11.140058,(GEOFO:33.994326,NESNO:16.0):1.316483):1.652992,(BALRE:9.0,CHAVO:9.0):0.116068):19.438760000000002;

Estimated: [&R] (GEOFO:16.997163,(NESNO:16.0,((BALRE:9.0,CHAVO:9.0):1.76906,MERNU:11.140058):1.316483):16.997163):0.0;

Symmetric difference: 4

******* Test case - 193 *******
Reference: [&R] (CAPCA:10.401965,((CATAU:9.975257000000001,(LEPDI:9.0,PICPU:10.341763):0.873344):1.577943,EURHE:9.849048999999999):0.018021):19.420739;

Estimated: [&R] (PICPU:5.170882,(((EURHE:9.849049,CAPCA:10.419986):1.577943,CATAU:9.975257):0.873344,LEPDI:9.0):5.170882):0.0;

Symmetric difference: 6

******* Test case - 194 *******
Reference: [&R] (((HALLE:16.975257,MERNU:11.215107):1.577943,(PYGAD:18.219198000000002,BALRE:9.10538):0.010688):0.100771,PHORU:16.053602):19.337989;

Estimated: [&R] (BALRE:4.55269,((PHORU:16.154373,(HALLE:16.975257,MERNU:11.215107):1.577943):0.010688,PYGAD:18.219198):4.55269):0.0;

Symmetric difference: 4

******* Test case - 195 *******
Reference: [&R] (TAUER:9.329501,(PICPU:11.140058,(CARCR:9.0,(ACACH:9.0,CORBR:20.098748999999998):7.726026):0.486034):1.690142):19.40161;

Estimated: [&R] ((ACACH:9.0,CORBR:20.098749):3.863013,((TAUER:11.019643,PICPU:11.140058):0.486034,CARCR:9.0):3.863013):0.0;

Symmetric difference: 4

******* Test case - 196 *******
Reference: [&R] (((COLST:9.0,(LEPDI:9.0,BUCRH:9.928067):0.639705):0.15859,ACACH:17.212059999999997):7.0917520000000005,MELGA:15.095479999999998):14.0;

Estimated: [&R] (MELGA:11.093616,((COLST:9.0,(LEPDI:9.0,BUCRH:9.928067):0.639705):0.15859,ACACH:17.21206):11.093616):0.0;

Symmetric difference: 0

******* Test case - 197 *******
Reference: [&R] ((CHAPE:17.401965,((HALLE:16.975257,FALPE:10.110632):1.577943,PELCR:13.171657000000002):0.018021):0.08274999999999999,PTEGU:10.00624):19.337989;

Estimated: [&R] (CHAPE:8.700983,(((HALLE:16.975257,FALPE:10.110632):1.577943,PELCR:13.171657):0.018021,PTEGU:10.08899):8.700983):0.0;

Symmetric difference: 2

******* Test case - 198 *******
Reference: [&R] ((CAPCA:10.401965,(OPHHO:9.0,BALRE:9.105381):0.028707999999999997):0.08274999999999999,(PTEGU:9.952638,PHORU:16.0):0.053602):19.337989;

Estimated: [&R] (((PTEGU:9.952638,PHORU:16.0):0.136352,CAPCA:10.401965):0.014354,(OPHHO:9.0,BALRE:9.105381):0.014354):0.0;

Symmetric difference: 2

******* Test case - 199 *******
Reference: [&R] ((APAVI:11.71923,(OPHHO:9.0,PHACA:11.994142):0.010687):0.100771,(PHORU:9.0,PODCR:9.0):7.053602):19.337989;

Estimated: [&R] (APAVI:5.859615,((OPHHO:9.0,PHACA:11.994142):0.010687,(PHORU:9.0,PODCR:9.0):7.154373):5.859615):0.0;

Symmetric difference: 2

******* Test case - 200 *******
Reference: [&R] (STRCA:9.0,((TAUER:9.329501,(COLST:10.811582,CHAVO:9.116068):0.03715):0.063621,COLLI:9.122859):19.337989);

Estimated: [&R] (COLST:5.405791,(CHAVO:9.116068,((COLLI:9.122859,STRCA:28.337989):0.063621,TAUER:9.329501):0.03715):5.405791):0.0;

Symmetric difference: 6

******* Test case - 201 *******
Reference: [&R] (((CAPCA:9.0,CHAPE:16.0):1.401965,(CORBR:9.0,TAEGU:16.0):20.981822):0.08274999999999999,COLLI:9.122859):19.337989;

Estimated: [&R] ((COLLI:9.205609,(CAPCA:9.0,CHAPE:16.0):1.401965):10.490911,(CORBR:9.0,TAEGU:16.0):10.490911):0.0;

Symmetric difference: 2

******* Test case - 202 *******
Reference: [&R] ((CHLUN:9.329501,(LEPDI:9.798295,(MANVI:9.0,GEOFO:23.0):12.310809000000003):1.690142):0.063621,PTEGU:10.00624):19.337989;

Estimated: [&R] ((MANVI:9.0,GEOFO:23.0):6.155405,((PTEGU:10.069861,CHLUN:9.329501):1.690142,LEPDI:9.798295):6.155405):0.0;

Symmetric difference: 4

******* Test case - 203 *******
Reference: [&R] ((BUCRH:12.379354,((PELCR:9.0,EGRGA:9.0):4.12247,PHALE:9.799862):0.049187):0.100771,COLLI:9.122859):19.337989;

Estimated: [&R] (COLLI:4.611815,(BUCRH:12.379354,((PELCR:9.0,EGRGA:9.0):4.12247,PHALE:9.799862):0.049187):4.611815):0.0;

Symmetric difference: 0

******* Test case - 204 *******
Reference: [&R] ((TAUER:9.0,CHLUN:9.0):0.32950100000000004,(TYTAL:10.663103,(EGRGA:11.364487,FULGL:9.422716):1.80717):0.03715):19.40161;

Estimated: [&R] ((TYTAL:10.663103,(EGRGA:11.364487,FULGL:9.422716):1.80717):0.183326,(TAUER:9.0,CHLUN:9.0):0.183326):0.0;

Symmetric difference: 0

******* Test case - 205 *******
Reference: [&R] (((HALAL:16.975257,FALPE:10.110632):1.577943,(FULGL:9.0,PYGAD:16.0):2.2298859999999996):5.43876,GALGA:15.095479999999998):14.0;

Estimated: [&R] ((HALAL:16.975257,FALPE:10.110632):0.788972,((FULGL:9.0,PYGAD:16.0):2.229886,GALGA:20.53424):0.788972):0.0;

Symmetric difference: 2

******* Test case - 206 *******
Reference: [&R] (TAUER:9.329501,((COLST:9.15859,MELUN:17.316482999999998):1.652992,(OPHHO:9.0,EURHE:9.838361999999998):0.010687):0.03715):19.40161;

Estimated: [&R] (COLST:4.579295,(MELUN:17.316483,((OPHHO:9.0,EURHE:9.838362):0.010687,TAUER:9.366651):1.652992):4.579295):0.0;

Symmetric difference: 4

******* Test case - 207 *******
Reference: [&R] (TINMA:9.0,((CATAU:11.5532,(APTFO:18.219198000000002,CHAVO:9.10538):0.010688):0.100771,PTEGU:10.00624):12.337989):7.0;

Estimated: [&R] (TINMA:10.668995,((CATAU:11.5532,(APTFO:18.219198,CHAVO:9.10538):0.010688):0.100771,PTEGU:10.00624):10.668995):0.0;

Symmetric difference: 0

******* Test case - 208 *******
Reference: [&R] (STRCA:9.0,((CUCCA:9.197476,(ACACH:15.895577,MELUN:16.0):3.006625):0.063621,MESUN:10.00624):19.337989);

Estimated: [&R] (MESUN:5.00312,(STRCA:28.337989,(CUCCA:9.197476,(ACACH:15.895577,MELUN:16.0):3.006625):0.063621):5.00312):0.0;

Symmetric difference: 2

******* Test case - 209 *******
Reference: [&R] ((CHAPE:17.401965,(MERNU:12.79305,(OPHHO:9.0,CHAVO:9.105381):0.010687):0.018021):5.420739,ANAPL:13.778065999999999):14.0;

Estimated: [&R] (MERNU:6.396525,((OPHHO:9.0,CHAVO:9.105381):0.010687,(ANAPL:19.198805,CHAPE:17.401965):0.018021):6.396525):0.0;

Symmetric difference: 4

******* Test case - 210 *******
Reference: [&R] (CALAN:17.401965,((APAVI:10.066238,MANVI:21.310809):1.652992,(PHACA:10.197659,FULGL:9.422716):1.80717):0.018021):19.420739;

Estimated: [&R] (CALAN:8.709993,((APAVI:10.066238,MANVI:21.310809):1.652992,(PHACA:10.197659,FULGL:9.422716):1.80717):8.709993):0.0;

Symmetric difference: 0

******* Test case - 211 *******
Reference: [&R] (CAPCA:10.401965,(CATAU:9.975257000000001,(BUCRH:10.726362,(MANVI:19.994326,MELUN:16.0):1.316483):0.075049):1.5959640000000002):19.420739;

Estimated: [&R] (MELUN:8.0,(((CAPCA:11.997929,CATAU:9.975257):0.075049,BUCRH:10.726362):1.316483,MANVI:19.994326):8.0):0.0;

Symmetric difference: 6

******* Test case - 212 *******
Reference: [&R] ((CATAU:9.975257000000001,(LEPDI:9.0,PICPU:10.341763):0.873344):1.577943,(FULGL:11.180699,PHALE:9.799862):0.049187):19.438760000000002;

Estimated: [&R] (PICPU:5.170882,(((FULGL:11.180699,PHALE:9.799862):1.62713,CATAU:9.975257):0.873344,LEPDI:9.0):5.170882):0.0;

Symmetric difference: 4

******* Test case - 213 *******
Reference: [&R] (TINMA:9.0,((CALAN:17.401965,(MERNU:11.140058,CORBR:28.310808999999995):1.671013):0.08274999999999999,MESUN:10.00624):12.337989):7.0;

Estimated: [&R] (TINMA:10.668995,((CALAN:17.401965,(MERNU:11.140058,CORBR:28.310809):1.671013):0.08275,MESUN:10.00624):10.668995):0.0;

Symmetric difference: 0

******* Test case - 214 *******
Reference: [&R] (((ACACH:9.0,TAEGU:27.098748999999998):9.965822999999997,(PHORU:9.0,PODCR:9.0):7.053602):5.337989,MELGA:15.095479999999998):14.0;

Estimated: [&R] ((ACACH:9.0,TAEGU:27.098749):4.982911,((PHORU:9.0,PODCR:9.0):7.053602,MELGA:20.433469):4.982911):0.0;

Symmetric difference: 2

******* Test case - 215 *******
Reference: [&R] (((CALAN:17.401965,TAEGU:36.981821999999994):0.08274999999999999,(MESUN:9.0,PTEGU:9.0):1.00624):5.337989,ANAPL:13.778065999999999):14.0;

Estimated: [&R] (CALAN:8.700983,(TAEGU:36.981822,((MESUN:9.0,PTEGU:9.0):1.00624,ANAPL:19.116055):0.08275):8.700983):0.0;

Symmetric difference: 4

******* Test case - 216 *******
Reference: [&R] (STRCA:9.0,(((TAUER:9.329501,APTFO:18.267036000000004):0.063621,PHORU:16.053602):5.337989,ANAPL:13.778065999999999):14.0);

Estimated: [&R] (STRCA:11.5,(((TAUER:9.329501,APTFO:18.267036):0.063621,PHORU:16.053602):5.337989,ANAPL:13.778066):11.5):0.0;

Symmetric difference: 0

******* Test case - 217 *******
Reference: [&R] ((HALLE:18.5532,((GAVST:9.0,APTFO:17.523828):0.6953699999999999,CHAVO:9.10538):0.010688):0.100771,PHORU:16.053602):19.337989;

Estimated: [&R] (CHAVO:4.55269,((PHORU:16.154373,HALLE:18.5532):0.010688,(GAVST:9.0,APTFO:17.523828):0.69537):4.55269):0.0;

Symmetric difference: 4

******* Test case - 218 *******
Reference: [&R] ((TAUER:9.329501,(CALAN:17.401965,(ACACH:9.0,TAEGU:27.098748999999998):9.883072999999998):0.019129):5.401610000000001,ANAPL:13.778065999999999):14.0;

Estimated: [&R] ((ACACH:9.0,TAEGU:27.098749):4.941536,((ANAPL:19.179676,TAUER:9.329501):0.019129,CALAN:17.401965):4.941536):0.0;

Symmetric difference: 4

******* Test case - 219 *******
Reference: [&R] ((TYTAL:9.08516,((APAVI:9.0,BUCRH:9.660124):1.066238,CARCR:9.486034):0.075049):1.577943,PHALE:9.849048999999999):19.438760000000002;

Estimated: [&R] (APAVI:4.5,(BUCRH:9.660124,(CARCR:9.486034,(PHALE:11.426992,TYTAL:9.08516):0.075049):1.066238):4.5):0.0;

Symmetric difference: 6

******* Test case - 220 *******
Reference: [&R] ((MERNU:11.140058,(CARCR:9.0,(MELUN:9.0,NESNO:9.0):7.830449):0.486034):1.753763,PHORU:16.053602):19.337989;

Estimated: [&R] (MERNU:5.570029,((CARCR:9.0,(MELUN:9.0,NESNO:9.0):7.830449):0.486034,PHORU:17.807365):5.570029):0.0;

Symmetric difference: 2

******* Test case - 221 *******
Reference: [&R] ((TYTAL:9.08516,(LEPDI:9.798295,MANVI:21.310809):0.075049):1.577943,(PELCR:13.122470000000002,EURHE:9.799862):0.049187):19.438760000000002;

Estimated: [&R] (MANVI:10.655404,(((PELCR:13.12247,EURHE:9.799862):1.62713,TYTAL:9.08516):0.075049,LEPDI:9.798295):10.655404):0.0;

Symmetric difference: 4

******* Test case - 222 *******
Reference: [&R] ((CAPCA:10.401965,(NIPNI:10.973404,APTFO:16.422716):1.825191):5.420739,(GALGA:10.317414,ANAPL:9.0):4.778066):14.0;

Estimated: [&R] ((GALGA:10.317414,ANAPL:9.0):5.099403,(CAPCA:10.401965,(NIPNI:10.973404,APTFO:16.422716):1.825191):5.099403):0.0;

Symmetric difference: 0

******* Test case - 223 *******
Reference: [&R] ((CALAN:17.401965,MELUN:18.987496):0.08274999999999999,((MESUN:9.0,PTEGU:9.0):0.952638,PODCR:16.0):0.053602):19.337989;

Estimated: [&R] (CALAN:8.700983,(MELUN:18.987496,((MESUN:9.0,PTEGU:9.0):0.952638,PODCR:16.0):0.136352):8.700983):0.0;

Symmetric difference: 2

******* Test case - 224 *******
Reference: [&R] ((CUCCA:9.197476,(HALAL:16.975257,(APAVI:10.066238,CORBR:28.310808999999995):0.075049):1.6150930000000001):5.401610000000001,GALGA:15.095479999999998):14.0;

Estimated: [&R] (CORBR:14.155404,(((GALGA:20.49709,CUCCA:9.197476):1.615093,HALAL:16.975257):0.075049,APAVI:10.066238):14.155404):0.0;

Symmetric difference: 6

******* Test case - 225 *******
Reference: [&R] (HALAL:16.975257,((APAVI:9.0,PICPU:10.07382):1.066238,(CORBR:26.994325999999997,NESNO:16.0):1.316483):0.075049):21.016703;

Estimated: [&R] (PICPU:5.03691,(((CORBR:26.994326,NESNO:16.0):1.316483,HALAL:17.050306):1.066238,APAVI:9.0):5.03691):0.0;

Symmetric difference: 4

******* Test case - 226 *******
Reference: [&R] ((HALLE:18.5532,((PYGAD:9.0,APTFO:9.0):9.219198,CHAVO:9.10538):0.010688):0.100771,PODCR:16.053602):19.337989;

Estimated: [&R] (PODCR:8.077187,(HALLE:18.5532,((PYGAD:9.0,APTFO:9.0):9.219198,CHAVO:9.10538):0.010688):8.077187):0.0;

Symmetric difference: 0

******* Test case - 227 *******
Reference: [&R] (STRCA:9.0,((FALPE:9.0,NESNO:16.2809):2.688575,(PHACA:10.197659,FULGL:9.422716):1.80717):19.438760000000002);

Estimated: [&R] (STRCA:14.21938,((FALPE:9.0,NESNO:16.2809):2.688575,(PHACA:10.197659,FULGL:9.422716):1.80717):14.21938):0.0;

Symmetric difference: 0

******* Test case - 228 *******
Reference: [&R] ((TAUER:9.393122,(PTEGU:9.952638,PHORU:16.0):0.053602):5.337989,(GALGA:10.317414,ANAPL:9.0):4.778066):14.0;

Estimated: [&R] ((GALGA:10.317414,ANAPL:9.0):5.058027,(TAUER:9.393122,(PTEGU:9.952638,PHORU:16.0):0.053602):5.058027):0.0;

Symmetric difference: 0

******* Test case - 229 *******
Reference: [&R] (TINMA:9.0,(((MERNU:12.79305,GAVST:9.706058):0.100771,MESUN:10.00624):5.337989,MELGA:15.095479999999998):7.0):7.0;

Estimated: [&R] (((MERNU:12.79305,GAVST:9.706058):0.100771,MESUN:10.00624):2.668995,(MELGA:15.09548,TINMA:16.0):2.668995):0.0;

Symmetric difference: 2

******* Test case - 230 *******
Reference: [&R] (((LEPDI:9.0,MERNU:10.341763):2.451287,(PELCR:13.122470000000002,EURHE:9.799862):0.049187):5.43876,GALGA:15.095479999999998):14.0;

Estimated: [&R] (MERNU:5.170882,(((PELCR:13.12247,EURHE:9.799862):0.049187,GALGA:20.53424):2.451287,LEPDI:9.0):5.170882):0.0;

Symmetric difference: 4

******* Test case - 231 *******
Reference: [&R] (CALAN:17.401965,((PICPU:11.140058,FALPE:10.035583):1.652992,(FULGL:11.219198,BALRE:9.10538):0.010688):0.018021):19.420739;

Estimated: [&R] (PICPU:5.570029,(FALPE:10.035583,((FULGL:11.219198,BALRE:9.10538):0.010688,CALAN:17.419986):1.652992):5.570029):0.0;

Symmetric difference: 4

******* Test case - 232 *******
Reference: [&R] (STRCA:9.0,((COLST:10.811582,(PHACA:11.955642000000001,EURHE:9.799862):0.049187):5.43876,ANAPL:13.778065999999999):14.0);

Estimated: [&R] (ANAPL:6.889033,(STRCA:23.0,(COLST:10.811582,(PHACA:11.955642,EURHE:9.799862):0.049187):5.43876):6.889033):0.0;

Symmetric difference: 2

******* Test case - 233 *******
Reference: [&R] (TAUER:9.329501,((COLST:9.15859,CORBR:28.310808999999995):1.652992,(EGRGA:13.122470000000002,EURHE:9.799862):0.049187):0.03715):19.40161;

Estimated: [&R] (COLST:4.579295,(CORBR:28.310809,((EGRGA:13.12247,EURHE:9.799862):0.049187,TAUER:9.366651):1.652992):4.579295):0.0;

Symmetric difference: 4

******* Test case - 234 *******
Reference: [&R] (TAUER:9.329501,(HALLE:16.975257,((COLST:9.0,LEPDI:9.639705):0.15859,MELUN:17.316482999999998):0.075049):1.6150930000000001):19.40161;

Estimated: [&R] ((TAUER:10.944594,HALLE:16.975257):0.037525,((COLST:9.0,LEPDI:9.639705):0.15859,MELUN:17.316483):0.037525):0.0;

Symmetric difference: 2

******* Test case - 235 *******
Reference: [&R] (((HALLE:16.975257,(LEPDI:9.798295,FALPE:10.035583):0.075049):1.577943,EGRGA:13.171657000000002):5.43876,GALGA:15.095479999999998):14.0;

Estimated: [&R] ((HALLE:16.975257,(LEPDI:9.798295,FALPE:10.035583):0.075049):0.788972,(EGRGA:13.171657,GALGA:20.53424):0.788972):0.0;

Symmetric difference: 2

******* Test case - 236 *******
Reference: [&R] (TINMA:9.0,((MANVI:22.963801,(GAVST:9.0,NIPNI:12.074516000000001):0.706058):5.43876,MELGA:15.095479999999998):7.0):7.0;

Estimated: [&R] (TINMA:8.0,((MANVI:22.963801,(GAVST:9.0,NIPNI:12.074516):0.706058):5.43876,MELGA:15.09548):8.0):0.0;

Symmetric difference: 0

******* Test case - 237 *******
Reference: [&R] (((HALAL:16.975257,(LEPDI:9.0,PICPU:10.341763):0.873344):1.678714,MESUN:10.00624):5.337989,GALGA:15.095479999999998):14.0;

Estimated: [&R] (PICPU:5.170882,(((MESUN:10.00624,GALGA:20.433469):1.678714,HALAL:16.975257):0.873344,LEPDI:9.0):5.170882):0.0;

Symmetric difference: 6

******* Test case - 238 *******
Reference: [&R] (((TAUER:9.329501,(APAVI:9.0,BUCRH:9.660124):2.75638):0.063621,COLLI:9.122859):5.337989,MELGA:15.095479999999998):14.0;

Estimated: [&R] (BUCRH:4.830062,(((COLLI:9.122859,MELGA:20.433469):0.063621,TAUER:9.329501):2.75638,APAVI:9.0):4.830062):0.0;

Symmetric difference: 6

******* Test case - 239 *******
Reference: [&R] (STRCA:9.0,((CORBR:29.963800999999997,(NIPNI:10.973404,FULGL:9.422716):1.80717):0.100771,COLLI:9.122859):19.337989);

Estimated: [&R] (STRCA:14.168995,((CORBR:29.963801,(NIPNI:10.973404,FULGL:9.422716):1.80717):0.100771,COLLI:9.122859):14.168995):0.0;

Symmetric difference: 0

******* Test case - 240 *******
Reference: [&R] ((CHAPE:17.401965,((BUCRH:10.726362,TAEGU:35.310809):1.652992,PHALE:9.849048999999999):0.018021):0.08274999999999999,MESUN:10.00624):19.337989;

Estimated: [&R] (TAEGU:17.655404,((PHALE:9.849049,(MESUN:10.08899,CHAPE:17.401965):0.018021):1.652992,BUCRH:10.726362):17.655404):0.0;

Symmetric difference: 6

******* Test case - 241 *******
Reference: [&R] (((TYTAL:9.08516,(COLST:9.0,MERNU:10.981468):0.233639):1.577943,EURHE:9.849048999999999):0.100771,COLLI:9.122859):19.337989;

Estimated: [&R] (MERNU:5.490734,(((EURHE:9.849049,COLLI:9.22363):1.577943,TYTAL:9.08516):0.233639,COLST:9.0):5.490734):0.0;

Symmetric difference: 6

******* Test case - 242 *******
Reference: [&R] (STRCA:9.0,(TINMA:9.0,(COLST:9.15859,(FALPE:9.0,NESNO:16.2809):1.035583):14.091752):7.0);

Estimated: [&R] ((STRCA:16.0,TINMA:9.0):7.045876,(COLST:9.15859,(FALPE:9.0,NESNO:16.2809):1.035583):7.045876):0.0;

Symmetric difference: 2

******* Test case - 243 *******
Reference: [&R] ((((BUCRH:9.0,PICPU:9.413696):1.726362,TAEGU:35.310809):1.652992,NIPNI:12.780574000000001):0.100771,COLLI:9.122859):19.337989;

Estimated: [&R] (TAEGU:17.655404,((NIPNI:12.780574,COLLI:9.22363):1.652992,(BUCRH:9.0,PICPU:9.413696):1.726362):17.655404):0.0;

Symmetric difference: 4

******* Test case - 244 *******
Reference: [&R] ((CHLUN:9.329501,((LEPDI:9.798295,CARCR:9.486034):1.652992,NIPNI:12.780574000000001):0.03715):0.063621,PODCR:16.053602):19.337989;

Estimated: [&R] ((LEPDI:9.798295,CARCR:9.486034):0.826496,(NIPNI:12.780574,(PODCR:16.117223,CHLUN:9.329501):0.03715):0.826496):0.0;

Symmetric difference: 4

******* Test case - 245 *******
Reference: [&R] (STRCA:9.0,((TYTAL:10.663103,(FULGL:11.180699,EURHE:9.799862):0.049187):5.43876,ANAPL:13.778065999999999):14.0);

Estimated: [&R] ((TYTAL:10.663103,(FULGL:11.180699,EURHE:9.799862):0.049187):2.71938,(ANAPL:13.778066,STRCA:23.0):2.71938):0.0;

Symmetric difference: 2

******* Test case - 246 *******
Reference: [&R] ((TAUER:9.0,CHLUN:9.0):0.32950100000000004,((CATAU:9.975257000000001,BUCRH:10.801411):1.577943,PHACA:12.004829):0.03715):19.40161;

Estimated: [&R] (BUCRH:5.400705,((PHACA:12.004829,(TAUER:9.0,CHLUN:9.0):0.366651):1.577943,CATAU:9.975257):5.400705):0.0;

Symmetric difference: 4

******* Test case - 247 *******
Reference: [&R] ((HALAL:18.5532,((GAVST:9.0,FULGL:10.523828):0.656871,EURHE:9.799862):0.049187):0.100771,COLLI:9.122859):19.337989;

Estimated: [&R] (EURHE:4.899931,((COLLI:9.22363,HALAL:18.5532):0.049187,(GAVST:9.0,FULGL:10.523828):0.656871):4.899931):0.0;

Symmetric difference: 4

******* Test case - 248 *******
Reference: [&R] (((COLST:9.15859,NESNO:17.316482999999998):1.652992,(EGRGA:11.364487,PYGAD:16.422716):1.80717):5.43876,GALGA:15.095479999999998):14.0;

Estimated: [&R] ((GALGA:20.53424,(COLST:9.15859,NESNO:17.316483):1.652992):0.903585,(EGRGA:11.364487,PYGAD:16.422716):0.903585):0.0;

Symmetric difference: 2

******* Test case - 249 *******
Reference: [&R] (CHAPE:17.401965,((CATAU:9.975257000000001,(CARCR:9.0,CORBR:27.824774999999995):0.561083):1.577943,NIPNI:12.780574000000001):0.018021):19.420739;

Estimated: [&R] ((CATAU:9.975257,(CARCR:9.0,CORBR:27.824775):0.561083):0.788972,(NIPNI:12.780574,CHAPE:17.419986):0.788972):0.0;

Symmetric difference: 2

******* Test case - 250 *******
Reference: [&R] ((CUCCA:9.197476,(HALLE:16.975257,(FALPE:9.0,MELUN:16.2809):1.1106319999999998):1.6150930000000001):0.063621,MESUN:10.00624):19.337989;

Estimated: [&R] (CUCCA:4.598738,((HALLE:16.975257,(FALPE:9.0,MELUN:16.2809):1.110632):1.615093,MESUN:10.069861):4.598738):0.0;

Symmetric difference: 2

******* Test case - 251 *******
Reference: [&R] ((ACACH:18.865052,GAVST:9.706058):0.100771,(COLLI:9.0,(MESUN:9.0,PTEGU:9.0):0.883381):0.122859):19.337989;

Estimated: [&R] (MESUN:4.5,(PTEGU:9.0,((ACACH:18.865052,GAVST:9.706058):0.22363,COLLI:9.0):0.883381):4.5):0.0;

Symmetric difference: 4

******* Test case - 252 *******
Reference: [&R] (STRCA:9.0,(TAUER:9.329501,(PICPU:12.79305,(OPHHO:9.0,CHAVO:9.105381):0.010687):0.03715):19.40161);

Estimated: [&R] (PICPU:6.396525,((OPHHO:9.0,CHAVO:9.105381):0.010687,(STRCA:28.40161,TAUER:9.329501):0.03715):6.396525):0.0;

Symmetric difference: 4

******* Test case - 253 *******
Reference: [&R] ((((CATAU:9.0,HALLE:16.0):0.975257,MANVI:21.385858):1.577943,NIPNI:12.780574000000001):0.100771,MESUN:10.00624):19.337989;

Estimated: [&R] (NIPNI:6.390287,(MESUN:10.107011,((CATAU:9.0,HALLE:16.0):0.975257,MANVI:21.385858):1.577943):6.390287):0.0;

Symmetric difference: 2

******* Test case - 254 *******
Reference: [&R] ((TAUER:9.329501,(MELUN:18.969475,(FULGL:11.219198,CHAVO:9.10538):0.010688):0.03715):5.401610000000001,ANAPL:13.778065999999999):14.0;

Estimated: [&R] (ANAPL:9.589838,(TAUER:9.329501,(MELUN:18.969475,(FULGL:11.219198,CHAVO:9.10538):0.010688):0.03715):9.589838):0.0;

Symmetric difference: 0

******* Test case - 255 *******
Reference: [&R] ((((APAVI:10.066238,CARCR:9.486034):1.652992,GAVST:9.706058):0.100771,COLLI:9.122859):5.337989,GALGA:15.095479999999998):14.0;

Estimated: [&R] (GALGA:10.216734,(((APAVI:10.066238,CARCR:9.486034):1.652992,GAVST:9.706058):0.100771,COLLI:9.122859):10.216734):0.0;

Symmetric difference: 0

******* Test case - 256 *******
Reference: [&R] ((CALAN:9.0,CHAPE:9.0):8.401965,((COLST:9.0,PICPU:10.981468):1.811582,PHACA:12.004829):0.018021):19.420739;

Estimated: [&R] (((COLST:9.0,PICPU:10.981468):1.811582,PHACA:12.004829):4.209993,(CALAN:9.0,CHAPE:9.0):4.209993):0.0;

Symmetric difference: 0

******* Test case - 257 *******
Reference: [&R] (CHLUN:9.329501,((CATAU:9.975257000000001,(CARCR:9.0,CORBR:27.824774999999995):0.561083):1.577943,PHALE:9.849048999999999):0.03715):19.40161;

Estimated: [&R] (PHALE:4.924524,(CHLUN:9.366651,(CATAU:9.975257,(CARCR:9.0,CORBR:27.824775):0.561083):1.577943):4.924524):0.0;

Symmetric difference: 2

******* Test case - 258 *******
Reference: [&R] ((HALLE:16.975257,(FALPE:9.0,TAEGU:34.275226):1.1106319999999998):1.577943,(FULGL:9.0,APTFO:16.0):2.2298859999999996):19.438760000000002;

Estimated: [&R] (TAEGU:17.137613,(((FULGL:9.0,APTFO:16.0):3.807829,HALLE:16.975257):1.110632,FALPE:9.0):17.137613):0.0;

Symmetric difference: 4

******* Test case - 259 *******
Reference: [&R] (OPHHO:9.0,(GAVST:9.0,((PHACA:9.0,EGRGA:10.166828):1.197659,FULGL:9.422716):1.101112):0.695371):19.449447;

Estimated: [&R] ((PHACA:9.0,EGRGA:10.166828):0.59883,(FULGL:9.422716,(OPHHO:9.695371,GAVST:9.0):1.101112):0.59883):0.0;

Symmetric difference: 4

******* Test case - 260 *******
Reference: [&R] ((HALAL:16.975257,(COLST:9.15859,(MANVI:9.0,TAEGU:23.0):12.310809000000003):0.075049):1.678714,PTEGU:10.00624):19.337989;

Estimated: [&R] ((MANVI:9.0,TAEGU:23.0):6.155405,((PTEGU:11.684954,HALAL:16.975257):0.075049,COLST:9.15859):6.155405):0.0;

Symmetric difference: 4

******* Test case - 261 *******
Reference: [&R] (((CUCCA:9.197476,(ACACH:18.865052,CHAVO:9.116068):0.03715):0.063621,PODCR:16.053602):5.337989,MELGA:15.095479999999998):14.0;

Estimated: [&R] (CUCCA:4.598738,((ACACH:18.865052,CHAVO:9.116068):0.03715,(PODCR:16.053602,MELGA:20.433469):0.063621):4.598738):0.0;

Symmetric difference: 4

******* Test case - 262 *******
Reference: [&R] (((CHLUN:9.329501,MELUN:19.006625):0.063621,(PTEGU:9.952638,PODCR:16.0):0.053602):5.337989,ANAPL:13.778065999999999):14.0;

Estimated: [&R] (ANAPL:9.558027,((CHLUN:9.329501,MELUN:19.006625):0.063621,(PTEGU:9.952638,PODCR:16.0):0.053602):9.558027):0.0;

Symmetric difference: 0

******* Test case - 263 *******
Reference: [&R] (TINMA:9.0,((CHLUN:9.329501,(CATAU:11.5532,PHACA:12.004829):0.03715):5.401610000000001,GALGA:15.095479999999998):7.0):7.0;

Estimated: [&R] (TINMA:8.0,((CHLUN:9.329501,(CATAU:11.5532,PHACA:12.004829):0.03715):5.40161,GALGA:15.09548):8.0):0.0;

Symmetric difference: 0

******* Test case - 264 *******
Reference: [&R] (CHLUN:9.329501,(BUCRH:10.726362,(CORBR:26.994325999999997,(MELUN:9.0,NESNO:9.0):7.0):1.316483):1.690142):19.40161;

Estimated: [&R] (CORBR:13.497163,((MELUN:9.0,NESNO:9.0):7.0,(CHLUN:11.019643,BUCRH:10.726362):1.316483):13.497163):0.0;

Symmetric difference: 4

******* Test case - 265 *******
Reference: [&R] (TAUER:9.329501,((FALPE:9.0,(TAEGU:33.994326,NESNO:16.0):0.2809):2.688575,GAVST:9.706058):0.03715):19.40161;

Estimated: [&R] (TAEGU:16.997163,(NESNO:16.0,((GAVST:9.706058,TAUER:9.366651):2.688575,FALPE:9.0):0.2809):16.997163):0.0;

Symmetric difference: 6

******* Test case - 266 *******
Reference: [&R] (CHLUN:9.329501,(CHAPE:17.401965,(HALAL:16.975257,(COLST:9.0,MERNU:10.981468):0.233639):1.5959640000000002):0.019129):19.40161;

Estimated: [&R] (MERNU:5.490734,(((CHLUN:9.34863,CHAPE:17.401965):1.595964,HALAL:16.975257):0.233639,COLST:9.0):5.490734):0.0;

Symmetric difference: 6

******* Test case - 267 *******
Reference: [&R] (TAUER:9.329501,((COLST:9.0,BUCRH:10.567772):1.811582,(OPHHO:9.0,PHACA:11.994142):0.010687):0.03715):19.40161;

Estimated: [&R] (BUCRH:5.283886,(((OPHHO:9.0,PHACA:11.994142):0.010687,TAUER:9.366651):1.811582,COLST:9.0):5.283886):0.0;

Symmetric difference: 4

******* Test case - 268 *******
Reference: [&R] ((CHAPE:17.401965,((MANVI:19.994326,MELUN:16.0):2.969475,OPHHO:9.010687):0.018021):0.08274999999999999,COLLI:9.122859):19.337989;

Estimated: [&R] (COLLI:4.602805,(CHAPE:17.401965,((MANVI:19.994326,MELUN:16.0):2.969475,OPHHO:9.010687):0.018021):4.602805):0.0;

Symmetric difference: 0

******* Test case - 269 *******
Reference: [&R] ((LEPDI:11.451286999999999,(OPHHO:9.0,FULGL:11.219199):0.010687):0.100771,(MESUN:9.0,PTEGU:9.0):1.00624):19.337989;

Estimated: [&R] (MESUN:4.5,(PTEGU:9.0,(LEPDI:11.451287,(OPHHO:9.0,FULGL:11.219199):0.010687):1.107011):4.5):0.0;

Symmetric difference: 2

******* Test case - 270 *******
Reference: [&R] (CUCCA:9.197476,((HALLE:16.975257,MELUN:17.391531999999998):1.577943,(OPHHO:9.0,BALRE:9.105381):0.010687):0.03715):19.40161;

Estimated: [&R] (MELUN:8.695766,(((OPHHO:9.0,BALRE:9.105381):0.010687,CUCCA:9.234626):1.577943,HALLE:16.975257):8.695766):0.0;

Symmetric difference: 4

******* Test case - 271 *******
Reference: [&R] ((CALAN:17.401965,((CATAU:9.975257000000001,FALPE:10.110632):1.577943,PYGAD:18.229886000000004):0.018021):5.420739,ANAPL:13.778065999999999):14.0;

Estimated: [&R] ((CATAU:9.975257,FALPE:10.110632):0.788972,(PYGAD:18.229886,(ANAPL:19.198805,CALAN:17.401965):0.018021):0.788972):0.0;

Symmetric difference: 4

******* Test case - 272 *******
Reference: [&R] (((MELUN:9.0,NESNO:9.0):9.969475,(NIPNI:9.0,EGRGA:9.391083):3.7805739999999997):0.100771,PTEGU:10.00624):19.337989;

Estimated: [&R] ((MELUN:9.0,NESNO:9.0):4.984737,((NIPNI:9.0,EGRGA:9.391083):3.780574,PTEGU:10.107011):4.984737):0.0;

Symmetric difference: 2

******* Test case - 273 *******
Reference: [&R] ((HALAL:16.975257,(LEPDI:9.798295,(CORBR:9.0,GEOFO:16.0):19.310809):0.075049):1.577943,GAVST:9.706058):19.438760000000002;

Estimated: [&R] (GAVST:5.642,(HALAL:16.975257,(LEPDI:9.798295,(CORBR:9.0,GEOFO:16.0):19.310809):0.075049):5.642):0.0;

Symmetric difference: 0

******* Test case - 274 *******
Reference: [&R] (CALAN:17.401965,((COLST:9.15859,MELUN:17.316482999999998):1.652992,(FULGL:11.180699,EURHE:9.799862):0.049187):0.018021):19.420739;

Estimated: [&R] (COLST:4.579295,(MELUN:17.316483,((FULGL:11.180699,EURHE:9.799862):0.049187,CALAN:17.419986):1.652992):4.579295):0.0;

Symmetric difference: 4

******* Test case - 275 *******
Reference: [&R] (((CALAN:17.401965,(TYTAL:9.08516,COLST:9.233639):1.5959640000000002):0.08274999999999999,PODCR:16.053602):5.337989,GALGA:15.095479999999998):14.0;

Estimated: [&R] (CALAN:8.700983,((TYTAL:9.08516,COLST:9.233639):1.595964,(PODCR:16.053602,GALGA:20.433469):0.08275):8.700983):0.0;

Symmetric difference: 4

******* Test case - 276 *******
Reference: [&R] (((TAUER:9.329501,(LEPDI:9.798295,CORBR:28.310808999999995):1.690142):0.063621,PODCR:16.053602):5.337989,GALGA:15.095479999999998):14.0;

Estimated: [&R] ((LEPDI:9.798295,CORBR:28.310809):0.845071,((PODCR:16.053602,GALGA:20.433469):0.063621,TAUER:9.329501):0.845071):0.0;

Symmetric difference: 4

******* Test case - 277 *******
Reference: [&R] (CHLUN:9.329501,((FALPE:9.0,(TAEGU:33.994326,MELUN:16.0):0.2809):2.688575,PELCR:13.171657000000002):0.03715):19.40161;

Estimated: [&R] (TAEGU:16.997163,(MELUN:16.0,((PELCR:13.171657,CHLUN:9.366651):2.688575,FALPE:9.0):0.2809):16.997163):0.0;

Symmetric difference: 6

******* Test case - 278 *******
Reference: [&R] (STRCA:9.0,((TAUER:9.329501,(TAEGU:33.994326,NESNO:16.0):3.006625):5.401610000000001,ANAPL:13.778065999999999):14.0);

Estimated: [&R] (TAEGU:16.997163,(NESNO:16.0,((ANAPL:13.778066,STRCA:23.0):5.40161,TAUER:9.329501):3.006625):16.997163):0.0;

Symmetric difference: 6

******* Test case - 279 *******
Reference: [&R] ((((COLST:9.0,LEPDI:9.639705):0.15859,GEOFO:35.310809):1.753763,COLLI:9.122859):5.337989,GALGA:15.095479999999998):14.0;

Estimated: [&R] (GEOFO:17.655404,((COLLI:9.122859,GALGA:20.433469):1.753763,(COLST:9.0,LEPDI:9.639705):0.15859):17.655404):0.0;

Symmetric difference: 4

******* Test case - 280 *******
Reference: [&R] ((CAPCA:9.0,CALAN:16.0):1.401965,(ACACH:18.865052,(EGRGA:13.160969000000001,CHAVO:9.10538):0.010688):0.018021):19.420739;

Estimated: [&R] (CALAN:8.0,((ACACH:18.865052,(EGRGA:13.160969,CHAVO:9.10538):0.010688):1.419986,CAPCA:9.0):8.0):0.0;

Symmetric difference: 2

******* Test case - 281 *******
Reference: [&R] (((GEOFO:33.994326,(MELUN:9.0,NESNO:9.0):7.0):2.969475,NIPNI:12.780574000000001):0.100771,MESUN:10.00624):19.337989;

Estimated: [&R] (GEOFO:16.997163,((MELUN:9.0,NESNO:9.0):7.0,(NIPNI:12.780574,MESUN:10.107011):2.969475):16.997163):0.0;

Symmetric difference: 4

******* Test case - 282 *******
Reference: [&R] ((TYTAL:10.663103,(NIPNI:12.769886000000001,CHAVO:9.10538):0.010688):0.100771,(COLLI:9.069257,PODCR:16.0):0.053602):19.337989;

Estimated: [&R] (PODCR:8.0,((TYTAL:10.663103,(NIPNI:12.769886,CHAVO:9.10538):0.010688):0.154373,COLLI:9.069257):8.0):0.0;

Symmetric difference: 2

******* Test case - 283 *******
Reference: [&R] ((CARCR:9.0,(TAEGU:9.0,GEOFO:9.0):25.824774999999995):2.1390260000000003,(PELCR:13.122470000000002,PHALE:9.799862):0.049187):19.438760000000002;

Estimated: [&R] (((PELCR:13.12247,PHALE:9.799862):2.188213,CARCR:9.0):12.912387,(TAEGU:9.0,GEOFO:9.0):12.912387):0.0;

Symmetric difference: 2

******* Test case - 284 *******
Reference: [&R] (STRCA:9.0,(PICPU:11.140058,(CARCR:9.0,(MANVI:9.0,GEOFO:23.0):11.824775000000002):0.486034):21.091752);

Estimated: [&R] (STRCA:15.045876,(PICPU:11.140058,(CARCR:9.0,(MANVI:9.0,GEOFO:23.0):11.824775):0.486034):15.045876):0.0;

Symmetric difference: 0

******* Test case - 285 *******
Reference: [&R] (((MANVI:22.963801,(PYGAD:9.0,APTFO:9.0):9.229886):0.100771,COLLI:9.122859):5.337989,ANAPL:13.778065999999999):14.0;

Estimated: [&R] (ANAPL:9.558027,((MANVI:22.963801,(PYGAD:9.0,APTFO:9.0):9.229886):0.100771,COLLI:9.122859):9.558027):0.0;

Symmetric difference: 0

******* Test case - 286 *******
Reference: [&R] (TINMA:9.0,(((LEPDI:9.0,BUCRH:9.928067):0.798295,GEOFO:35.310809):1.652992,PHACA:12.004829):12.43876):7.0;

Estimated: [&R] (GEOFO:17.655404,((PHACA:12.004829,TINMA:21.43876):1.652992,(LEPDI:9.0,BUCRH:9.928067):0.798295):17.655404):0.0;

Symmetric difference: 4

******* Test case - 287 *******
Reference: [&R] (((CAPCA:9.0,CALAN:16.0):1.401965,(PELCR:13.160969000000001,BALRE:9.10538):0.028709):5.420739,ANAPL:13.778065999999999):14.0;

Estimated: [&R] (ANAPL:9.599403,((CAPCA:9.0,CALAN:16.0):1.401965,(PELCR:13.160969,BALRE:9.10538):0.028709):9.599403):0.0;

Symmetric difference: 0

******* Test case - 288 *******
Reference: [&R] ((CHLUN:9.329501,(CHAPE:17.401965,CHAVO:9.134089):0.019129):0.063621,(COLLI:9.069257,PHORU:16.0):0.053602):19.337989;

Estimated: [&R] (CHAPE:8.700983,(CHAVO:9.134089,((COLLI:9.069257,PHORU:16.0):0.117223,CHLUN:9.329501):0.019129):8.700983):0.0;

Symmetric difference: 4

******* Test case - 289 *******
Reference: [&R] (((NIPNI:12.731387000000002,EURHE:9.799862):0.14995799999999998,(COLLI:9.0,PTEGU:9.883381):0.122859):5.337989,MELGA:15.095479999999998):14.0;

Estimated: [&R] (COLLI:4.5,(PTEGU:9.883381,(MELGA:20.433469,(NIPNI:12.731387,EURHE:9.799862):0.149958):0.122859):4.5):0.0;

Symmetric difference: 4

******* Test case - 290 *******
Reference: [&R] (CHLUN:9.329501,(CALAN:17.401965,(CORBR:29.963800999999997,(OPHHO:9.0,PYGAD:18.219199000000003):0.010687):0.018021):0.019129):19.40161;

Estimated: [&R] (CHLUN:4.674315,(CALAN:17.401965,(CORBR:29.963801,(OPHHO:9.0,PYGAD:18.219199):0.010687):0.018021):4.674315):0.0;

Symmetric difference: 0

******* Test case - 291 *******
Reference: [&R] (CUCCA:9.197476,((COLST:9.15859,FALPE:10.035583):1.652992,(PELCR:13.160969000000001,CHAVO:9.10538):0.010688):0.03715):19.40161;

Estimated: [&R] (FALPE:5.017792,(((PELCR:13.160969,CHAVO:9.10538):0.010688,CUCCA:9.234626):1.652992,COLST:9.15859):5.017792):0.0;

Symmetric difference: 4

******* Test case - 292 *******
Reference: [&R] (STRCA:9.0,((MELUN:18.969475,(OPHHO:9.0,GAVST:9.695371):0.010687):0.100771,MESUN:10.00624):19.337989);

Estimated: [&R] ((MELUN:18.969475,(OPHHO:9.0,GAVST:9.695371):0.010687):0.050385,(MESUN:10.00624,STRCA:28.337989):0.050385):0.0;

Symmetric difference: 2

******* Test case - 293 *******
Reference: [&R] ((LEPDI:9.798295,(CARCR:9.0,GEOFO:34.824775):0.486034):1.652992,(EGRGA:13.160969000000001,CHAVO:9.10538):0.010688):19.438760000000002;

Estimated: [&R] ((EGRGA:13.160969,CHAVO:9.10538):0.83184,(LEPDI:9.798295,(CARCR:9.0,GEOFO:34.824775):0.486034):0.83184):0.0;

Symmetric difference: 0

******* Test case - 294 *******
Reference: [&R] (((NIPNI:9.0,PELCR:9.391083):3.8813449999999996,PHORU:16.053602):5.337989,(GALGA:10.317414,ANAPL:9.0):4.778066):14.0;

Estimated: [&R] (PELCR:4.695542,((PHORU:16.053602,(GALGA:10.317414,ANAPL:9.0):10.116055):3.881345,NIPNI:9.0):4.695542):0.0;

Symmetric difference: 4

******* Test case - 295 *******
Reference: [&R] (((PICPU:11.140058,(FALPE:9.0,ACACH:16.176477):1.035583):1.652992,APTFO:18.229886000000004):0.100771,MESUN:10.00624):19.337989;

Estimated: [&R] (PICPU:5.570029,((FALPE:9.0,ACACH:16.176477):1.035583,(APTFO:18.229886,MESUN:10.107011):1.652992):5.570029):0.0;

Symmetric difference: 4

******* Test case - 296 *******
Reference: [&R] (((BUCRH:10.726362,(MANVI:19.994326,MELUN:16.0):1.316483):1.753763,PHORU:16.053602):5.337989,ANAPL:13.778065999999999):14.0;

Estimated: [&R] (MELUN:8.0,(((PHORU:16.053602,ANAPL:19.116055):1.753763,BUCRH:10.726362):1.316483,MANVI:19.994326):8.0):0.0;

Symmetric difference: 6

******* Test case - 297 *******
Reference: [&R] (((CHAPE:17.401965,(ACACH:9.0,MANVI:13.098749):9.883072999999998):0.08274999999999999,COLLI:9.122859):5.337989,GALGA:15.095479999999998):14.0;

Estimated: [&R] ((ACACH:9.0,MANVI:13.098749):4.941536,((COLLI:9.122859,GALGA:20.433469):0.08275,CHAPE:17.401965):4.941536):0.0;

Symmetric difference: 4

******* Test case - 298 *******
Reference: [&R] (((COLST:10.811582,BALRE:9.116068):0.100771,(COLLI:9.0,PTEGU:9.883381):0.122859):5.337989,GALGA:15.095479999999998):14.0;

Estimated: [&R] (COLST:5.405791,(BALRE:9.116068,((COLLI:9.0,PTEGU:9.883381):0.122859,GALGA:20.433469):0.100771):5.405791):0.0;

Symmetric difference: 4

******* Test case - 299 *******
Reference: [&R] (((MERNU:11.140058,FALPE:10.035583):1.652992,(NIPNI:12.731387000000002,PHALE:9.799862):0.049187):5.43876,MELGA:15.095479999999998):14.0;

Estimated: [&R] (MERNU:5.570029,(FALPE:10.035583,((NIPNI:12.731387,PHALE:9.799862):0.049187,MELGA:20.53424):1.652992):5.570029):0.0;

Symmetric difference: 4

******* Test case - 300 *******
Reference: [&R] ((CALAN:17.401965,(MANVI:22.963801,(NIPNI:9.0,EGRGA:9.391083):3.7805739999999997):0.018021):5.420739,GALGA:15.095479999999998):14.0;

Estimated: [&R] (CALAN:8.700983,((MANVI:22.963801,(NIPNI:9.0,EGRGA:9.391083):3.780574):0.018021,GALGA:20.516219):8.700983):0.0;

Symmetric difference: 2

