******* Test case - 1 *******
Reference: [&R] (STRCA:9.0,((HALLE:16.975257,(MERNU:11.140058,TAEGU:35.310809):0.075049):7.016703000000001,ANAPL:13.778065999999999):14.0);

Estimated: [&R] (STRCA:11.5,((HALLE:16.975257,(MERNU:11.140058,TAEGU:35.310809):0.075049):7.016703,ANAPL:13.778066):11.5):0.0;

Symmetric difference: 0

******* Test case - 2 *******
Reference: [&R] ((CHLUN:9.329501,(APAVI:11.71923,OPHHO:9.010687):0.03715):0.063621,(MESUN:9.952638,PHORU:16.0):0.053602):19.337989;

Estimated: [&R] (APAVI:5.859615,(OPHHO:9.010687,((MESUN:9.952638,PHORU:16.0):0.117223,CHLUN:9.329501):0.03715):5.859615):0.0;

Symmetric difference: 4

******* Test case - 3 *******
Reference: [&R] ((CHLUN:9.329501,((MERNU:11.140058,FALPE:10.035583):1.652992,FULGL:11.229886):0.03715):5.401610000000001,ANAPL:13.778065999999999):14.0;

Estimated: [&R] (MERNU:5.570029,(FALPE:10.035583,(FULGL:11.229886,(ANAPL:19.179676,CHLUN:9.329501):0.03715):1.652992):5.570029):0.0;

Symmetric difference: 6

******* Test case - 4 *******
Reference: [&R] (((CAPCA:10.401965,(FALPE:9.0,CORBR:27.275225999999996):2.7065960000000002):0.08274999999999999,MESUN:10.00624):5.337989,ANAPL:13.778065999999999):14.0;

Estimated: [&R] (ANAPL:9.558027,((CAPCA:10.401965,(FALPE:9.0,CORBR:27.275226):2.706596):0.08275,MESUN:10.00624):9.558027):0.0;

Symmetric difference: 0

******* Test case - 5 *******
Reference: [&R] (CUCCA:9.197476,((TYTAL:9.08516,MANVI:21.385858):1.577943,(OPHHO:9.0,NIPNI:12.769887):0.010687):0.03715):19.40161;

Estimated: [&R] (MANVI:10.692929,(((OPHHO:9.0,NIPNI:12.769887):0.010687,CUCCA:9.234626):1.577943,TYTAL:9.08516):10.692929):0.0;

Symmetric difference: 4

******* Test case - 6 *******
Reference: [&R] ((CALAN:17.401965,(HALAL:16.975257,(PICPU:11.140058,ACACH:17.212059999999997):0.075049):1.5959640000000002):5.420739,MELGA:15.095479999999998):14.0;

Estimated: [&R] (PICPU:5.570029,(ACACH:17.21206,((MELGA:20.516219,CALAN:17.401965):1.595964,HALAL:16.975257):0.075049):5.570029):0.0;

Symmetric difference: 6

******* Test case - 7 *******
Reference: [&R] (STRCA:9.0,(((LEPDI:9.798295,FALPE:10.035583):1.652992,EGRGA:13.171657000000002):5.43876,MELGA:15.095479999999998):14.0);

Estimated: [&R] (STRCA:11.5,(((LEPDI:9.798295,FALPE:10.035583):1.652992,EGRGA:13.171657):5.43876,MELGA:15.09548):11.5):0.0;

Symmetric difference: 0

******* Test case - 8 *******
Reference: [&R] ((LEPDI:9.0,MERNU:10.341763):2.451287,((GAVST:9.0,EGRGA:12.465599000000001):0.6953699999999999,CHAVO:9.10538):0.010688):19.438760000000002;

Estimated: [&R] (MERNU:5.170882,(((GAVST:9.0,EGRGA:12.465599):0.69537,CHAVO:9.10538):2.461975,LEPDI:9.0):5.170882):0.0;

Symmetric difference: 2

******* Test case - 9 *******
Reference: [&R] (((HALLE:16.975257,MERNU:11.215107):1.577943,(PHACA:10.197659,FULGL:9.422716):1.80717):0.100771,PTEGU:10.00624):19.337989;

Estimated: [&R] (MERNU:5.607553,(((PHACA:10.197659,FULGL:9.422716):1.80717,PTEGU:10.107011):1.577943,HALLE:16.975257):5.607553):0.0;

Symmetric difference: 4

******* Test case - 10 *******
Reference: [&R] ((HALAL:16.975257,(CARCR:9.0,MANVI:20.824775):0.561083):1.577943,(OPHHO:9.0,PYGAD:18.219199000000003):0.010687):19.438760000000002;

Estimated: [&R] ((OPHHO:9.0,PYGAD:18.219199):0.794315,(HALAL:16.975257,(CARCR:9.0,MANVI:20.824775):0.561083):0.794315):0.0;

Symmetric difference: 0

******* Test case - 11 *******
Reference: [&R] (((CUCCA:9.0,CHLUN:9.132025):0.197476,(CORBR:26.994325999999997,MELUN:16.0):3.006625):0.063621,PTEGU:10.00624):19.337989;

Estimated: [&R] (CORBR:13.497163,(MELUN:16.0,(PTEGU:10.069861,(CUCCA:9.0,CHLUN:9.132025):0.197476):3.006625):13.497163):0.0;

Symmetric difference: 4

******* Test case - 12 *******
Reference: [&R] (((CATAU:9.975257000000001,MERNU:11.215107):1.577943,(EGRGA:13.122470000000002,EURHE:9.799862):0.049187):0.100771,PTEGU:10.00624):19.337989;

Estimated: [&R] (EURHE:4.899931,((PTEGU:10.107011,(CATAU:9.975257,MERNU:11.215107):1.577943):0.049187,EGRGA:13.12247):4.899931):0.0;

Symmetric difference: 4

******* Test case - 13 *******
Reference: [&R] ((((HALLE:16.975257,NESNO:17.391531999999998):1.577943,PYGAD:18.229886000000004):0.100771,COLLI:9.122859):5.337989,GALGA:15.095479999999998):14.0;

Estimated: [&R] (HALLE:8.487628,(NESNO:17.391532,(PYGAD:18.229886,(COLLI:9.122859,GALGA:20.433469):0.100771):1.577943):8.487628):0.0;

Symmetric difference: 6

******* Test case - 14 *******
Reference: [&R] ((CATAU:9.975257000000001,(PICPU:11.140058,(MANVI:9.0,TAEGU:23.0):12.310809000000003):0.075049):1.577943,EGRGA:13.171657000000002):19.438760000000002;

Estimated: [&R] ((MANVI:9.0,TAEGU:23.0):6.155405,((EGRGA:14.7496,CATAU:9.975257):0.075049,PICPU:11.140058):6.155405):0.0;

Symmetric difference: 4

******* Test case - 15 *******
Reference: [&R] ((CALAN:9.0,CHAPE:9.0):8.401965,(FALPE:11.688575,(FULGL:11.219198,BALRE:9.10538):0.010688):0.018021):19.420739;

Estimated: [&R] (CALAN:4.5,(CHAPE:9.0,(FALPE:11.688575,(FULGL:11.219198,BALRE:9.10538):0.010688):8.419986):4.5):0.0;

Symmetric difference: 2

******* Test case - 16 *******
Reference: [&R] ((((MERNU:11.140058,CORBR:28.310808999999995):1.652992,NIPNI:12.780574000000001):0.100771,PTEGU:10.00624):5.337989,GALGA:15.095479999999998):14.0;

Estimated: [&R] (CORBR:14.155404,((NIPNI:12.780574,(PTEGU:10.00624,GALGA:20.433469):0.100771):1.652992,MERNU:11.140058):14.155404):0.0;

Symmetric difference: 6

******* Test case - 17 *******
Reference: [&R] (((LEPDI:9.0,BUCRH:9.928067):2.451287,(PHACA:9.0,PELCR:10.166828):3.004829):0.100771,PHORU:16.053602):19.337989;

Estimated: [&R] (BUCRH:4.964034,(((PHACA:9.0,PELCR:10.166828):3.004829,PHORU:16.154373):2.451287,LEPDI:9.0):4.964034):0.0;

Symmetric difference: 4

******* Test case - 18 *******
Reference: [&R] (((CATAU:9.975257000000001,(BUCRH:10.726362,FALPE:10.035583):0.075049):1.577943,CHAVO:9.116068):0.100771,PHORU:16.053602):19.337989;

Estimated: [&R] (BUCRH:5.363181,(FALPE:10.035583,((CHAVO:9.116068,PHORU:16.154373):1.577943,CATAU:9.975257):0.075049):5.363181):0.0;

Symmetric difference: 6

******* Test case - 19 *******
Reference: [&R] (((HALLE:16.975257,MANVI:21.385858):1.577943,(PELCR:13.122470000000002,EURHE:9.799862):0.049187):5.43876,ANAPL:13.778065999999999):14.0;

Estimated: [&R] (ANAPL:9.608413,((HALLE:16.975257,MANVI:21.385858):1.577943,(PELCR:13.12247,EURHE:9.799862):0.049187):9.608413):0.0;

Symmetric difference: 0

******* Test case - 20 *******
Reference: [&R] ((TAUER:9.329501,((HALLE:16.975257,COLST:9.233639):1.577943,NIPNI:12.780574000000001):0.03715):0.063621,PHORU:16.053602):19.337989;

Estimated: [&R] (COLST:4.61682,((NIPNI:12.780574,(PHORU:16.117223,TAUER:9.329501):0.03715):1.577943,HALLE:16.975257):4.61682):0.0;

Symmetric difference: 6

******* Test case - 21 *******
Reference: [&R] (((MERNU:11.140058,(MANVI:9.0,TAEGU:23.0):12.310809000000003):1.652992,EURHE:9.849048999999999):0.100771,PTEGU:10.00624):19.337989;

Estimated: [&R] ((MANVI:9.0,TAEGU:23.0):6.155405,((EURHE:9.849049,PTEGU:10.107011):1.652992,MERNU:11.140058):6.155405):0.0;

Symmetric difference: 4

******* Test case - 22 *******
Reference: [&R] ((((HALLE:16.975257,COLST:9.233639):1.577943,APTFO:18.229886000000004):0.100771,PHORU:16.053602):5.337989,MELGA:15.095479999999998):14.0;

Estimated: [&R] (COLST:4.61682,((APTFO:18.229886,(PHORU:16.053602,MELGA:20.433469):0.100771):1.577943,HALLE:16.975257):4.61682):0.0;

Symmetric difference: 6

******* Test case - 23 *******
Reference: [&R] (((HALAL:16.975257,MELUN:17.391531999999998):1.577943,(OPHHO:9.0,APTFO:18.219199000000003):0.010687):0.100771,COLLI:9.122859):19.337989;

Estimated: [&R] ((HALAL:16.975257,MELUN:17.391532):0.788972,((OPHHO:9.0,APTFO:18.219199):0.010687,COLLI:9.22363):0.788972):0.0;

Symmetric difference: 2

******* Test case - 24 *******
Reference: [&R] ((CALAN:17.401965,(MANVI:22.963801,(EGRGA:11.364487,FULGL:9.422716):1.80717):0.018021):0.08274999999999999,PODCR:16.053602):19.337989;

Estimated: [&R] (CALAN:8.700983,((MANVI:22.963801,(EGRGA:11.364487,FULGL:9.422716):1.80717):0.018021,PODCR:16.136352):8.700983):0.0;

Symmetric difference: 2

******* Test case - 25 *******
Reference: [&R] ((CUCCA:9.0,TAUER:9.132025):0.197476,((APAVI:9.0,MERNU:10.07382):1.066238,CARCR:9.486034):1.690142):19.40161;

Estimated: [&R] (MERNU:5.03691,((CARCR:9.486034,(CUCCA:9.0,TAUER:9.132025):1.887618):1.066238,APAVI:9.0):5.03691):0.0;

Symmetric difference: 4

******* Test case - 26 *******
Reference: [&R] (STRCA:9.0,(((TYTAL:9.0,HALAL:16.890097):0.08516,CARCR:9.561083):7.016703000000001,ANAPL:13.778065999999999):14.0);

Estimated: [&R] (STRCA:11.5,(((TYTAL:9.0,HALAL:16.890097):0.08516,CARCR:9.561083):7.016703,ANAPL:13.778066):11.5):0.0;

Symmetric difference: 0

******* Test case - 27 *******
Reference: [&R] ((CAPCA:10.401965,((CARCR:9.0,FALPE:9.549549):2.1390260000000003,EURHE:9.849048999999999):0.018021):5.420739,ANAPL:13.778065999999999):14.0;

Estimated: [&R] (EURHE:4.924524,((ANAPL:19.198805,CAPCA:10.401965):0.018021,(CARCR:9.0,FALPE:9.549549):2.139026):4.924524):0.0;

Symmetric difference: 4

******* Test case - 28 *******
Reference: [&R] (((LEPDI:9.798295,(CARCR:9.0,MELUN:16.830448999999998):0.486034):1.753763,MESUN:10.00624):5.337989,GALGA:15.095479999999998):14.0;

Estimated: [&R] ((CARCR:9.0,MELUN:16.830449):0.243017,((MESUN:10.00624,GALGA:20.433469):1.753763,LEPDI:9.798295):0.243017):0.0;

Symmetric difference: 4

******* Test case - 29 *******
Reference: [&R] ((CALAN:17.401965,(CORBR:29.963800999999997,(EGRGA:11.364487,APTFO:16.422716):1.80717):0.018021):0.08274999999999999,PTEGU:10.00624):19.337989;

Estimated: [&R] (CALAN:8.700983,((CORBR:29.963801,(EGRGA:11.364487,APTFO:16.422716):1.80717):0.018021,PTEGU:10.08899):8.700983):0.0;

Symmetric difference: 2

******* Test case - 30 *******
Reference: [&R] (TINMA:9.0,((APAVI:10.066238,(MANVI:9.0,CORBR:16.0):12.310809000000003):1.652992,CHAVO:9.116068):12.43876):7.0;

Estimated: [&R] ((MANVI:9.0,CORBR:16.0):6.155405,((CHAVO:9.116068,TINMA:21.43876):1.652992,APAVI:10.066238):6.155405):0.0;

Symmetric difference: 4

******* Test case - 31 *******
Reference: [&R] (STRCA:9.0,((CAPCA:10.401965,(FALPE:11.688575,PYGAD:18.229886000000004):0.018021):0.08274999999999999,PODCR:16.053602):19.337989);

Estimated: [&R] ((FALPE:11.688575,PYGAD:18.229886):0.00901,((PODCR:16.053602,STRCA:28.337989):0.08275,CAPCA:10.401965):0.00901):0.0;

Symmetric difference: 4

******* Test case - 32 *******
Reference: [&R] (((HALAL:16.975257,COLST:9.233639):1.577943,(PHACA:9.0,PELCR:10.166828):3.004829):0.100771,PODCR:16.053602):19.337989;

Estimated: [&R] (COLST:4.61682,(((PHACA:9.0,PELCR:10.166828):3.004829,PODCR:16.154373):1.577943,HALAL:16.975257):4.61682):0.0;

Symmetric difference: 4

******* Test case - 33 *******
Reference: [&R] (STRCA:9.0,(CUCCA:9.197476,(CAPCA:10.401965,(MERNU:12.79305,PHACA:12.004829):0.018021):0.019129):19.40161);

Estimated: [&R] (MERNU:6.396525,(PHACA:12.004829,((STRCA:28.40161,CUCCA:9.197476):0.019129,CAPCA:10.401965):0.018021):6.396525):0.0;

Symmetric difference: 6

******* Test case - 34 *******
Reference: [&R] (((APAVI:9.0,PICPU:10.07382):1.066238,(CORBR:9.0,TAEGU:16.0):19.310809):1.652992,BALRE:9.116068):19.438760000000002;

Estimated: [&R] ((BALRE:10.76906,(APAVI:9.0,PICPU:10.07382):1.066238):9.655404,(CORBR:9.0,TAEGU:16.0):9.655404):0.0;

Symmetric difference: 2

******* Test case - 35 *******
Reference: [&R] (TINMA:9.0,((NESNO:18.969475,PHALE:9.849048999999999):0.100771,(PTEGU:9.952638,PHORU:16.0):0.053602):12.337989):7.0;

Estimated: [&R] (TINMA:10.668995,((NESNO:18.969475,PHALE:9.849049):0.100771,(PTEGU:9.952638,PHORU:16.0):0.053602):10.668995):0.0;

Symmetric difference: 0

******* Test case - 36 *******
Reference: [&R] (TAUER:9.329501,(HALLE:18.5532,((GAVST:9.0,PHACA:11.298771):0.6953699999999999,BALRE:9.10538):0.010688):0.03715):19.40161;

Estimated: [&R] ((TAUER:9.366651,HALLE:18.5532):0.005344,((GAVST:9.0,PHACA:11.298771):0.69537,BALRE:9.10538):0.005344):0.0;

Symmetric difference: 2

******* Test case - 37 *******
Reference: [&R] ((CHLUN:9.329501,((EGRGA:11.364487,APTFO:16.422716):1.7964820000000001,BALRE:9.10538):0.047838):0.063621,PODCR:16.053602):19.337989;

Estimated: [&R] (EGRGA:5.682244,(APTFO:16.422716,(BALRE:9.10538,(PODCR:16.117223,CHLUN:9.329501):0.047838):1.796482):5.682244):0.0;

Symmetric difference: 6

******* Test case - 38 *******
Reference: [&R] ((CARCR:9.0,(TAEGU:33.994326,MELUN:16.0):0.830449):2.1390260000000003,(NIPNI:10.973404,APTFO:16.422716):1.80717):19.438760000000002;

Estimated: [&R] (APTFO:8.211358,((CARCR:9.0,(TAEGU:33.994326,MELUN:16.0):0.830449):3.946196,NIPNI:10.973404):8.211358):0.0;

Symmetric difference: 2

******* Test case - 39 *******
Reference: [&R] ((TYTAL:9.08516,LEPDI:9.873344):1.577943,(PYGAD:18.219198000000002,(BALRE:9.0,CHAVO:9.0):0.10538):0.010688):19.438760000000002;

Estimated: [&R] ((BALRE:9.0,CHAVO:9.0):0.05269,((TYTAL:9.08516,LEPDI:9.873344):1.588631,PYGAD:18.219198):0.05269):0.0;

Symmetric difference: 2

******* Test case - 40 *******
Reference: [&R] ((((APAVI:9.0,PICPU:10.07382):1.066238,CARCR:9.486034):1.652992,NIPNI:12.780574000000001):0.100771,PODCR:16.053602):19.337989;

Estimated: [&R] (PICPU:5.03691,((CARCR:9.486034,(NIPNI:12.780574,PODCR:16.154373):1.652992):1.066238,APAVI:9.0):5.03691):0.0;

Symmetric difference: 6

******* Test case - 41 *******
Reference: [&R] (((LEPDI:11.451286999999999,GAVST:9.706058):0.100771,(COLLI:9.0,MESUN:9.883381):0.122859):5.337989,ANAPL:13.778065999999999):14.0;

Estimated: [&R] (ANAPL:9.558027,((LEPDI:11.451287,GAVST:9.706058):0.100771,(COLLI:9.0,MESUN:9.883381):0.122859):9.558027):0.0;

Symmetric difference: 0

******* Test case - 42 *******
Reference: [&R] ((CAPCA:10.401965,((PICPU:11.140058,MELUN:17.316482999999998):1.652992,FULGL:11.229886):0.018021):5.420739,MELGA:15.095479999999998):14.0;

Estimated: [&R] (PICPU:5.570029,(MELUN:17.316483,(FULGL:11.229886,(MELGA:20.516219,CAPCA:10.401965):0.018021):1.652992):5.570029):0.0;

Symmetric difference: 6

******* Test case - 43 *******
Reference: [&R] ((CHLUN:9.329501,(FALPE:11.688575,(NIPNI:10.973404,FULGL:9.422716):1.80717):0.03715):0.063621,PODCR:16.053602):19.337989;

Estimated: [&R] ((PODCR:16.117223,CHLUN:9.329501):0.018575,(FALPE:11.688575,(NIPNI:10.973404,FULGL:9.422716):1.80717):0.018575):0.0;

Symmetric difference: 2

******* Test case - 44 *******
Reference: [&R] (((COLST:9.15859,(MANVI:9.0,CORBR:16.0):12.310809000000003):1.753763,COLLI:9.122859):5.337989,ANAPL:13.778065999999999):14.0;

Estimated: [&R] ((MANVI:9.0,CORBR:16.0):6.155405,((COLLI:9.122859,ANAPL:19.116055):1.753763,COLST:9.15859):6.155405):0.0;

Symmetric difference: 4

******* Test case - 45 *******
Reference: [&R] ((CHLUN:9.329501,((CATAU:9.975257000000001,GEOFO:35.385858):1.577943,PHACA:12.004829):0.03715):0.063621,MESUN:10.00624):19.337989;

Estimated: [&R] ((CATAU:9.975257,GEOFO:35.385858):0.788972,(PHACA:12.004829,(MESUN:10.069861,CHLUN:9.329501):0.03715):0.788972):0.0;

Symmetric difference: 4

******* Test case - 46 *******
Reference: [&R] ((CUCCA:9.197476,(CATAU:9.975257000000001,ACACH:17.287108999999997):1.6150930000000001):0.063621,(MESUN:9.952638,PODCR:16.0):0.053602):19.337989;

Estimated: [&R] (MESUN:4.976319,(PODCR:16.0,(CUCCA:9.197476,(CATAU:9.975257,ACACH:17.287109):1.615093):0.117223):4.976319):0.0;

Symmetric difference: 2

******* Test case - 47 *******
Reference: [&R] ((CUCCA:9.197476,((TYTAL:9.0,HALLE:16.890097):1.663103,EGRGA:13.171657000000002):0.03715):0.063621,MESUN:10.00624):19.337989;

Estimated: [&R] (CUCCA:4.598738,(((TYTAL:9.0,HALLE:16.890097):1.663103,EGRGA:13.171657):0.03715,MESUN:10.069861):4.598738):0.0;

Symmetric difference: 2

******* Test case - 48 *******
Reference: [&R] (CHLUN:9.329501,((LEPDI:9.798295,(CARCR:9.0,MELUN:16.830448999999998):0.486034):1.652992,PHACA:12.004829):0.03715):19.40161;

Estimated: [&R] ((LEPDI:9.798295,(CARCR:9.0,MELUN:16.830449):0.486034):0.826496,(PHACA:12.004829,CHLUN:9.366651):0.826496):0.0;

Symmetric difference: 2

******* Test case - 49 *******
Reference: [&R] (TAUER:9.329501,(((LEPDI:9.0,BUCRH:9.928067):0.798295,NESNO:17.316482999999998):1.652992,EGRGA:13.171657000000002):0.03715):19.40161;

Estimated: [&R] (BUCRH:4.964034,((NESNO:17.316483,(EGRGA:13.171657,TAUER:9.366651):1.652992):0.798295,LEPDI:9.0):4.964034):0.0;

Symmetric difference: 6

******* Test case - 50 *******
Reference: [&R] (((CAPCA:9.0,CALAN:16.0):1.401965,(GAVST:9.0,PHACA:11.298771):0.7240789999999999):0.08274999999999999,PTEGU:10.00624):19.337989;

Estimated: [&R] (CALAN:8.0,(((GAVST:9.0,PHACA:11.298771):0.724079,PTEGU:10.08899):1.401965,CAPCA:9.0):8.0):0.0;

Symmetric difference: 4

******* Test case - 51 *******
Reference: [&R] (STRCA:9.0,((TAUER:9.329501,(CATAU:9.975257000000001,LEPDI:9.873344):1.6150930000000001):0.063621,MESUN:10.00624):19.337989);

Estimated: [&R] (STRCA:14.168995,((TAUER:9.329501,(CATAU:9.975257,LEPDI:9.873344):1.615093):0.063621,MESUN:10.00624):14.168995):0.0;

Symmetric difference: 0

******* Test case - 52 *******
Reference: [&R] ((CHLUN:9.329501,(CARCR:9.0,NESNO:16.830448999999998):2.1761760000000003):0.063621,(MESUN:9.0,PTEGU:9.0):1.00624):19.337989;

Estimated: [&R] (MESUN:4.5,(PTEGU:9.0,(CHLUN:9.329501,(CARCR:9.0,NESNO:16.830449):2.176176):1.069861):4.5):0.0;

Symmetric difference: 2

******* Test case - 53 *******
Reference: [&R] (TINMA:9.0,(((HALLE:9.0,HALAL:9.0):7.975257,CORBR:28.385857999999995):7.016703000000001,GALGA:15.095479999999998):7.0):7.0;

Estimated: [&R] (TINMA:8.0,(((HALLE:9.0,HALAL:9.0):7.975257,CORBR:28.385858):7.016703,GALGA:15.09548):8.0):0.0;

Symmetric difference: 0

******* Test case - 54 *******
Reference: [&R] (((APAVI:9.0,PICPU:10.07382):1.066238,(CARCR:9.0,GEOFO:34.824775):0.486034):1.652992,PELCR:13.171657000000002):19.438760000000002;

Estimated: [&R] (GEOFO:17.412388,((PELCR:14.824649,(APAVI:9.0,PICPU:10.07382):1.066238):0.486034,CARCR:9.0):17.412388):0.0;

Symmetric difference: 4

******* Test case - 55 *******
Reference: [&R] (((APAVI:10.066238,MANVI:21.310809):1.652992,(PYGAD:18.219198000000002,CHAVO:9.10538):0.010688):0.100771,PODCR:16.053602):19.337989;

Estimated: [&R] (APAVI:5.033119,(MANVI:21.310809,((PYGAD:18.219198,CHAVO:9.10538):0.010688,PODCR:16.154373):1.652992):5.033119):0.0;

Symmetric difference: 4

******* Test case - 56 *******
Reference: [&R] (STRCA:9.0,(((MELUN:18.969475,GAVST:9.706058):0.100771,MESUN:10.00624):5.337989,GALGA:15.095479999999998):14.0);

Estimated: [&R] ((MELUN:18.969475,GAVST:9.706058):0.050385,(MESUN:10.00624,(GALGA:15.09548,STRCA:23.0):5.337989):0.050385):0.0;

Symmetric difference: 4

******* Test case - 57 *******
Reference: [&R] (STRCA:9.0,(CORBR:29.963800999999997,(GAVST:9.0,(NIPNI:10.973404,APTFO:16.422716):1.101112):0.706058):19.438760000000002);

Estimated: [&R] (APTFO:8.211358,(((STRCA:28.43876,CORBR:29.963801):0.706058,GAVST:9.0):1.101112,NIPNI:10.973404):8.211358):0.0;

Symmetric difference: 6

******* Test case - 58 *******
Reference: [&R] (CHAPE:17.401965,(FALPE:11.688575,((GAVST:9.656871,EURHE:9.799862):0.038499,BALRE:9.10538):0.010688):0.018021):19.420739;

Estimated: [&R] (CHAPE:8.709993,(FALPE:11.688575,((GAVST:9.656871,EURHE:9.799862):0.038499,BALRE:9.10538):0.010688):8.709993):0.0;

Symmetric difference: 0

******* Test case - 59 *******
Reference: [&R] ((LEPDI:9.798295,(GEOFO:33.994326,NESNO:16.0):1.316483):1.652992,(OPHHO:9.0,EURHE:9.838361999999998):0.010687):19.438760000000002;

Estimated: [&R] (GEOFO:16.997163,(NESNO:16.0,((OPHHO:9.0,EURHE:9.838362):1.663679,LEPDI:9.798295):1.316483):16.997163):0.0;

Symmetric difference: 4

******* Test case - 60 *******
Reference: [&R] (((CALAN:17.401965,(HALAL:18.5532,NIPNI:12.780574000000001):0.018021):0.08274999999999999,MESUN:10.00624):5.337989,ANAPL:13.778065999999999):14.0;

Estimated: [&R] ((CALAN:17.401965,(HALAL:18.5532,NIPNI:12.780574):0.018021):0.041375,(MESUN:10.00624,ANAPL:19.116055):0.041375):0.0;

Symmetric difference: 2

******* Test case - 61 *******
Reference: [&R] ((HALAL:16.975257,(GEOFO:33.994326,MELUN:16.0):1.391532):1.577943,(PHACA:9.0,NIPNI:9.775745):3.004829):19.438760000000002;

Estimated: [&R] ((PHACA:9.0,NIPNI:9.775745):2.291386,(HALAL:16.975257,(GEOFO:33.994326,MELUN:16.0):1.391532):2.291386):0.0;

Symmetric difference: 0

******* Test case - 62 *******
Reference: [&R] ((CARCR:9.0,MELUN:16.830448999999998):2.1390260000000003,(EGRGA:11.364487,(FULGL:9.0,APTFO:16.0):0.422716):1.80717):19.438760000000002;

Estimated: [&R] ((EGRGA:11.364487,(FULGL:9.0,APTFO:16.0):0.422716):1.973098,(CARCR:9.0,MELUN:16.830449):1.973098):0.0;

Symmetric difference: 0

******* Test case - 63 *******
Reference: [&R] ((CALAN:17.401965,((HALAL:16.975257,MANVI:21.385858):1.577943,OPHHO:9.010687):0.018021):0.08274999999999999,PHORU:16.053602):19.337989;

Estimated: [&R] (CALAN:8.700983,(((HALAL:16.975257,MANVI:21.385858):1.577943,OPHHO:9.010687):0.018021,PHORU:16.136352):8.700983):0.0;

Symmetric difference: 2

******* Test case - 64 *******
Reference: [&R] ((TAUER:9.329501,((HALAL:16.975257,BUCRH:10.801411):1.577943,NIPNI:12.780574000000001):0.03715):0.063621,MESUN:10.00624):19.337989;

Estimated: [&R] (BUCRH:5.400705,((NIPNI:12.780574,(MESUN:10.069861,TAUER:9.329501):0.03715):1.577943,HALAL:16.975257):5.400705):0.0;

Symmetric difference: 6

******* Test case - 65 *******
Reference: [&R] (((LEPDI:9.0,APAVI:9.267943):2.451287,EGRGA:13.171657000000002):5.43876,(GALGA:10.317414,ANAPL:9.0):4.778066):14.0;

Estimated: [&R] ((GALGA:10.317414,ANAPL:9.0):5.108413,((LEPDI:9.0,APAVI:9.267943):2.451287,EGRGA:13.171657):5.108413):0.0;

Symmetric difference: 0

******* Test case - 66 *******
Reference: [&R] (CUCCA:9.197476,((HALAL:16.975257,MERNU:11.215107):1.577943,(OPHHO:9.0,BALRE:9.105381):0.010687):0.03715):19.40161;

Estimated: [&R] (MERNU:5.607553,(((OPHHO:9.0,BALRE:9.105381):0.010687,CUCCA:9.234626):1.577943,HALAL:16.975257):5.607553):0.0;

Symmetric difference: 4

******* Test case - 67 *******
Reference: [&R] (CHLUN:9.329501,((APAVI:9.0,(BUCRH:9.0,MERNU:9.413696):0.660124):2.71923,FULGL:11.229886):0.03715):19.40161;

Estimated: [&R] (MERNU:4.706848,(((FULGL:11.229886,CHLUN:9.366651):2.71923,APAVI:9.0):0.660124,BUCRH:9.0):4.706848):0.0;

Symmetric difference: 6

******* Test case - 68 *******
Reference: [&R] (CUCCA:9.197476,(FALPE:11.688575,(OPHHO:9.0,(NIPNI:9.0,PELCR:9.391083):3.7698869999999998):0.010687):0.03715):19.40161;

Estimated: [&R] (CUCCA:4.617313,(FALPE:11.688575,(OPHHO:9.0,(NIPNI:9.0,PELCR:9.391083):3.769887):0.010687):4.617313):0.0;

Symmetric difference: 0

******* Test case - 69 *******
Reference: [&R] ((((CATAU:9.0,HALLE:16.0):0.975257,LEPDI:9.873344):1.577943,CHAVO:9.116068):5.43876,MELGA:15.095479999999998):14.0;

Estimated: [&R] (CHAVO:4.558034,(MELGA:20.53424,((CATAU:9.0,HALLE:16.0):0.975257,LEPDI:9.873344):1.577943):4.558034):0.0;

Symmetric difference: 2

******* Test case - 70 *******
Reference: [&R] (STRCA:9.0,((CUCCA:9.0,CHLUN:9.132025):0.197476,(CALAN:17.401965,APTFO:18.247907000000005):0.019129):19.40161);

Estimated: [&R] (CALAN:8.700983,(APTFO:18.247907,(STRCA:28.40161,(CUCCA:9.0,CHLUN:9.132025):0.197476):0.019129):8.700983):0.0;

Symmetric difference: 4

******* Test case - 71 *******
Reference: [&R] (((HALLE:9.0,HALAL:9.0):7.975257,(BUCRH:9.0,MERNU:9.413696):1.8014109999999999):7.016703000000001,ANAPL:13.778065999999999):14.0;

Estimated: [&R] (BUCRH:4.5,(MERNU:9.413696,(ANAPL:20.794769,(HALLE:9.0,HALAL:9.0):7.975257):1.801411):4.5):0.0;

Symmetric difference: 4

******* Test case - 72 *******
Reference: [&R] (CHLUN:9.329501,((COLST:9.0,MERNU:10.981468):0.15859,(CORBR:26.994325999999997,MELUN:16.0):1.316483):1.690142):19.40161;

Estimated: [&R] (MELUN:8.0,((CHLUN:11.019643,(COLST:9.0,MERNU:10.981468):0.15859):1.316483,CORBR:26.994326):8.0):0.0;

Symmetric difference: 4

******* Test case - 73 *******
Reference: [&R] ((MERNU:11.140058,MELUN:17.316482999999998):1.652992,(OPHHO:9.0,(EGRGA:11.364487,FULGL:9.422716):1.796483):0.010687):19.438760000000002;

Estimated: [&R] (MELUN:8.658241,((OPHHO:9.0,(EGRGA:11.364487,FULGL:9.422716):1.796483):1.663679,MERNU:11.140058):8.658241):0.0;

Symmetric difference: 2

******* Test case - 74 *******
Reference: [&R] ((CHLUN:9.329501,(NESNO:18.969475,(EGRGA:11.364487,FULGL:9.422716):1.80717):0.03715):5.401610000000001,MELGA:15.095479999999998):14.0;

Estimated: [&R] (FULGL:4.711358,(((MELGA:20.49709,CHLUN:9.329501):0.03715,NESNO:18.969475):1.80717,EGRGA:11.364487):4.711358):0.0;

Symmetric difference: 6

******* Test case - 75 *******
Reference: [&R] (((CHAPE:17.401965,(MERNU:11.140058,TAEGU:35.310809):1.671013):0.08274999999999999,PTEGU:10.00624):5.337989,MELGA:15.095479999999998):14.0;

Estimated: [&R] (MERNU:5.570029,(TAEGU:35.310809,((PTEGU:10.00624,MELGA:20.433469):0.08275,CHAPE:17.401965):1.671013):5.570029):0.0;

Symmetric difference: 6

******* Test case - 76 *******
Reference: [&R] (TINMA:9.0,((MERNU:12.79305,PYGAD:18.229886000000004):0.100771,(MESUN:9.952638,PHORU:16.0):0.053602):12.337989):7.0;

Estimated: [&R] (TINMA:10.668995,((MERNU:12.79305,PYGAD:18.229886):0.100771,(MESUN:9.952638,PHORU:16.0):0.053602):10.668995):0.0;

Symmetric difference: 0

******* Test case - 77 *******
Reference: [&R] (STRCA:9.0,(CHAPE:17.401965,(CATAU:9.975257000000001,(LEPDI:9.0,PICPU:10.341763):0.873344):1.5959640000000002):19.420739);

Estimated: [&R] (STRCA:14.21037,(CHAPE:17.401965,(CATAU:9.975257,(LEPDI:9.0,PICPU:10.341763):0.873344):1.595964):14.21037):0.0;

Symmetric difference: 0

******* Test case - 78 *******
Reference: [&R] ((CATAU:9.975257000000001,(BUCRH:10.726362,FALPE:10.035583):0.075049):1.577943,(PHACA:9.0,NIPNI:9.775745):3.004829):19.438760000000002;

Estimated: [&R] (BUCRH:5.363181,(FALPE:10.035583,((PHACA:9.0,NIPNI:9.775745):4.582772,CATAU:9.975257):0.075049):5.363181):0.0;

Symmetric difference: 4

******* Test case - 79 *******
Reference: [&R] (CHLUN:9.329501,(CAPCA:10.401965,(ACACH:18.865052,(PHACA:11.955642000000001,EURHE:9.799862):0.049187):0.018021):0.019129):19.40161;

Estimated: [&R] (EURHE:4.899931,(((CHLUN:9.34863,CAPCA:10.401965):0.018021,ACACH:18.865052):0.049187,PHACA:11.955642):4.899931):0.0;

Symmetric difference: 6

******* Test case - 80 *******
Reference: [&R] (CHLUN:9.329501,(FALPE:11.688575,(NIPNI:12.769886000000001,(BALRE:9.0,CHAVO:9.0):0.10538):0.010688):0.03715):19.40161;

Estimated: [&R] ((CHLUN:9.366651,FALPE:11.688575):0.005344,(NIPNI:12.769886,(BALRE:9.0,CHAVO:9.0):0.10538):0.005344):0.0;

Symmetric difference: 2

******* Test case - 81 *******
Reference: [&R] (STRCA:9.0,(((CATAU:9.0,HALLE:16.0):2.5532000000000004,OPHHO:9.010687):5.43876,ANAPL:13.778065999999999):14.0);

Estimated: [&R] (STRCA:11.5,(((CATAU:9.0,HALLE:16.0):2.5532,OPHHO:9.010687):5.43876,ANAPL:13.778066):11.5):0.0;

Symmetric difference: 0

******* Test case - 82 *******
Reference: [&R] ((((COLST:9.0,LEPDI:9.639705):0.15859,ACACH:17.212059999999997):1.652992,PELCR:13.171657000000002):0.100771,PODCR:16.053602):19.337989;

Estimated: [&R] (LEPDI:4.819852,((ACACH:17.21206,(PELCR:13.171657,PODCR:16.154373):1.652992):0.15859,COLST:9.0):4.819852):0.0;

Symmetric difference: 6

******* Test case - 83 *******
Reference: [&R] (TINMA:9.0,((NESNO:19.070246,MESUN:10.00624):5.337989,(MELGA:9.0,GALGA:9.0):6.09548):7.0):7.0;

Estimated: [&R] ((NESNO:19.070246,MESUN:10.00624):2.668995,((MELGA:9.0,GALGA:9.0):6.09548,TINMA:16.0):2.668995):0.0;

Symmetric difference: 2

******* Test case - 84 *******
Reference: [&R] ((PICPU:11.140058,ACACH:17.212059999999997):1.652992,(OPHHO:9.0,(FULGL:11.180699,PHALE:9.799862):0.0385):0.010687):19.438760000000002;

Estimated: [&R] (ACACH:8.60603,((OPHHO:9.0,(FULGL:11.180699,PHALE:9.799862):0.0385):1.663679,PICPU:11.140058):8.60603):0.0;

Symmetric difference: 2

******* Test case - 85 *******
Reference: [&R] (CHLUN:9.329501,(CHAPE:17.401965,(HALLE:16.975257,(APAVI:10.066238,FALPE:10.035583):0.075049):1.5959640000000002):0.019129):19.40161;

Estimated: [&R] (CHAPE:8.700983,((HALLE:16.975257,(APAVI:10.066238,FALPE:10.035583):0.075049):1.595964,CHLUN:9.34863):8.700983):0.0;

Symmetric difference: 2

******* Test case - 86 *******
Reference: [&R] (((TYTAL:9.08516,COLST:9.233639):1.678714,(MESUN:9.0,PTEGU:9.0):1.00624):5.337989,GALGA:15.095479999999998):14.0;

Estimated: [&R] (COLST:4.61682,(((MESUN:9.0,PTEGU:9.0):1.00624,GALGA:20.433469):1.678714,TYTAL:9.08516):4.61682):0.0;

Symmetric difference: 4

******* Test case - 87 *******
Reference: [&R] ((HALAL:16.975257,(TAEGU:33.994326,MELUN:16.0):1.391532):1.577943,(OPHHO:9.0,FULGL:11.219199):0.010687):19.438760000000002;

Estimated: [&R] (TAEGU:16.997163,(MELUN:16.0,((OPHHO:9.0,FULGL:11.219199):1.58863,HALAL:16.975257):1.391532):16.997163):0.0;

Symmetric difference: 4

******* Test case - 88 *******
Reference: [&R] (STRCA:9.0,((BUCRH:10.726362,CORBR:28.310808999999995):1.652992,(NIPNI:12.769886000000001,BALRE:9.10538):0.010688):19.438760000000002);

Estimated: [&R] (STRCA:14.21938,((BUCRH:10.726362,CORBR:28.310809):1.652992,(NIPNI:12.769886,BALRE:9.10538):0.010688):14.21938):0.0;

Symmetric difference: 0

******* Test case - 89 *******
Reference: [&R] (STRCA:9.0,((CUCCA:9.197476,ACACH:18.902202):0.063621,(COLLI:9.0,PTEGU:9.883381):0.122859):19.337989);

Estimated: [&R] (CUCCA:4.598738,(ACACH:18.902202,((COLLI:9.0,PTEGU:9.883381):0.122859,STRCA:28.337989):0.063621):4.598738):0.0;

Symmetric difference: 4

******* Test case - 90 *******
Reference: [&R] (STRCA:9.0,((CATAU:9.975257000000001,(FALPE:9.0,GEOFO:34.275226):1.1106319999999998):1.577943,PELCR:13.171657000000002):19.438760000000002);

Estimated: [&R] (GEOFO:17.137613,(((PELCR:13.171657,STRCA:28.43876):1.577943,CATAU:9.975257):1.110632,FALPE:9.0):17.137613):0.0;

Symmetric difference: 6

******* Test case - 91 *******
Reference: [&R] (((APAVI:9.0,MERNU:10.07382):1.066238,FALPE:10.035583):1.753763,(PTEGU:9.952638,PODCR:16.0):0.053602):19.337989;

Estimated: [&R] (MERNU:5.03691,((FALPE:10.035583,(PTEGU:9.952638,PODCR:16.0):1.807365):1.066238,APAVI:9.0):5.03691):0.0;

Symmetric difference: 4

******* Test case - 92 *******
Reference: [&R] ((CAPCA:10.401965,((COLST:9.15859,NESNO:17.316482999999998):1.652992,PYGAD:18.229886000000004):0.018021):5.420739,ANAPL:13.778065999999999):14.0;

Estimated: [&R] (ANAPL:9.599403,(CAPCA:10.401965,((COLST:9.15859,NESNO:17.316483):1.652992,PYGAD:18.229886):0.018021):9.599403):0.0;

Symmetric difference: 0

******* Test case - 93 *******
Reference: [&R] (TINMA:9.0,((TAUER:9.329501,(CARCR:9.0,ACACH:16.726025999999997):2.1761760000000003):5.401610000000001,GALGA:15.095479999999998):7.0):7.0;

Estimated: [&R] (TINMA:8.0,((TAUER:9.329501,(CARCR:9.0,ACACH:16.726026):2.176176):5.40161,GALGA:15.09548):8.0):0.0;

Symmetric difference: 0

******* Test case - 94 *******
Reference: [&R] (TINMA:9.0,(CUCCA:9.197476,(COLST:10.811582,(EGRGA:13.160969000000001,BALRE:9.10538):0.010688):0.03715):12.401610000000002):7.0;

Estimated: [&R] (TINMA:10.700805,(CUCCA:9.197476,(COLST:10.811582,(EGRGA:13.160969,BALRE:9.10538):0.010688):0.03715):10.700805):0.0;

Symmetric difference: 0

******* Test case - 95 *******
Reference: [&R] (((TAUER:9.329501,(CORBR:29.963800999999997,CHAVO:9.116068):0.03715):0.063621,PTEGU:10.00624):5.337989,ANAPL:13.778065999999999):14.0;

Estimated: [&R] (CORBR:14.9819,(CHAVO:9.116068,((PTEGU:10.00624,ANAPL:19.116055):0.063621,TAUER:9.329501):0.03715):14.9819):0.0;

Symmetric difference: 6

******* Test case - 96 *******
Reference: [&R] (((CUCCA:9.197476,(CHAPE:17.401965,PYGAD:18.247907000000005):0.019129):0.063621,PTEGU:10.00624):5.337989,ANAPL:13.778065999999999):14.0;

Estimated: [&R] (ANAPL:9.558027,((CUCCA:9.197476,(CHAPE:17.401965,PYGAD:18.247907):0.019129):0.063621,PTEGU:10.00624):9.558027):0.0;

Symmetric difference: 0

******* Test case - 97 *******
Reference: [&R] ((CHLUN:9.329501,(CALAN:17.401965,(OPHHO:9.0,BALRE:9.105381):0.028707999999999997):0.019129):0.063621,MESUN:10.00624):19.337989;

Estimated: [&R] (CALAN:8.700983,((OPHHO:9.0,BALRE:9.105381):0.028708,(MESUN:10.069861,CHLUN:9.329501):0.019129):8.700983):0.0;

Symmetric difference: 4

******* Test case - 98 *******
Reference: [&R] (NESNO:18.969475,((GAVST:9.0,FULGL:10.523828):0.656871,(PHALE:9.0,EURHE:9.0):0.799862):0.049187):19.438760000000002;

Estimated: [&R] ((NESNO:19.018662,(GAVST:9.0,FULGL:10.523828):0.656871):0.399931,(PHALE:9.0,EURHE:9.0):0.399931):0.0;

Symmetric difference: 2

******* Test case - 99 *******
Reference: [&R] (CALAN:17.401965,(MERNU:12.79305,(FULGL:11.219198,(BALRE:9.0,CHAVO:9.0):0.10538):0.010688):0.018021):19.420739;

Estimated: [&R] (CALAN:8.709993,(MERNU:12.79305,(FULGL:11.219198,(BALRE:9.0,CHAVO:9.0):0.10538):0.010688):8.709993):0.0;

Symmetric difference: 0

******* Test case - 100 *******
Reference: [&R] (CALAN:17.401965,((APAVI:10.066238,CORBR:28.310808999999995):1.652992,(EGRGA:13.160969000000001,CHAVO:9.10538):0.010688):0.018021):19.420739;

Estimated: [&R] (CORBR:14.155404,(((EGRGA:13.160969,CHAVO:9.10538):0.010688,CALAN:17.419986):1.652992,APAVI:10.066238):14.155404):0.0;

Symmetric difference: 4

******* Test case - 101 *******
Reference: [&R] (((TAUER:9.329501,(HALAL:18.5532,GAVST:9.706058):0.03715):0.063621,PHORU:16.053602):5.337989,ANAPL:13.778065999999999):14.0;

Estimated: [&R] ((HALAL:18.5532,GAVST:9.706058):0.018575,((PHORU:16.053602,ANAPL:19.116055):0.063621,TAUER:9.329501):0.018575):0.0;

Symmetric difference: 4

******* Test case - 102 *******
Reference: [&R] ((((CATAU:9.975257000000001,BUCRH:10.801411):1.577943,PHACA:12.004829):0.100771,PTEGU:10.00624):5.337989,ANAPL:13.778065999999999):14.0;

Estimated: [&R] (ANAPL:9.558027,(((CATAU:9.975257,BUCRH:10.801411):1.577943,PHACA:12.004829):0.100771,PTEGU:10.00624):9.558027):0.0;

Symmetric difference: 0

******* Test case - 103 *******
Reference: [&R] ((TAUER:9.329501,((HALAL:16.975257,MANVI:21.385858):1.577943,PYGAD:18.229886000000004):0.03715):5.401610000000001,MELGA:15.095479999999998):14.0;

Estimated: [&R] (HALAL:8.487628,(MANVI:21.385858,(PYGAD:18.229886,(MELGA:20.49709,TAUER:9.329501):0.03715):1.577943):8.487628):0.0;

Symmetric difference: 6

******* Test case - 104 *******
Reference: [&R] (((FALPE:9.0,(ACACH:9.0,MANVI:13.098749):7.176477):2.688575,BALRE:9.116068):5.43876,MELGA:15.095479999999998):14.0;

Estimated: [&R] ((ACACH:9.0,MANVI:13.098749):3.588239,((BALRE:9.116068,MELGA:20.53424):2.688575,FALPE:9.0):3.588239):0.0;

Symmetric difference: 4

******* Test case - 105 *******
Reference: [&R] ((CHLUN:9.329501,(CAPCA:10.401965,(FULGL:11.219198,CHAVO:9.10538):0.028709):0.019129):0.063621,COLLI:9.122859):19.337989;

Estimated: [&R] ((COLLI:9.18648,CHLUN:9.329501):0.009565,(CAPCA:10.401965,(FULGL:11.219198,CHAVO:9.10538):0.028709):0.009565):0.0;

Symmetric difference: 2

******* Test case - 106 *******
Reference: [&R] ((((APAVI:10.066238,CORBR:28.310808999999995):1.652992,BALRE:9.116068):0.100771,PODCR:16.053602):5.337989,GALGA:15.095479999999998):14.0;

Estimated: [&R] (CORBR:14.155404,((BALRE:9.116068,(PODCR:16.053602,GALGA:20.433469):0.100771):1.652992,APAVI:10.066238):14.155404):0.0;

Symmetric difference: 6

******* Test case - 107 *******
Reference: [&R] ((TAUER:9.329501,((APAVI:10.066238,NESNO:17.316482999999998):1.652992,PHALE:9.849048999999999):0.03715):0.063621,PHORU:16.053602):19.337989;

Estimated: [&R] (APAVI:5.033119,(NESNO:17.316483,(PHALE:9.849049,(PHORU:16.117223,TAUER:9.329501):0.03715):1.652992):5.033119):0.0;

Symmetric difference: 6

******* Test case - 108 *******
Reference: [&R] ((MELUN:18.969475,(EURHE:9.838360999999999,(BALRE:9.0,CHAVO:9.0):0.10538):0.010688):5.43876,MELGA:15.095479999999998):14.0;

Estimated: [&R] (MELGA:10.26712,(MELUN:18.969475,(EURHE:9.838361,(BALRE:9.0,CHAVO:9.0):0.10538):0.010688):10.26712):0.0;

Symmetric difference: 0

******* Test case - 109 *******
Reference: [&R] ((CHLUN:9.329501,((APAVI:10.066238,CARCR:9.486034):1.652992,APTFO:18.229886000000004):0.03715):5.401610000000001,MELGA:15.095479999999998):14.0;

Estimated: [&R] (CARCR:4.743017,((APTFO:18.229886,(MELGA:20.49709,CHLUN:9.329501):0.03715):1.652992,APAVI:10.066238):4.743017):0.0;

Symmetric difference: 6

******* Test case - 110 *******
Reference: [&R] (TINMA:9.0,(HALAL:16.975257,(FALPE:9.0,(ACACH:9.0,CORBR:20.098748999999998):7.176477):1.1106319999999998):14.016703):7.0;

Estimated: [&R] (TINMA:11.508351,(HALAL:16.975257,(FALPE:9.0,(ACACH:9.0,CORBR:20.098749):7.176477):1.110632):11.508351):0.0;

Symmetric difference: 0

******* Test case - 111 *******
Reference: [&R] ((TAUER:9.329501,(NESNO:18.969475,(NIPNI:12.769886000000001,BALRE:9.10538):0.010688):0.03715):5.401610000000001,ANAPL:13.778065999999999):14.0;

Estimated: [&R] (ANAPL:9.589838,(TAUER:9.329501,(NESNO:18.969475,(NIPNI:12.769886,BALRE:9.10538):0.010688):0.03715):9.589838):0.0;

Symmetric difference: 0

******* Test case - 112 *******
Reference: [&R] ((CARCR:9.0,CORBR:27.824774999999995):2.1390260000000003,(OPHHO:9.0,(FULGL:11.180699,EURHE:9.799862):0.0385):0.010687):19.438760000000002;

Estimated: [&R] (CORBR:13.912387,((OPHHO:9.0,(FULGL:11.180699,EURHE:9.799862):0.0385):2.149713,CARCR:9.0):13.912387):0.0;

Symmetric difference: 2

******* Test case - 113 *******
Reference: [&R] (CAPCA:10.401965,(APAVI:11.71923,(OPHHO:9.0,(EGRGA:13.122470000000002,PHALE:9.799862):0.0385):0.010687):0.018021):19.420739;

Estimated: [&R] (APAVI:5.859615,((OPHHO:9.0,(EGRGA:13.12247,PHALE:9.799862):0.0385):0.010687,CAPCA:10.419986):5.859615):0.0;

Symmetric difference: 2

******* Test case - 114 *******
Reference: [&R] (CHLUN:9.329501,(CHAPE:17.401965,(HALAL:16.975257,(FALPE:9.0,MELUN:16.2809):1.1106319999999998):1.5959640000000002):0.019129):19.40161;

Estimated: [&R] (CHAPE:8.700983,((HALAL:16.975257,(FALPE:9.0,MELUN:16.2809):1.110632):1.595964,CHLUN:9.34863):8.700983):0.0;

Symmetric difference: 2

******* Test case - 115 *******
Reference: [&R] (((CARCR:9.0,(TAEGU:33.994326,NESNO:16.0):0.830449):2.2397970000000003,COLLI:9.122859):5.337989,GALGA:15.095479999999998):14.0;

Estimated: [&R] (CARCR:4.5,((TAEGU:33.994326,NESNO:16.0):0.830449,(COLLI:9.122859,GALGA:20.433469):2.239797):4.5):0.0;

Symmetric difference: 4

******* Test case - 116 *******
Reference: [&R] ((CHLUN:9.329501,(CALAN:17.401965,(CARCR:9.0,GEOFO:34.824775):2.1570470000000004):0.019129):0.063621,PODCR:16.053602):19.337989;

Estimated: [&R] (GEOFO:17.412388,(((PODCR:16.117223,CHLUN:9.329501):0.019129,CALAN:17.401965):2.157047,CARCR:9.0):17.412388):0.0;

Symmetric difference: 6

******* Test case - 117 *******
Reference: [&R] (((TAUER:9.329501,(HALLE:18.5532,PYGAD:18.229886000000004):0.03715):0.063621,COLLI:9.122859):5.337989,GALGA:15.095479999999998):14.0;

Estimated: [&R] (TAUER:4.664751,((HALLE:18.5532,PYGAD:18.229886):0.03715,(COLLI:9.122859,GALGA:20.433469):0.063621):4.664751):0.0;

Symmetric difference: 4

******* Test case - 118 *******
Reference: [&R] (CAPCA:10.401965,((CARCR:9.0,CORBR:27.824774999999995):2.1390260000000003,(OPHHO:9.0,APTFO:18.219199000000003):0.010687):0.018021):19.420739;

Estimated: [&R] ((CARCR:9.0,CORBR:27.824775):1.069513,((OPHHO:9.0,APTFO:18.219199):0.010687,CAPCA:10.419986):1.069513):0.0;

Symmetric difference: 2

******* Test case - 119 *******
Reference: [&R] ((CATAU:9.975257000000001,(COLST:9.0,(LEPDI:9.0,BUCRH:9.928067):0.639705):0.233639):7.016703000000001,GALGA:15.095479999999998):14.0;

Estimated: [&R] (GALGA:11.056091,(CATAU:9.975257,(COLST:9.0,(LEPDI:9.0,BUCRH:9.928067):0.639705):0.233639):11.056091):0.0;

Symmetric difference: 0

******* Test case - 120 *******
Reference: [&R] ((COLST:9.15859,CORBR:28.310808999999995):1.652992,(OPHHO:9.0,(PELCR:13.122470000000002,EURHE:9.799862):0.0385):0.010687):19.438760000000002;

Estimated: [&R] (COLST:4.579295,(CORBR:28.310809,(OPHHO:9.0,(PELCR:13.12247,EURHE:9.799862):0.0385):1.663679):4.579295):0.0;

Symmetric difference: 2

******* Test case - 121 *******
Reference: [&R] ((((CORBR:9.0,TAEGU:16.0):20.963801,PHACA:12.004829):0.100771,PHORU:16.053602):5.337989,ANAPL:13.778065999999999):14.0;

Estimated: [&R] ((CORBR:9.0,TAEGU:16.0):10.481901,(PHACA:12.004829,(PHORU:16.053602,ANAPL:19.116055):0.100771):10.481901):0.0;

Symmetric difference: 4

******* Test case - 122 *******
Reference: [&R] (((HALAL:16.975257,(COLST:9.0,BUCRH:10.567772):0.233639):1.577943,FULGL:11.229886):0.100771,PTEGU:10.00624):19.337989;

Estimated: [&R] ((COLST:9.0,BUCRH:10.567772):0.11682,((FULGL:11.229886,PTEGU:10.107011):1.577943,HALAL:16.975257):0.11682):0.0;

Symmetric difference: 4

******* Test case - 123 *******
Reference: [&R] ((CAPCA:10.401965,(COLST:10.811582,(PELCR:11.364487,FULGL:9.422716):1.80717):0.018021):0.08274999999999999,COLLI:9.122859):19.337989;

Estimated: [&R] (COLST:5.405791,((PELCR:11.364487,FULGL:9.422716):1.80717,(COLLI:9.205609,CAPCA:10.401965):0.018021):5.405791):0.0;

Symmetric difference: 4

******* Test case - 124 *******
Reference: [&R] (((HALAL:16.975257,BUCRH:10.801411):1.577943,(PELCR:9.0,EGRGA:9.0):4.171657):0.100771,PTEGU:10.00624):19.337989;

Estimated: [&R] (PTEGU:5.053505,((HALAL:16.975257,BUCRH:10.801411):1.577943,(PELCR:9.0,EGRGA:9.0):4.171657):5.053505):0.0;

Symmetric difference: 0

******* Test case - 125 *******
Reference: [&R] (((TYTAL:9.08516,TAEGU:35.385858):1.577943,NIPNI:12.780574000000001):0.100771,(COLLI:9.0,PTEGU:9.883381):0.122859):19.337989;

Estimated: [&R] (TAEGU:17.692929,((NIPNI:12.780574,(COLLI:9.0,PTEGU:9.883381):0.22363):1.577943,TYTAL:9.08516):17.692929):0.0;

Symmetric difference: 4

******* Test case - 126 *******
Reference: [&R] ((MELUN:9.0,NESNO:9.0):9.969475,((GAVST:9.0,APTFO:17.523828):0.656871,PHALE:9.799862):0.049187):19.438760000000002;

Estimated: [&R] (NESNO:4.5,(((GAVST:9.0,APTFO:17.523828):0.656871,PHALE:9.799862):10.018662,MELUN:9.0):4.5):0.0;

Symmetric difference: 2

******* Test case - 127 *******
Reference: [&R] (STRCA:9.0,(TAUER:9.329501,((APAVI:9.0,PICPU:10.07382):1.066238,CARCR:9.486034):1.690142):19.40161);

Estimated: [&R] (PICPU:5.03691,((CARCR:9.486034,(STRCA:28.40161,TAUER:9.329501):1.690142):1.066238,APAVI:9.0):5.03691):0.0;

Symmetric difference: 6

******* Test case - 128 *******
Reference: [&R] ((((APAVI:9.0,BUCRH:9.660124):1.066238,CORBR:28.310808999999995):1.652992,EGRGA:13.171657000000002):0.100771,MESUN:10.00624):19.337989;

Estimated: [&R] (CORBR:14.155404,((EGRGA:13.171657,MESUN:10.107011):1.652992,(APAVI:9.0,BUCRH:9.660124):1.066238):14.155404):0.0;

Symmetric difference: 4

******* Test case - 129 *******
Reference: [&R] (((ACACH:9.0,TAEGU:27.098748999999998):9.865051999999999,EURHE:9.849048999999999):5.43876,(MELGA:10.317414,ANAPL:9.0):4.778066):14.0;

Estimated: [&R] ((ACACH:9.0,TAEGU:27.098749):4.932526,(EURHE:9.849049,(MELGA:10.317414,ANAPL:9.0):10.216826):4.932526):0.0;

Symmetric difference: 2

******* Test case - 130 *******
Reference: [&R] (((CATAU:9.0,HALLE:16.0):2.5532000000000004,(OPHHO:9.0,GAVST:9.695371):0.010687):5.43876,ANAPL:13.778065999999999):14.0;

Estimated: [&R] (ANAPL:9.608413,((CATAU:9.0,HALLE:16.0):2.5532,(OPHHO:9.0,GAVST:9.695371):0.010687):9.608413):0.0;

Symmetric difference: 0

******* Test case - 131 *******
Reference: [&R] ((CAPCA:10.401965,((APAVI:10.066238,GEOFO:35.310809):1.652992,PELCR:13.171657000000002):0.018021):5.420739,MELGA:15.095479999999998):14.0;

Estimated: [&R] (GEOFO:17.655404,((PELCR:13.171657,(MELGA:20.516219,CAPCA:10.401965):0.018021):1.652992,APAVI:10.066238):17.655404):0.0;

Symmetric difference: 6

******* Test case - 132 *******
Reference: [&R] (CUCCA:9.197476,(CAPCA:10.401965,(TAEGU:36.963801,(FULGL:9.0,APTFO:16.0):2.2298859999999996):0.018021):0.019129):19.40161;

Estimated: [&R] (TAEGU:18.4819,((FULGL:9.0,APTFO:16.0):2.229886,(CUCCA:9.216605,CAPCA:10.401965):0.018021):18.4819):0.0;

Symmetric difference: 4

******* Test case - 133 *******
Reference: [&R] (TAUER:9.329501,((MELUN:9.0,NESNO:9.0):9.969475,(OPHHO:9.0,NIPNI:12.769887):0.010687):0.03715):19.40161;

Estimated: [&R] ((MELUN:9.0,NESNO:9.0):4.984737,((OPHHO:9.0,NIPNI:12.769887):0.010687,TAUER:9.366651):4.984737):0.0;

Symmetric difference: 2

******* Test case - 134 *******
Reference: [&R] ((APAVI:10.066238,(CARCR:9.0,(MANVI:9.0,TAEGU:23.0):11.824775000000002):0.486034):1.652992,CHAVO:9.116068):19.438760000000002;

Estimated: [&R] ((MANVI:9.0,TAEGU:23.0):5.912388,((CHAVO:10.76906,APAVI:10.066238):0.486034,CARCR:9.0):5.912388):0.0;

Symmetric difference: 4

******* Test case - 135 *******
Reference: [&R] ((HALLE:16.975257,(APAVI:10.066238,(MANVI:19.994326,NESNO:16.0):1.316483):0.075049):1.678714,COLLI:9.122859):19.337989;

Estimated: [&R] (MANVI:9.997163,(NESNO:16.0,((COLLI:10.801573,HALLE:16.975257):0.075049,APAVI:10.066238):1.316483):9.997163):0.0;

Symmetric difference: 6

******* Test case - 136 *******
Reference: [&R] (TAUER:9.329501,(CAPCA:10.401965,((BUCRH:10.726362,ACACH:17.212059999999997):1.652992,CHAVO:9.116068):0.018021):0.019129):19.40161;

Estimated: [&R] (ACACH:8.60603,((CHAVO:9.116068,(TAUER:9.34863,CAPCA:10.401965):0.018021):1.652992,BUCRH:10.726362):8.60603):0.0;

Symmetric difference: 6

******* Test case - 137 *******
Reference: [&R] ((TYTAL:9.08516,(PICPU:11.140058,FALPE:10.035583):0.075049):1.577943,(NIPNI:12.769886000000001,BALRE:9.10538):0.010688):19.438760000000002;

Estimated: [&R] (PICPU:5.570029,(FALPE:10.035583,((NIPNI:12.769886,BALRE:9.10538):1.588631,TYTAL:9.08516):0.075049):5.570029):0.0;

Symmetric difference: 4

******* Test case - 138 *******
Reference: [&R] ((CATAU:9.975257000000001,(BUCRH:10.726362,(CORBR:9.0,TAEGU:16.0):19.310809):0.075049):1.577943,OPHHO:9.010687):19.438760000000002;

Estimated: [&R] ((CORBR:9.0,TAEGU:16.0):9.655404,((OPHHO:10.58863,CATAU:9.975257):0.075049,BUCRH:10.726362):9.655404):0.0;

Symmetric difference: 4

******* Test case - 139 *******
Reference: [&R] (TINMA:9.0,(((CHAPE:17.401965,LEPDI:11.469307999999998):0.08274999999999999,PODCR:16.053602):5.337989,MELGA:15.095479999999998):7.0):7.0;

Estimated: [&R] (TINMA:8.0,(((CHAPE:17.401965,LEPDI:11.469308):0.08275,PODCR:16.053602):5.337989,MELGA:15.09548):8.0):0.0;

Symmetric difference: 0

******* Test case - 140 *******
Reference: [&R] (CALAN:17.401965,(OPHHO:9.0,(NIPNI:10.973404,(FULGL:9.0,PYGAD:16.0):0.422716):1.796483):0.028707999999999997):19.420739;

Estimated: [&R] (CALAN:8.715337,(OPHHO:9.0,(NIPNI:10.973404,(FULGL:9.0,PYGAD:16.0):0.422716):1.796483):8.715337):0.0;

Symmetric difference: 0

******* Test case - 141 *******
Reference: [&R] (((BUCRH:12.379354,(BALRE:9.0,CHAVO:9.0):0.116068):0.100771,PHORU:16.053602):5.337989,MELGA:15.095479999999998):14.0;

Estimated: [&R] (BUCRH:6.189677,((BALRE:9.0,CHAVO:9.0):0.116068,(PHORU:16.053602,MELGA:20.433469):0.100771):6.189677):0.0;

Symmetric difference: 4

******* Test case - 142 *******
Reference: [&R] (TAUER:9.329501,((TYTAL:9.08516,(COLST:9.0,BUCRH:10.567772):0.233639):1.577943,APTFO:18.229886000000004):0.03715):19.40161;

Estimated: [&R] (BUCRH:5.283886,(((APTFO:18.229886,TAUER:9.366651):1.577943,TYTAL:9.08516):0.233639,COLST:9.0):5.283886):0.0;

Symmetric difference: 6

******* Test case - 143 *******
Reference: [&R] ((CATAU:9.975257000000001,(FALPE:9.0,CORBR:27.275225999999996):1.1106319999999998):1.577943,(PHACA:11.955642000000001,PHALE:9.799862):0.049187):19.438760000000002;

Estimated: [&R] (PHALE:4.899931,((CATAU:9.975257,(FALPE:9.0,CORBR:27.275226):1.110632):1.62713,PHACA:11.955642):4.899931):0.0;

Symmetric difference: 2

******* Test case - 144 *******
Reference: [&R] ((CATAU:11.5532,((NIPNI:9.0,EGRGA:9.391083):3.731387,PHALE:9.799862):0.049187):0.100771,PODCR:16.053602):19.337989;

Estimated: [&R] (NIPNI:4.5,(EGRGA:9.391083,(PHALE:9.799862,(PODCR:16.154373,CATAU:11.5532):0.049187):3.731387):4.5):0.0;

Symmetric difference: 6

******* Test case - 145 *******
Reference: [&R] (CHAPE:17.401965,((HALAL:16.975257,(MANVI:9.0,GEOFO:23.0):12.385858000000002):1.577943,PHACA:12.004829):0.018021):19.420739;

Estimated: [&R] (HALAL:8.487628,((MANVI:9.0,GEOFO:23.0):12.385858,(PHACA:12.004829,CHAPE:17.419986):1.577943):8.487628):0.0;

Symmetric difference: 4

******* Test case - 146 *******
Reference: [&R] (((TYTAL:9.08516,(FALPE:9.0,NESNO:16.2809):1.1106319999999998):1.577943,BALRE:9.116068):0.100771,COLLI:9.122859):19.337989;

Estimated: [&R] (BALRE:4.558034,(COLLI:9.22363,(TYTAL:9.08516,(FALPE:9.0,NESNO:16.2809):1.110632):1.577943):4.558034):0.0;

Symmetric difference: 2

******* Test case - 147 *******
Reference: [&R] (TINMA:9.0,(((HALAL:18.5532,NIPNI:12.780574000000001):0.100771,COLLI:9.122859):5.337989,GALGA:15.095479999999998):7.0):7.0;

Estimated: [&R] (TINMA:8.0,(((HALAL:18.5532,NIPNI:12.780574):0.100771,COLLI:9.122859):5.337989,GALGA:15.09548):8.0):0.0;

Symmetric difference: 0

******* Test case - 148 *******
Reference: [&R] (((CUCCA:9.197476,(CAPCA:10.401965,TAEGU:36.981821999999994):0.019129):0.063621,MESUN:10.00624):5.337989,GALGA:15.095479999999998):14.0;

Estimated: [&R] (TAEGU:18.490911,(((MESUN:10.00624,GALGA:20.433469):0.063621,CUCCA:9.197476):0.019129,CAPCA:10.401965):18.490911):0.0;

Symmetric difference: 6

******* Test case - 149 *******
Reference: [&R] (((HALAL:16.975257,CARCR:9.561083):1.577943,(PHALE:9.0,EURHE:9.0):0.8490489999999999):0.100771,PODCR:16.053602):19.337989;

Estimated: [&R] (EURHE:4.5,((PODCR:16.154373,(HALAL:16.975257,CARCR:9.561083):1.577943):0.849049,PHALE:9.0):4.5):0.0;

Symmetric difference: 4

******* Test case - 150 *******
Reference: [&R] ((CALAN:17.401965,((MERNU:11.140058,CORBR:28.310808999999995):1.652992,PHACA:12.004829):0.018021):0.08274999999999999,COLLI:9.122859):19.337989;

Estimated: [&R] (MERNU:5.570029,(CORBR:28.310809,(PHACA:12.004829,(COLLI:9.205609,CALAN:17.401965):0.018021):1.652992):5.570029):0.0;

Symmetric difference: 6

******* Test case - 151 *******
Reference: [&R] (((PICPU:11.140058,TAEGU:35.310809):1.652992,(PHACA:9.0,PELCR:10.166828):3.004829):0.100771,MESUN:10.00624):19.337989;

Estimated: [&R] (TAEGU:17.655404,(((PHACA:9.0,PELCR:10.166828):3.004829,MESUN:10.107011):1.652992,PICPU:11.140058):17.655404):0.0;

Symmetric difference: 4

******* Test case - 152 *******
Reference: [&R] (TINMA:9.0,((HALLE:16.975257,(CORBR:9.0,TAEGU:16.0):19.385858):1.577943,FULGL:11.229886):12.43876):7.0;

Estimated: [&R] (TINMA:10.71938,((HALLE:16.975257,(CORBR:9.0,TAEGU:16.0):19.385858):1.577943,FULGL:11.229886):10.71938):0.0;

Symmetric difference: 0

******* Test case - 153 *******
Reference: [&R] ((((COLST:9.15859,FALPE:10.035583):1.652992,GAVST:9.706058):0.100771,COLLI:9.122859):5.337989,ANAPL:13.778065999999999):14.0;

Estimated: [&R] (COLST:4.579295,(FALPE:10.035583,(GAVST:9.706058,(COLLI:9.122859,ANAPL:19.116055):0.100771):1.652992):4.579295):0.0;

Symmetric difference: 6

******* Test case - 154 *******
Reference: [&R] (STRCA:9.0,(CHAPE:17.401965,((COLST:9.0,BUCRH:10.567772):1.811582,PELCR:13.171657000000002):0.018021):19.420739);

Estimated: [&R] (STRCA:14.21037,(CHAPE:17.401965,((COLST:9.0,BUCRH:10.567772):1.811582,PELCR:13.171657):0.018021):14.21037):0.0;

Symmetric difference: 0

******* Test case - 155 *******
Reference: [&R] (((COLST:9.0,PICPU:10.981468):1.811582,(PHALE:9.0,EURHE:9.0):0.8490489999999999):5.43876,GALGA:15.095479999999998):14.0;

Estimated: [&R] (COLST:4.5,(PICPU:10.981468,((PHALE:9.0,EURHE:9.0):0.849049,GALGA:20.53424):1.811582):4.5):0.0;

Symmetric difference: 4

******* Test case - 156 *******
Reference: [&R] (TINMA:9.0,((CUCCA:9.197476,(MANVI:22.963801,GAVST:9.706058):0.03715):5.401610000000001,GALGA:15.095479999999998):7.0):7.0;

Estimated: [&R] (TINMA:8.0,((CUCCA:9.197476,(MANVI:22.963801,GAVST:9.706058):0.03715):5.40161,GALGA:15.09548):8.0):0.0;

Symmetric difference: 0

******* Test case - 157 *******
Reference: [&R] ((((APAVI:9.0,PICPU:10.07382):1.066238,CARCR:9.486034):1.652992,APTFO:18.229886000000004):0.100771,PTEGU:10.00624):19.337989;

Estimated: [&R] (APAVI:4.5,(PICPU:10.07382,(CARCR:9.486034,(APTFO:18.229886,PTEGU:10.107011):1.652992):1.066238):4.5):0.0;

Symmetric difference: 6

******* Test case - 158 *******
Reference: [&R] (((MERNU:11.140058,NESNO:17.316482999999998):1.652992,(PHALE:9.838360999999999,BALRE:9.10538):0.010688):0.100771,MESUN:10.00624):19.337989;

Estimated: [&R] (MERNU:5.570029,(NESNO:17.316483,((PHALE:9.838361,BALRE:9.10538):0.010688,MESUN:10.107011):1.652992):5.570029):0.0;

Symmetric difference: 4

******* Test case - 159 *******
Reference: [&R] (CAPCA:10.401965,((CARCR:9.0,MELUN:16.830448999999998):2.1390260000000003,(OPHHO:9.0,NIPNI:12.769887):0.010687):0.018021):19.420739;

Estimated: [&R] ((CARCR:9.0,MELUN:16.830449):1.069513,((OPHHO:9.0,NIPNI:12.769887):0.010687,CAPCA:10.419986):1.069513):0.0;

Symmetric difference: 2

******* Test case - 160 *******
Reference: [&R] (CUCCA:9.197476,((HALLE:16.975257,(FALPE:9.0,ACACH:16.176477):1.1106319999999998):1.577943,PHALE:9.849048999999999):0.03715):19.40161;

Estimated: [&R] (ACACH:8.088238,(((PHALE:9.849049,CUCCA:9.234626):1.577943,HALLE:16.975257):1.110632,FALPE:9.0):8.088238):0.0;

Symmetric difference: 6

******* Test case - 161 *******
Reference: [&R] (STRCA:9.0,((OPHHO:9.111457999999999,(COLLI:9.0,MESUN:9.883381):0.122859):5.337989,ANAPL:13.778065999999999):14.0);

Estimated: [&R] (ANAPL:6.889033,(STRCA:23.0,(OPHHO:9.111458,(COLLI:9.0,MESUN:9.883381):0.122859):5.337989):6.889033):0.0;

Symmetric difference: 2

******* Test case - 162 *******
Reference: [&R] (STRCA:9.0,((CUCCA:9.197476,(FALPE:11.688575,OPHHO:9.010687):0.03715):0.063621,COLLI:9.122859):19.337989);

Estimated: [&R] (FALPE:5.844288,(OPHHO:9.010687,((COLLI:9.122859,STRCA:28.337989):0.063621,CUCCA:9.197476):0.03715):5.844288):0.0;

Symmetric difference: 6

******* Test case - 163 *******
Reference: [&R] (((CHLUN:9.329501,CATAU:11.590349999999999):0.063621,PHORU:16.053602):5.337989,(MELGA:10.317414,ANAPL:9.0):4.778066):14.0;

Estimated: [&R] (ANAPL:4.5,(((CHLUN:9.329501,CATAU:11.59035):0.063621,PHORU:16.053602):10.116055,MELGA:10.317414):4.5):0.0;

Symmetric difference: 2

******* Test case - 164 *******
Reference: [&R] ((TAUER:9.329501,(ACACH:18.865052,(EGRGA:11.364487,APTFO:16.422716):1.80717):0.03715):5.401610000000001,ANAPL:13.778065999999999):14.0;

Estimated: [&R] (ANAPL:9.589838,(TAUER:9.329501,(ACACH:18.865052,(EGRGA:11.364487,APTFO:16.422716):1.80717):0.03715):9.589838):0.0;

Symmetric difference: 0

******* Test case - 165 *******
Reference: [&R] (CHAPE:17.401965,((CATAU:9.0,HALAL:16.0):2.5532000000000004,(PHACA:11.994141,CHAVO:9.10538):0.010688):0.018021):19.420739;

Estimated: [&R] ((CHAPE:17.419986,(CATAU:9.0,HALAL:16.0):2.5532):0.005344,(PHACA:11.994141,CHAVO:9.10538):0.005344):0.0;

Symmetric difference: 2

******* Test case - 166 *******
Reference: [&R] (((FALPE:9.0,NESNO:16.2809):2.688575,(PHACA:9.0,PELCR:10.166828):3.004829):0.100771,COLLI:9.122859):19.337989;

Estimated: [&R] ((FALPE:9.0,NESNO:16.2809):1.344288,((PHACA:9.0,PELCR:10.166828):3.004829,COLLI:9.22363):1.344288):0.0;

Symmetric difference: 2

******* Test case - 167 *******
Reference: [&R] (STRCA:9.0,((BUCRH:10.726362,NESNO:17.316482999999998):1.652992,(GAVST:9.0,FULGL:10.523828):0.706058):19.438760000000002);

Estimated: [&R] (STRCA:14.21938,((BUCRH:10.726362,NESNO:17.316483):1.652992,(GAVST:9.0,FULGL:10.523828):0.706058):14.21938):0.0;

Symmetric difference: 0

******* Test case - 168 *******
Reference: [&R] ((CALAN:17.401965,(PICPU:12.79305,(OPHHO:9.0,PELCR:13.16097):0.010687):0.018021):5.420739,ANAPL:13.778065999999999):14.0;

Estimated: [&R] (CALAN:8.700983,((PICPU:12.79305,(OPHHO:9.0,PELCR:13.16097):0.010687):0.018021,ANAPL:19.198805):8.700983):0.0;

Symmetric difference: 2

******* Test case - 169 *******
Reference: [&R] ((((APAVI:9.0,BUCRH:9.660124):1.066238,CORBR:28.310808999999995):1.652992,PYGAD:18.229886000000004):5.43876,GALGA:15.095479999999998):14.0;

Estimated: [&R] (APAVI:4.5,(BUCRH:9.660124,(CORBR:28.310809,(PYGAD:18.229886,GALGA:20.53424):1.652992):1.066238):4.5):0.0;

Symmetric difference: 6

******* Test case - 170 *******
Reference: [&R] (((TAEGU:36.963801,(GAVST:9.0,APTFO:17.523828):0.706058):0.100771,MESUN:10.00624):5.337989,GALGA:15.095479999999998):14.0;

Estimated: [&R] (TAEGU:18.4819,((GAVST:9.0,APTFO:17.523828):0.706058,(MESUN:10.00624,GALGA:20.433469):0.100771):18.4819):0.0;

Symmetric difference: 4

******* Test case - 171 *******
Reference: [&R] (TINMA:9.0,((HALAL:16.975257,(MERNU:11.140058,MELUN:17.316482999999998):0.075049):1.678714,PTEGU:10.00624):12.337989):7.0;

Estimated: [&R] (TINMA:10.668995,((HALAL:16.975257,(MERNU:11.140058,MELUN:17.316483):0.075049):1.678714,PTEGU:10.00624):10.668995):0.0;

Symmetric difference: 0

******* Test case - 172 *******
Reference: [&R] (((ACACH:18.865052,(NIPNI:12.769886000000001,CHAVO:9.10538):0.010688):0.100771,COLLI:9.122859):5.337989,ANAPL:13.778065999999999):14.0;

Estimated: [&R] (ANAPL:9.558027,((ACACH:18.865052,(NIPNI:12.769886,CHAVO:9.10538):0.010688):0.100771,COLLI:9.122859):9.558027):0.0;

Symmetric difference: 0

******* Test case - 173 *******
Reference: [&R] (STRCA:9.0,(((FALPE:9.0,ACACH:16.176477):2.688575,NIPNI:12.780574000000001):0.100771,PTEGU:10.00624):19.337989);

Estimated: [&R] (STRCA:14.168995,(((FALPE:9.0,ACACH:16.176477):2.688575,NIPNI:12.780574):0.100771,PTEGU:10.00624):14.168995):0.0;

Symmetric difference: 0

******* Test case - 174 *******
Reference: [&R] ((MANVI:22.963801,((PELCR:9.0,EGRGA:9.0):2.364487,PYGAD:16.422716):1.80717):0.100771,COLLI:9.122859):19.337989;

Estimated: [&R] (MANVI:11.481901,(((PELCR:9.0,EGRGA:9.0):2.364487,PYGAD:16.422716):1.80717,COLLI:9.22363):11.481901):0.0;

Symmetric difference: 2

******* Test case - 175 *******
Reference: [&R] ((COLST:10.811582,(GAVST:9.0,PELCR:12.465599000000001):0.706058):5.43876,(MELGA:10.317414,ANAPL:9.0):4.778066):14.0;

Estimated: [&R] ((MELGA:10.317414,ANAPL:9.0):5.108413,(COLST:10.811582,(GAVST:9.0,PELCR:12.465599):0.706058):5.108413):0.0;

Symmetric difference: 0

******* Test case - 176 *******
Reference: [&R] ((CHLUN:9.329501,((MANVI:9.0,CORBR:16.0):13.963801000000002,PHALE:9.849048999999999):0.03715):5.401610000000001,MELGA:15.095479999999998):14.0;

Estimated: [&R] ((MANVI:9.0,CORBR:16.0):6.981901,(PHALE:9.849049,(MELGA:20.49709,CHLUN:9.329501):0.03715):6.981901):0.0;

Symmetric difference: 4

******* Test case - 177 *******
Reference: [&R] (((TAUER:9.329501,(FULGL:11.180699,EURHE:9.799862):0.086337):0.063621,PTEGU:10.00624):5.337989,ANAPL:13.778065999999999):14.0;

Estimated: [&R] (ANAPL:9.558027,((TAUER:9.329501,(FULGL:11.180699,EURHE:9.799862):0.086337):0.063621,PTEGU:10.00624):9.558027):0.0;

Symmetric difference: 0

******* Test case - 178 *******
Reference: [&R] (CAPCA:10.401965,(MELUN:18.969475,((PYGAD:18.180699,PHALE:9.799862):0.038499,CHAVO:9.10538):0.010688):0.018021):19.420739;

Estimated: [&R] (CHAVO:4.55269,((CAPCA:10.419986,MELUN:18.969475):0.010688,(PYGAD:18.180699,PHALE:9.799862):0.038499):4.55269):0.0;

Symmetric difference: 4

******* Test case - 179 *******
Reference: [&R] (STRCA:9.0,(CHLUN:9.329501,((PHACA:10.197659,FULGL:9.422716):1.757983,PHALE:9.799862):0.086337):19.40161);

Estimated: [&R] (STRCA:14.200805,(CHLUN:9.329501,((PHACA:10.197659,FULGL:9.422716):1.757983,PHALE:9.799862):0.086337):14.200805):0.0;

Symmetric difference: 0

******* Test case - 180 *******
Reference: [&R] (TINMA:9.0,((TYTAL:9.0,CATAU:9.890097):1.663103,(GAVST:9.0,PHACA:11.298771):0.706058):12.43876):7.0;

Estimated: [&R] ((TINMA:21.43876,(TYTAL:9.0,CATAU:9.890097):1.663103):0.353029,(GAVST:9.0,PHACA:11.298771):0.353029):0.0;

Symmetric difference: 2

******* Test case - 181 *******
Reference: [&R] ((HALAL:16.975257,(COLST:9.15859,FALPE:10.035583):0.075049):1.577943,(PHACA:11.955642000000001,PHALE:9.799862):0.049187):19.438760000000002;

Estimated: [&R] (COLST:4.579295,(FALPE:10.035583,((PHACA:11.955642,PHALE:9.799862):1.62713,HALAL:16.975257):0.075049):4.579295):0.0;

Symmetric difference: 4

******* Test case - 182 *******
Reference: [&R] ((HALAL:16.975257,MANVI:21.385858):1.577943,((EGRGA:13.122470000000002,PHALE:9.799862):0.038499,BALRE:9.10538):0.010688):19.438760000000002;

Estimated: [&R] (BALRE:4.55269,((HALAL:16.975257,MANVI:21.385858):1.588631,(EGRGA:13.12247,PHALE:9.799862):0.038499):4.55269):0.0;

Symmetric difference: 2

******* Test case - 183 *******
Reference: [&R] (TINMA:9.0,(((TYTAL:9.0,CATAU:9.890097):0.08516,MERNU:11.215107):7.016703000000001,MELGA:15.095479999999998):7.0):7.0;

Estimated: [&R] (TINMA:8.0,(((TYTAL:9.0,CATAU:9.890097):0.08516,MERNU:11.215107):7.016703,MELGA:15.09548):8.0):0.0;

Symmetric difference: 0

******* Test case - 184 *******
Reference: [&R] (STRCA:9.0,(MERNU:11.140058,(FALPE:9.0,(TAEGU:33.994326,MELUN:16.0):0.2809):1.035583):21.091752);

Estimated: [&R] (STRCA:15.045876,(MERNU:11.140058,(FALPE:9.0,(TAEGU:33.994326,MELUN:16.0):0.2809):1.035583):15.045876):0.0;

Symmetric difference: 0

******* Test case - 185 *******
Reference: [&R] ((((CATAU:9.0,HALLE:16.0):0.975257,GEOFO:35.385858):1.577943,OPHHO:9.010687):5.43876,GALGA:15.095479999999998):14.0;

Estimated: [&R] (GEOFO:17.692929,((OPHHO:9.010687,GALGA:20.53424):1.577943,(CATAU:9.0,HALLE:16.0):0.975257):17.692929):0.0;

Symmetric difference: 4

******* Test case - 186 *******
Reference: [&R] ((CHAPE:17.401965,((HALAL:16.975257,BUCRH:10.801411):1.577943,CHAVO:9.116068):0.018021):5.420739,ANAPL:13.778065999999999):14.0;

Estimated: [&R] (ANAPL:9.599403,(CHAPE:17.401965,((HALAL:16.975257,BUCRH:10.801411):1.577943,CHAVO:9.116068):0.018021):9.599403):0.0;

Symmetric difference: 0

******* Test case - 187 *******
Reference: [&R] (((FULGL:9.0,PYGAD:16.0):2.3306569999999995,PHORU:16.053602):5.337989,(GALGA:10.317414,ANAPL:9.0):4.778066):14.0;

Estimated: [&R] ((FULGL:9.0,PYGAD:16.0):1.165328,(PHORU:16.053602,(GALGA:10.317414,ANAPL:9.0):10.116055):1.165328):0.0;

Symmetric difference: 2

******* Test case - 188 *******
Reference: [&R] (CHLUN:9.329501,((LEPDI:9.798295,(CARCR:9.0,MELUN:16.830448999999998):0.486034):1.652992,PHACA:12.004829):0.03715):19.40161;

Estimated: [&R] ((LEPDI:9.798295,(CARCR:9.0,MELUN:16.830449):0.486034):0.826496,(PHACA:12.004829,CHLUN:9.366651):0.826496):0.0;

Symmetric difference: 2

******* Test case - 189 *******
Reference: [&R] (STRCA:9.0,(CHLUN:9.329501,(CALAN:17.401965,(CARCR:11.139026,BALRE:9.116068):0.018021):0.019129):19.40161);

Estimated: [&R] (CALAN:8.700983,((CARCR:11.139026,BALRE:9.116068):0.018021,(STRCA:28.40161,CHLUN:9.329501):0.019129):8.700983):0.0;

Symmetric difference: 4

******* Test case - 190 *******
Reference: [&R] (((TYTAL:9.08516,(GEOFO:33.994326,MELUN:16.0):1.391532):1.577943,EURHE:9.849048999999999):0.100771,PTEGU:10.00624):19.337989;

Estimated: [&R] (GEOFO:16.997163,(MELUN:16.0,((EURHE:9.849049,PTEGU:10.107011):1.577943,TYTAL:9.08516):1.391532):16.997163):0.0;

Symmetric difference: 6

******* Test case - 191 *******
Reference: [&R] (STRCA:9.0,(((HALLE:9.0,HALAL:9.0):7.975257,COLST:9.233639):1.577943,PHACA:12.004829):19.438760000000002);

Estimated: [&R] (STRCA:14.21938,(((HALLE:9.0,HALAL:9.0):7.975257,COLST:9.233639):1.577943,PHACA:12.004829):14.21938):0.0;

Symmetric difference: 0

******* Test case - 192 *******
Reference: [&R] ((CALAN:17.401965,(PICPU:11.140058,MELUN:17.316482999999998):1.671013):5.420739,(MELGA:10.317414,ANAPL:9.0):4.778066):14.0;

Estimated: [&R] (((MELGA:10.317414,ANAPL:9.0):10.198805,CALAN:17.401965):0.835507,(PICPU:11.140058,MELUN:17.316483):0.835507):0.0;

Symmetric difference: 2

******* Test case - 193 *******
Reference: [&R] ((CATAU:9.975257000000001,(TAEGU:33.994326,(MELUN:9.0,NESNO:9.0):7.0):1.391532):1.577943,CHAVO:9.116068):19.438760000000002;

Estimated: [&R] (TAEGU:16.997163,((MELUN:9.0,NESNO:9.0):7.0,(CHAVO:10.694011,CATAU:9.975257):1.391532):16.997163):0.0;

Symmetric difference: 4

******* Test case - 194 *******
Reference: [&R] ((TAUER:9.329501,(FALPE:11.688575,(GAVST:9.69537,CHAVO:9.10538):0.010688):0.03715):0.063621,PTEGU:10.00624):19.337989;

Estimated: [&R] ((PTEGU:10.069861,TAUER:9.329501):0.018575,(FALPE:11.688575,(GAVST:9.69537,CHAVO:9.10538):0.010688):0.018575):0.0;

Symmetric difference: 2

******* Test case - 195 *******
Reference: [&R] ((CUCCA:9.197476,(COLST:10.811582,(PYGAD:18.180699,PHALE:9.799862):0.049187):0.03715):5.401610000000001,MELGA:15.095479999999998):14.0;

Estimated: [&R] (COLST:5.405791,((PYGAD:18.180699,PHALE:9.799862):0.049187,(MELGA:20.49709,CUCCA:9.197476):0.03715):5.405791):0.0;

Symmetric difference: 4

******* Test case - 196 *******
Reference: [&R] (((TYTAL:9.08516,(BUCRH:10.726362,GEOFO:35.310809):0.075049):1.577943,NIPNI:12.780574000000001):5.43876,ANAPL:13.778065999999999):14.0;

Estimated: [&R] (GEOFO:17.655404,(((NIPNI:12.780574,ANAPL:19.216826):1.577943,TYTAL:9.08516):0.075049,BUCRH:10.726362):17.655404):0.0;

Symmetric difference: 6

******* Test case - 197 *******
Reference: [&R] (TINMA:9.0,((COLST:9.0,MERNU:10.981468):0.15859,(ACACH:9.0,MANVI:13.098749):8.21206):14.091752):7.0;

Estimated: [&R] (COLST:4.5,(MERNU:10.981468,((ACACH:9.0,MANVI:13.098749):8.21206,TINMA:23.091752):0.15859):4.5):0.0;

Symmetric difference: 4

******* Test case - 198 *******
Reference: [&R] (((HALLE:16.975257,(FALPE:9.0,NESNO:16.2809):1.1106319999999998):1.577943,PHALE:9.849048999999999):5.43876,ANAPL:13.778065999999999):14.0;

Estimated: [&R] (ANAPL:9.608413,((HALLE:16.975257,(FALPE:9.0,NESNO:16.2809):1.110632):1.577943,PHALE:9.849049):9.608413):0.0;

Symmetric difference: 0

******* Test case - 199 *******
Reference: [&R] (CHLUN:9.329501,(NESNO:18.969475,((PELCR:9.0,EGRGA:9.0):2.364487,FULGL:9.422716):1.80717):0.03715):19.40161;

Estimated: [&R] (EGRGA:4.5,((FULGL:9.422716,(CHLUN:9.366651,NESNO:18.969475):1.80717):2.364487,PELCR:9.0):4.5):0.0;

Symmetric difference: 6

******* Test case - 200 *******
Reference: [&R] ((TAUER:9.329501,(COLST:10.811582,(OPHHO:9.0,BALRE:9.105381):0.010687):0.03715):0.063621,PHORU:16.053602):19.337989;

Estimated: [&R] (COLST:5.405791,((OPHHO:9.0,BALRE:9.105381):0.010687,(PHORU:16.117223,TAUER:9.329501):0.03715):5.405791):0.0;

Symmetric difference: 4

******* Test case - 201 *******
Reference: [&R] (STRCA:9.0,((CUCCA:9.197476,(MERNU:12.79305,GAVST:9.706058):0.03715):0.063621,MESUN:10.00624):19.337989);

Estimated: [&R] (MERNU:6.396525,(GAVST:9.706058,((MESUN:10.00624,STRCA:28.337989):0.063621,CUCCA:9.197476):0.03715):6.396525):0.0;

Symmetric difference: 6

******* Test case - 202 *******
Reference: [&R] (((COLST:9.0,PICPU:10.981468):0.15859,(CARCR:9.0,MANVI:20.824775):0.486034):1.652992,PELCR:13.171657000000002):19.438760000000002;

Estimated: [&R] (PICPU:5.490734,(((CARCR:9.0,MANVI:20.824775):0.486034,PELCR:14.824649):0.15859,COLST:9.0):5.490734):0.0;

Symmetric difference: 4

******* Test case - 203 *******
Reference: [&R] (CALAN:17.401965,((PICPU:11.140058,(FALPE:9.0,MANVI:20.275226):1.035583):1.652992,GAVST:9.706058):0.018021):19.420739;

Estimated: [&R] (PICPU:5.570029,((FALPE:9.0,MANVI:20.275226):1.035583,(GAVST:9.706058,CALAN:17.419986):1.652992):5.570029):0.0;

Symmetric difference: 4

******* Test case - 204 *******
Reference: [&R] ((CUCCA:9.197476,(MELUN:18.969475,EGRGA:13.171657000000002):0.03715):0.063621,(MESUN:9.0,PTEGU:9.0):1.00624):19.337989;

Estimated: [&R] (MELUN:9.484737,(EGRGA:13.171657,((MESUN:9.0,PTEGU:9.0):1.069861,CUCCA:9.197476):0.03715):9.484737):0.0;

Symmetric difference: 4

******* Test case - 205 *******
Reference: [&R] (TINMA:9.0,((TAUER:9.329501,(CALAN:17.401965,FULGL:11.247907):0.019129):0.063621,PTEGU:10.00624):12.337989):7.0;

Estimated: [&R] (TINMA:10.668995,((TAUER:9.329501,(CALAN:17.401965,FULGL:11.247907):0.019129):0.063621,PTEGU:10.00624):10.668995):0.0;

Symmetric difference: 0

******* Test case - 206 *******
Reference: [&R] (((APAVI:10.066238,(CORBR:26.994325999999997,MELUN:16.0):1.316483):1.652992,NIPNI:12.780574000000001):0.100771,PTEGU:10.00624):19.337989;

Estimated: [&R] (CORBR:13.497163,(MELUN:16.0,((NIPNI:12.780574,PTEGU:10.107011):1.652992,APAVI:10.066238):1.316483):13.497163):0.0;

Symmetric difference: 6

******* Test case - 207 *******
Reference: [&R] (((MANVI:22.963801,FULGL:11.229886):0.100771,(COLLI:9.069257,PHORU:16.0):0.053602):5.337989,ANAPL:13.778065999999999):14.0;

Estimated: [&R] ((ANAPL:19.116055,(MANVI:22.963801,FULGL:11.229886):0.100771):0.026801,(COLLI:9.069257,PHORU:16.0):0.026801):0.0;

Symmetric difference: 2

******* Test case - 208 *******
Reference: [&R] (((CALAN:17.401965,(GEOFO:33.994326,MELUN:16.0):2.987496):0.08274999999999999,COLLI:9.122859):5.337989,ANAPL:13.778065999999999):14.0;

Estimated: [&R] (GEOFO:16.997163,(MELUN:16.0,((COLLI:9.122859,ANAPL:19.116055):0.08275,CALAN:17.401965):2.987496):16.997163):0.0;

Symmetric difference: 6

******* Test case - 209 *******
Reference: [&R] (STRCA:9.0,(TINMA:9.0,((CUCCA:9.197476,TAEGU:37.00095099999999):5.401610000000001,MELGA:15.095479999999998):7.0):7.0);

Estimated: [&R] ((STRCA:16.0,TINMA:9.0):3.5,((CUCCA:9.197476,TAEGU:37.000951):5.40161,MELGA:15.09548):3.5):0.0;

Symmetric difference: 2

******* Test case - 210 *******
Reference: [&R] ((TAUER:9.329501,((APAVI:10.066238,NESNO:17.316482999999998):1.652992,PHALE:9.849048999999999):0.03715):0.063621,PHORU:16.053602):19.337989;

Estimated: [&R] (APAVI:5.033119,(NESNO:17.316483,(PHALE:9.849049,(PHORU:16.117223,TAUER:9.329501):0.03715):1.652992):5.033119):0.0;

Symmetric difference: 6

******* Test case - 211 *******
Reference: [&R] (CAPCA:10.401965,((TYTAL:9.08516,COLST:9.233639):1.577943,(PHACA:9.0,EGRGA:10.166828):3.004829):0.018021):19.420739;

Estimated: [&R] (TYTAL:4.54258,(COLST:9.233639,((PHACA:9.0,EGRGA:10.166828):3.004829,CAPCA:10.419986):1.577943):4.54258):0.0;

Symmetric difference: 4

******* Test case - 212 *******
Reference: [&R] (((CUCCA:9.197476,COLST:10.848731999999998):0.063621,PTEGU:10.00624):5.337989,(MELGA:9.0,GALGA:9.0):6.09548):14.0;

Estimated: [&R] ((MELGA:9.0,GALGA:9.0):5.716735,((CUCCA:9.197476,COLST:10.848732):0.063621,PTEGU:10.00624):5.716735):0.0;

Symmetric difference: 0

******* Test case - 213 *******
Reference: [&R] (TAUER:9.329501,((APAVI:9.0,MERNU:10.07382):1.066238,(FALPE:9.0,MELUN:16.2809):1.035583):1.690142):19.40161;

Estimated: [&R] (MERNU:5.03691,(((FALPE:9.0,MELUN:16.2809):1.035583,TAUER:11.019643):1.066238,APAVI:9.0):5.03691):0.0;

Symmetric difference: 4

******* Test case - 214 *******
Reference: [&R] (((TYTAL:9.08516,PICPU:11.215107):1.577943,(APTFO:18.219198000000002,BALRE:9.10538):0.010688):0.100771,COLLI:9.122859):19.337989;

Estimated: [&R] (PICPU:5.607553,(((APTFO:18.219198,BALRE:9.10538):0.010688,COLLI:9.22363):1.577943,TYTAL:9.08516):5.607553):0.0;

Symmetric difference: 4

******* Test case - 215 *******
Reference: [&R] (TINMA:9.0,((TAUER:9.329501,(PYGAD:18.180699,EURHE:9.799862):0.086337):0.063621,PODCR:16.053602):12.337989):7.0;

Estimated: [&R] (TINMA:10.668995,((TAUER:9.329501,(PYGAD:18.180699,EURHE:9.799862):0.086337):0.063621,PODCR:16.053602):10.668995):0.0;

Symmetric difference: 0

******* Test case - 216 *******
Reference: [&R] (TINMA:9.0,((HALAL:18.5532,(OPHHO:9.0,PYGAD:18.219199000000003):0.010687):0.100771,PODCR:16.053602):12.337989):7.0;

Estimated: [&R] ((OPHHO:9.0,PYGAD:18.219199):0.005344,((PODCR:16.053602,TINMA:21.337989):0.100771,HALAL:18.5532):0.005344):0.0;

Symmetric difference: 4

******* Test case - 217 *******
Reference: [&R] ((CAPCA:10.401965,((CORBR:26.994325999999997,MELUN:16.0):2.969475,EGRGA:13.171657000000002):0.018021):0.08274999999999999,COLLI:9.122859):19.337989;

Estimated: [&R] (CORBR:13.497163,(MELUN:16.0,(EGRGA:13.171657,(COLLI:9.205609,CAPCA:10.401965):0.018021):2.969475):13.497163):0.0;

Symmetric difference: 6

******* Test case - 218 *******
Reference: [&R] (STRCA:9.0,((CUCCA:9.197476,(GAVST:9.0,FULGL:10.523828):0.7432079999999999):5.401610000000001,MELGA:15.095479999999998):14.0);

Estimated: [&R] (STRCA:11.5,((CUCCA:9.197476,(GAVST:9.0,FULGL:10.523828):0.743208):5.40161,MELGA:15.09548):11.5):0.0;

Symmetric difference: 0

******* Test case - 219 *******
Reference: [&R] (TINMA:9.0,((HALAL:16.975257,COLST:9.233639):1.577943,(OPHHO:9.0,CHAVO:9.105381):0.010687):12.43876):7.0;

Estimated: [&R] (TINMA:10.71938,((HALAL:16.975257,COLST:9.233639):1.577943,(OPHHO:9.0,CHAVO:9.105381):0.010687):10.71938):0.0;

Symmetric difference: 0

******* Test case - 220 *******
Reference: [&R] (CAPCA:10.401965,((CATAU:9.975257000000001,(APAVI:9.0,MERNU:10.07382):1.141287):1.577943,NIPNI:12.780574000000001):0.018021):19.420739;

Estimated: [&R] (APAVI:4.5,(MERNU:10.07382,((NIPNI:12.780574,CAPCA:10.419986):1.577943,CATAU:9.975257):1.141287):4.5):0.0;

Symmetric difference: 6

******* Test case - 221 *******
Reference: [&R] (((TAEGU:33.994326,NESNO:16.0):2.969475,(EGRGA:11.364487,APTFO:16.422716):1.80717):0.100771,COLLI:9.122859):19.337989;

Estimated: [&R] (TAEGU:16.997163,(NESNO:16.0,((EGRGA:11.364487,APTFO:16.422716):1.80717,COLLI:9.22363):2.969475):16.997163):0.0;

Symmetric difference: 4

******* Test case - 222 *******
Reference: [&R] ((((TYTAL:9.0,HALLE:16.890097):0.08516,COLST:9.233639):1.577943,GAVST:9.706058):0.100771,COLLI:9.122859):19.337989;

Estimated: [&R] (COLST:4.61682,((GAVST:9.706058,COLLI:9.22363):1.577943,(TYTAL:9.0,HALLE:16.890097):0.08516):4.61682):0.0;

Symmetric difference: 4

******* Test case - 223 *******
Reference: [&R] (CHLUN:9.329501,((HALAL:16.975257,(BUCRH:10.726362,ACACH:17.212059999999997):0.075049):1.577943,PHALE:9.849048999999999):0.03715):19.40161;

Estimated: [&R] (ACACH:8.60603,(((PHALE:9.849049,CHLUN:9.366651):1.577943,HALAL:16.975257):0.075049,BUCRH:10.726362):8.60603):0.0;

Symmetric difference: 6

******* Test case - 224 *******
Reference: [&R] (STRCA:9.0,(CHAPE:17.401965,((HALLE:16.975257,NESNO:17.391531999999998):1.577943,BALRE:9.116068):0.018021):19.420739);

Estimated: [&R] (STRCA:14.21037,(CHAPE:17.401965,((HALLE:16.975257,NESNO:17.391532):1.577943,BALRE:9.116068):0.018021):14.21037):0.0;

Symmetric difference: 0

******* Test case - 225 *******
Reference: [&R] (TINMA:9.0,(PICPU:12.79305,((PELCR:9.0,EGRGA:9.0):4.12247,EURHE:9.799862):0.049187):12.43876):7.0;

Estimated: [&R] (TINMA:10.71938,(PICPU:12.79305,((PELCR:9.0,EGRGA:9.0):4.12247,EURHE:9.799862):0.049187):10.71938):0.0;

Symmetric difference: 0

******* Test case - 226 *******
Reference: [&R] (((HALLE:16.975257,(MANVI:19.994326,MELUN:16.0):1.391532):1.577943,BALRE:9.116068):0.100771,COLLI:9.122859):19.337989;

Estimated: [&R] (HALLE:8.487628,((MANVI:19.994326,MELUN:16.0):1.391532,(BALRE:9.116068,COLLI:9.22363):1.577943):8.487628):0.0;

Symmetric difference: 4

******* Test case - 227 *******
Reference: [&R] ((CUCCA:9.197476,(HALAL:16.975257,MANVI:21.385858):1.6150930000000001):5.401610000000001,(GALGA:10.317414,ANAPL:9.0):4.778066):14.0;

Estimated: [&R] ((GALGA:10.317414,ANAPL:9.0):5.089838,(CUCCA:9.197476,(HALAL:16.975257,MANVI:21.385858):1.615093):5.089838):0.0;

Symmetric difference: 0

******* Test case - 228 *******
Reference: [&R] (((CHAPE:17.401965,(CATAU:9.975257000000001,BUCRH:10.801411):1.5959640000000002):0.08274999999999999,MESUN:10.00624):5.337989,GALGA:15.095479999999998):14.0;

Estimated: [&R] (CHAPE:8.700983,((CATAU:9.975257,BUCRH:10.801411):1.595964,(MESUN:10.00624,GALGA:20.433469):0.08275):8.700983):0.0;

Symmetric difference: 4

******* Test case - 229 *******
Reference: [&R] ((CUCCA:9.197476,((GEOFO:33.994326,NESNO:16.0):2.969475,OPHHO:9.010687):0.03715):0.063621,PODCR:16.053602):19.337989;

Estimated: [&R] (GEOFO:16.997163,(NESNO:16.0,(OPHHO:9.010687,(PODCR:16.117223,CUCCA:9.197476):0.03715):2.969475):16.997163):0.0;

Symmetric difference: 6

******* Test case - 230 *******
Reference: [&R] ((((BUCRH:9.0,PICPU:9.413696):1.726362,TAEGU:35.310809):1.652992,NIPNI:12.780574000000001):0.100771,PODCR:16.053602):19.337989;

Estimated: [&R] (TAEGU:17.655404,((NIPNI:12.780574,PODCR:16.154373):1.652992,(BUCRH:9.0,PICPU:9.413696):1.726362):17.655404):0.0;

Symmetric difference: 4

******* Test case - 231 *******
Reference: [&R] ((CALAN:17.401965,(COLST:9.15859,(MELUN:9.0,NESNO:9.0):8.316483):1.671013):5.420739,ANAPL:13.778065999999999):14.0;

Estimated: [&R] (ANAPL:9.599403,(CALAN:17.401965,(COLST:9.15859,(MELUN:9.0,NESNO:9.0):8.316483):1.671013):9.599403):0.0;

Symmetric difference: 0

******* Test case - 232 *******
Reference: [&R] (CHAPE:17.401965,((HALAL:16.975257,(COLST:9.0,BUCRH:10.567772):0.233639):1.577943,EURHE:9.849048999999999):0.018021):19.420739;

Estimated: [&R] (EURHE:4.924524,(CHAPE:17.419986,(HALAL:16.975257,(COLST:9.0,BUCRH:10.567772):0.233639):1.577943):4.924524):0.0;

Symmetric difference: 2

******* Test case - 233 *******
Reference: [&R] (CATAU:9.975257000000001,((COLST:9.0,LEPDI:9.639705):0.15859,(CARCR:9.0,GEOFO:34.824775):0.486034):0.075049):21.016703;

Estimated: [&R] ((COLST:9.0,LEPDI:9.639705):0.079295,((CARCR:9.0,GEOFO:34.824775):0.486034,CATAU:10.050306):0.079295):0.0;

Symmetric difference: 2

******* Test case - 234 *******
Reference: [&R] ((FALPE:9.0,(CORBR:9.0,GEOFO:16.0):18.275226):2.688575,(GAVST:9.0,PELCR:12.465599000000001):0.706058):19.438760000000002;

Estimated: [&R] (((GAVST:9.0,PELCR:12.465599):3.394633,FALPE:9.0):9.137613,(CORBR:9.0,GEOFO:16.0):9.137613):0.0;

Symmetric difference: 2

******* Test case - 235 *******
Reference: [&R] (CHLUN:9.329501,(CAPCA:10.401965,((TYTAL:9.08516,COLST:9.233639):1.577943,BALRE:9.116068):0.018021):0.019129):19.40161;

Estimated: [&R] (TYTAL:4.54258,(COLST:9.233639,(BALRE:9.116068,(CHLUN:9.34863,CAPCA:10.401965):0.018021):1.577943):4.54258):0.0;

Symmetric difference: 6

******* Test case - 236 *******
Reference: [&R] (CAPCA:10.401965,((MERNU:11.140058,ACACH:17.212059999999997):1.652992,(PYGAD:18.219198000000002,CHAVO:9.10538):0.010688):0.018021):19.420739;

Estimated: [&R] (ACACH:8.60603,(((PYGAD:18.219198,CHAVO:9.10538):0.010688,CAPCA:10.419986):1.652992,MERNU:11.140058):8.60603):0.0;

Symmetric difference: 4

******* Test case - 237 *******
Reference: [&R] ((((PHACA:9.0,PELCR:10.166828):2.955642,EURHE:9.799862):0.038499,BALRE:9.10538):0.111459,PHORU:16.053602):19.337989;

Estimated: [&R] (EURHE:4.899931,((BALRE:9.10538,PHORU:16.165061):0.038499,(PHACA:9.0,PELCR:10.166828):2.955642):4.899931):0.0;

Symmetric difference: 4

******* Test case - 238 *******
Reference: [&R] ((CAPCA:10.401965,(FALPE:9.0,CORBR:27.275225999999996):2.7065960000000002):0.08274999999999999,(PTEGU:9.952638,PODCR:16.0):0.053602):19.337989;

Estimated: [&R] (CORBR:13.637613,(((PTEGU:9.952638,PODCR:16.0):0.136352,CAPCA:10.401965):2.706596,FALPE:9.0):13.637613):0.0;

Symmetric difference: 4

******* Test case - 239 *******
Reference: [&R] ((BUCRH:10.726362,(CARCR:9.0,MELUN:16.830448999999998):0.486034):1.753763,(MESUN:9.952638,PODCR:16.0):0.053602):19.337989;

Estimated: [&R] (PODCR:8.0,((BUCRH:10.726362,(CARCR:9.0,MELUN:16.830449):0.486034):1.807365,MESUN:9.952638):8.0):0.0;

Symmetric difference: 2

******* Test case - 240 *******
Reference: [&R] ((TAUER:9.329501,((TYTAL:9.0,CATAU:9.890097):0.08516,APAVI:10.141287):1.6150930000000001):0.063621,COLLI:9.122859):19.337989;

Estimated: [&R] (COLLI:4.59324,(TAUER:9.329501,((TYTAL:9.0,CATAU:9.890097):0.08516,APAVI:10.141287):1.615093):4.59324):0.0;

Symmetric difference: 0

******* Test case - 241 *******
Reference: [&R] (((CHLUN:9.329501,(LEPDI:9.798295,CARCR:9.486034):1.690142):0.063621,COLLI:9.122859):5.337989,ANAPL:13.778065999999999):14.0;

Estimated: [&R] (ANAPL:9.558027,((CHLUN:9.329501,(LEPDI:9.798295,CARCR:9.486034):1.690142):0.063621,COLLI:9.122859):9.558027):0.0;

Symmetric difference: 0

******* Test case - 242 *******
Reference: [&R] ((CAPCA:10.401965,(COLST:10.811582,APTFO:18.229886000000004):0.018021):0.08274999999999999,(COLLI:9.0,PTEGU:9.883381):0.122859):19.337989;

Estimated: [&R] (COLST:5.405791,(APTFO:18.229886,((COLLI:9.0,PTEGU:9.883381):0.205609,CAPCA:10.401965):0.018021):5.405791):0.0;

Symmetric difference: 4

******* Test case - 243 *******
Reference: [&R] (((HALAL:16.975257,(LEPDI:9.0,BUCRH:9.928067):0.873344):1.577943,PYGAD:18.229886000000004):5.43876,MELGA:15.095479999999998):14.0;

Estimated: [&R] ((HALAL:16.975257,(LEPDI:9.0,BUCRH:9.928067):0.873344):0.788972,(PYGAD:18.229886,MELGA:20.53424):0.788972):0.0;

Symmetric difference: 2

******* Test case - 244 *******
Reference: [&R] ((CARCR:9.0,(FALPE:9.0,CORBR:27.275225999999996):0.549549):2.1390260000000003,(EURHE:9.838360999999999,CHAVO:9.10538):0.010688):19.438760000000002;

Estimated: [&R] (CORBR:13.637613,(((EURHE:9.838361,CHAVO:9.10538):2.149714,CARCR:9.0):0.549549,FALPE:9.0):13.637613):0.0;

Symmetric difference: 4

******* Test case - 245 *******
Reference: [&R] (TINMA:9.0,((HALAL:16.975257,(LEPDI:9.0,BUCRH:9.928067):0.873344):7.016703000000001,MELGA:15.095479999999998):7.0):7.0;

Estimated: [&R] (TINMA:8.0,((HALAL:16.975257,(LEPDI:9.0,BUCRH:9.928067):0.873344):7.016703,MELGA:15.09548):8.0):0.0;

Symmetric difference: 0

******* Test case - 246 *******
Reference: [&R] (STRCA:9.0,(((CUCCA:9.0,CHLUN:9.132025):0.197476,HALLE:18.59035):5.401610000000001,ANAPL:13.778065999999999):14.0);

Estimated: [&R] (STRCA:11.5,(((CUCCA:9.0,CHLUN:9.132025):0.197476,HALLE:18.59035):5.40161,ANAPL:13.778066):11.5):0.0;

Symmetric difference: 0

******* Test case - 247 *******
Reference: [&R] (STRCA:9.0,((CUCCA:9.0,TAUER:9.132025):0.197476,(GEOFO:36.963801,CHAVO:9.116068):0.03715):19.40161);

Estimated: [&R] (GEOFO:18.4819,(CHAVO:9.116068,(STRCA:28.40161,(CUCCA:9.0,TAUER:9.132025):0.197476):0.03715):18.4819):0.0;

Symmetric difference: 4

******* Test case - 248 *******
Reference: [&R] ((BUCRH:10.726362,(CARCR:9.0,CORBR:27.824774999999995):0.486034):1.652992,(OPHHO:9.0,PYGAD:18.219199000000003):0.010687):19.438760000000002;

Estimated: [&R] (((OPHHO:9.0,PYGAD:18.219199):1.663679,BUCRH:10.726362):0.243017,(CARCR:9.0,CORBR:27.824775):0.243017):0.0;

Symmetric difference: 2

******* Test case - 249 *******
Reference: [&R] (STRCA:9.0,((TYTAL:9.0,HALLE:16.890097):0.08516,(ACACH:15.895577,MELUN:16.0):1.391532):21.016703);

Estimated: [&R] (STRCA:15.008351,((TYTAL:9.0,HALLE:16.890097):0.08516,(ACACH:15.895577,MELUN:16.0):1.391532):15.008351):0.0;

Symmetric difference: 0

******* Test case - 250 *******
Reference: [&R] ((CALAN:17.401965,((PICPU:11.140058,MELUN:17.316482999999998):1.652992,PHACA:12.004829):0.018021):0.08274999999999999,MESUN:10.00624):19.337989;

Estimated: [&R] (MELUN:8.658241,((PHACA:12.004829,(MESUN:10.08899,CALAN:17.401965):0.018021):1.652992,PICPU:11.140058):8.658241):0.0;

Symmetric difference: 6

******* Test case - 251 *******
Reference: [&R] ((MERNU:11.140058,(GEOFO:33.994326,(MELUN:9.0,NESNO:9.0):7.0):1.316483):1.753763,PTEGU:10.00624):19.337989;

Estimated: [&R] (GEOFO:16.997163,((MELUN:9.0,NESNO:9.0):7.0,(PTEGU:11.760003,MERNU:11.140058):1.316483):16.997163):0.0;

Symmetric difference: 4

******* Test case - 252 *******
Reference: [&R] (STRCA:9.0,(TAUER:9.329501,((FALPE:9.0,MELUN:16.2809):2.688575,PELCR:13.171657000000002):0.03715):19.40161);

Estimated: [&R] (STRCA:14.200805,(TAUER:9.329501,((FALPE:9.0,MELUN:16.2809):2.688575,PELCR:13.171657):0.03715):14.200805):0.0;

Symmetric difference: 0

******* Test case - 253 *******
Reference: [&R] (CHLUN:9.329501,(CALAN:17.401965,(APAVI:10.066238,(CARCR:9.0,NESNO:16.830448999999998):0.486034):1.671013):0.019129):19.40161;

Estimated: [&R] (CALAN:8.700983,((APAVI:10.066238,(CARCR:9.0,NESNO:16.830449):0.486034):1.671013,CHLUN:9.34863):8.700983):0.0;

Symmetric difference: 2

******* Test case - 254 *******
Reference: [&R] (CHAPE:17.401965,((LEPDI:9.798295,(ACACH:9.0,MANVI:13.098749):8.21206):1.652992,GAVST:9.706058):0.018021):19.420739;

Estimated: [&R] ((ACACH:9.0,MANVI:13.098749):4.10603,((GAVST:9.706058,CHAPE:17.419986):1.652992,LEPDI:9.798295):4.10603):0.0;

Symmetric difference: 4

******* Test case - 255 *******
Reference: [&R] (((LEPDI:9.0,APAVI:9.267943):0.798295,FALPE:10.035583):7.0917520000000005,(MELGA:10.317414,ANAPL:9.0):4.778066):14.0;

Estimated: [&R] ((MELGA:10.317414,ANAPL:9.0):5.934909,((LEPDI:9.0,APAVI:9.267943):0.798295,FALPE:10.035583):5.934909):0.0;

Symmetric difference: 0

******* Test case - 256 *******
Reference: [&R] (TINMA:9.0,((HALLE:16.975257,CORBR:28.385857999999995):1.678714,(MESUN:9.0,PTEGU:9.0):1.00624):12.337989):7.0;

Estimated: [&R] (TINMA:10.668995,((HALLE:16.975257,CORBR:28.385858):1.678714,(MESUN:9.0,PTEGU:9.0):1.00624):10.668995):0.0;

Symmetric difference: 0

******* Test case - 257 *******
Reference: [&R] ((HALLE:18.5532,(GAVST:9.69537,BALRE:9.10538):0.010688):5.43876,(MELGA:9.0,GALGA:9.0):6.09548):14.0;

Estimated: [&R] (BALRE:4.55269,(((MELGA:9.0,GALGA:9.0):11.53424,HALLE:18.5532):0.010688,GAVST:9.69537):4.55269):0.0;

Symmetric difference: 4

******* Test case - 258 *******
Reference: [&R] ((ACACH:18.865052,((EGRGA:11.364487,PYGAD:16.422716):1.757983,PHALE:9.799862):0.049187):0.100771,PHORU:16.053602):19.337989;

Estimated: [&R] ((EGRGA:11.364487,PYGAD:16.422716):0.878992,(PHALE:9.799862,(PHORU:16.154373,ACACH:18.865052):0.049187):0.878992):0.0;

Symmetric difference: 4

******* Test case - 259 *******
Reference: [&R] (CALAN:17.401965,(NESNO:18.969475,((PHACA:10.197659,FULGL:9.422716):1.7964820000000001,BALRE:9.10538):0.010688):0.018021):19.420739;

Estimated: [&R] (CALAN:8.709993,(NESNO:18.969475,((PHACA:10.197659,FULGL:9.422716):1.796482,BALRE:9.10538):0.010688):8.709993):0.0;

Symmetric difference: 0

******* Test case - 260 *******
Reference: [&R] ((TAUER:9.329501,(FALPE:9.0,(ACACH:9.0,TAEGU:27.098748999999998):7.176477):2.725725):0.063621,MESUN:10.00624):19.337989;

Estimated: [&R] (ACACH:4.5,(TAEGU:27.098749,((MESUN:10.069861,TAUER:9.329501):2.725725,FALPE:9.0):7.176477):4.5):0.0;

Symmetric difference: 6

******* Test case - 261 *******
Reference: [&R] (CHLUN:9.329501,((LEPDI:9.798295,(CORBR:26.994325999999997,NESNO:16.0):1.316483):1.652992,OPHHO:9.010687):0.03715):19.40161;

Estimated: [&R] (CORBR:13.497163,(NESNO:16.0,((OPHHO:9.010687,CHLUN:9.366651):1.652992,LEPDI:9.798295):1.316483):13.497163):0.0;

Symmetric difference: 6

******* Test case - 262 *******
Reference: [&R] (TINMA:9.0,((APAVI:11.71923,(OPHHO:9.0,EURHE:9.838361999999998):0.010687):0.100771,PTEGU:10.00624):12.337989):7.0;

Estimated: [&R] (EURHE:4.919181,(((PTEGU:10.00624,TINMA:21.337989):0.100771,APAVI:11.71923):0.010687,OPHHO:9.0):4.919181):0.0;

Symmetric difference: 6

******* Test case - 263 *******
Reference: [&R] (STRCA:9.0,((COLST:9.15859,NESNO:17.316482999999998):1.652992,(GAVST:9.0,FULGL:10.523828):0.706058):19.438760000000002);

Estimated: [&R] ((STRCA:28.43876,(COLST:9.15859,NESNO:17.316483):1.652992):0.353029,(GAVST:9.0,FULGL:10.523828):0.353029):0.0;

Symmetric difference: 2

******* Test case - 264 *******
Reference: [&R] (CHLUN:9.329501,(CALAN:17.401965,(NIPNI:12.731387000000002,(PHALE:9.0,EURHE:9.0):0.799862):0.067208):0.019129):19.40161;

Estimated: [&R] (CALAN:8.700983,((NIPNI:12.731387,(PHALE:9.0,EURHE:9.0):0.799862):0.067208,CHLUN:9.34863):8.700983):0.0;

Symmetric difference: 2

******* Test case - 265 *******
Reference: [&R] (CAPCA:10.401965,((CATAU:9.975257000000001,LEPDI:9.873344):1.577943,(OPHHO:9.0,PELCR:13.16097):0.010687):0.018021):19.420739;

Estimated: [&R] ((CATAU:9.975257,LEPDI:9.873344):0.788972,((OPHHO:9.0,PELCR:13.16097):0.010687,CAPCA:10.419986):0.788972):0.0;

Symmetric difference: 2

******* Test case - 266 *******
Reference: [&R] ((CHLUN:9.329501,((CATAU:9.975257000000001,MELUN:17.391531999999998):1.577943,OPHHO:9.010687):0.03715):0.063621,PODCR:16.053602):19.337989;

Estimated: [&R] ((CATAU:9.975257,MELUN:17.391532):0.788972,(OPHHO:9.010687,(PODCR:16.117223,CHLUN:9.329501):0.03715):0.788972):0.0;

Symmetric difference: 4

******* Test case - 267 *******
Reference: [&R] (TINMA:9.0,(((PICPU:11.140058,TAEGU:35.310809):1.652992,PELCR:13.171657000000002):5.43876,MELGA:15.095479999999998):7.0):7.0;

Estimated: [&R] (TAEGU:17.655404,((PELCR:13.171657,(MELGA:15.09548,TINMA:16.0):5.43876):1.652992,PICPU:11.140058):17.655404):0.0;

Symmetric difference: 6

******* Test case - 268 *******
Reference: [&R] (CHLUN:9.329501,((HALLE:16.975257,ACACH:17.287108999999997):1.577943,(EGRGA:11.364487,PYGAD:16.422716):1.80717):0.03715):19.40161;

Estimated: [&R] ((CHLUN:9.366651,(HALLE:16.975257,ACACH:17.287109):1.577943):0.903585,(EGRGA:11.364487,PYGAD:16.422716):0.903585):0.0;

Symmetric difference: 2

******* Test case - 269 *******
Reference: [&R] (STRCA:9.0,(((FALPE:9.0,ACACH:16.176477):2.688575,NIPNI:12.780574000000001):0.100771,PTEGU:10.00624):19.337989);

Estimated: [&R] (STRCA:14.168995,(((FALPE:9.0,ACACH:16.176477):2.688575,NIPNI:12.780574):0.100771,PTEGU:10.00624):14.168995):0.0;

Symmetric difference: 0

******* Test case - 270 *******
Reference: [&R] ((APAVI:9.0,PICPU:10.07382):2.71923,(OPHHO:9.0,(FULGL:9.0,APTFO:16.0):2.2191989999999997):0.010687):19.438760000000002;

Estimated: [&R] (APAVI:4.5,(PICPU:10.07382,(OPHHO:9.0,(FULGL:9.0,APTFO:16.0):2.219199):2.729917):4.5):0.0;

Symmetric difference: 2

******* Test case - 271 *******
Reference: [&R] (((CHAPE:17.401965,(MERNU:12.79305,NIPNI:12.780574000000001):0.018021):0.08274999999999999,PODCR:16.053602):5.337989,GALGA:15.095479999999998):14.0;

Estimated: [&R] ((MERNU:12.79305,NIPNI:12.780574):0.00901,((PODCR:16.053602,GALGA:20.433469):0.08275,CHAPE:17.401965):0.00901):0.0;

Symmetric difference: 4

******* Test case - 272 *******
Reference: [&R] ((CHLUN:9.329501,(COLST:10.811582,(PHACA:11.955642000000001,PHALE:9.799862):0.049187):0.03715):5.401610000000001,GALGA:15.095479999999998):14.0;

Estimated: [&R] (GALGA:10.248545,(CHLUN:9.329501,(COLST:10.811582,(PHACA:11.955642,PHALE:9.799862):0.049187):0.03715):10.248545):0.0;

Symmetric difference: 0

******* Test case - 273 *******
Reference: [&R] (STRCA:9.0,((CALAN:17.401965,(PICPU:12.79305,PELCR:13.171657000000002):0.018021):5.420739,MELGA:15.095479999999998):14.0);

Estimated: [&R] (MELGA:7.54774,(STRCA:23.0,(CALAN:17.401965,(PICPU:12.79305,PELCR:13.171657):0.018021):5.420739):7.54774):0.0;

Symmetric difference: 2

******* Test case - 274 *******
Reference: [&R] (((CHAPE:17.401965,(COLST:10.811582,PHALE:9.849048999999999):0.018021):0.08274999999999999,PTEGU:10.00624):5.337989,MELGA:15.095479999999998):14.0;

Estimated: [&R] (MELGA:10.216734,((CHAPE:17.401965,(COLST:10.811582,PHALE:9.849049):0.018021):0.08275,PTEGU:10.00624):10.216734):0.0;

Symmetric difference: 0

******* Test case - 275 *******
Reference: [&R] ((CUCCA:9.197476,((COLST:9.0,LEPDI:9.639705):1.811582,EURHE:9.849048999999999):0.03715):5.401610000000001,ANAPL:13.778065999999999):14.0;

Estimated: [&R] (ANAPL:9.589838,(CUCCA:9.197476,((COLST:9.0,LEPDI:9.639705):1.811582,EURHE:9.849049):0.03715):9.589838):0.0;

Symmetric difference: 0

******* Test case - 276 *******
Reference: [&R] (((COLST:9.0,APAVI:9.907648):0.15859,(CARCR:9.0,TAEGU:34.824775):0.486034):1.652992,OPHHO:9.010687):19.438760000000002;

Estimated: [&R] (TAEGU:17.412388,((OPHHO:10.663679,(COLST:9.0,APAVI:9.907648):0.15859):0.486034,CARCR:9.0):17.412388):0.0;

Symmetric difference: 4

******* Test case - 277 *******
Reference: [&R] (((TYTAL:9.0,HALAL:16.890097):0.08516,(ACACH:9.0,MANVI:13.098749):8.287109):1.577943,APTFO:18.229886000000004):19.438760000000002;

Estimated: [&R] (TYTAL:4.5,(HALAL:16.890097,((ACACH:9.0,MANVI:13.098749):8.287109,APTFO:19.807829):0.08516):4.5):0.0;

Symmetric difference: 4

******* Test case - 278 *******
Reference: [&R] ((CHAPE:17.401965,(PICPU:12.79305,PHACA:12.004829):0.018021):0.08274999999999999,(MESUN:9.0,PTEGU:9.0):1.00624):19.337989;

Estimated: [&R] (PICPU:6.396525,(PHACA:12.004829,((MESUN:9.0,PTEGU:9.0):1.08899,CHAPE:17.401965):0.018021):6.396525):0.0;

Symmetric difference: 4

******* Test case - 279 *******
Reference: [&R] ((HALLE:9.0,HALAL:9.0):9.5532,((FULGL:9.0,PYGAD:16.0):2.1806989999999997,EURHE:9.799862):0.049187):19.438760000000002;

Estimated: [&R] (EURHE:4.899931,((HALLE:9.0,HALAL:9.0):9.602387,(FULGL:9.0,PYGAD:16.0):2.180699):4.899931):0.0;

Symmetric difference: 2

******* Test case - 280 *******
Reference: [&R] ((TAUER:9.329501,(CARCR:11.139026,(PHALE:9.838360999999999,CHAVO:9.10538):0.010688):0.03715):0.063621,PODCR:16.053602):19.337989;

Estimated: [&R] ((PHALE:9.838361,CHAVO:9.10538):0.005344,((PODCR:16.117223,TAUER:9.329501):0.03715,CARCR:11.139026):0.005344):0.0;

Symmetric difference: 4

******* Test case - 281 *******
Reference: [&R] ((HALLE:16.975257,(ACACH:15.895577,MELUN:16.0):1.391532):1.577943,(GAVST:9.0,FULGL:10.523828):0.706058):19.438760000000002;

Estimated: [&R] (MELUN:8.0,(((GAVST:9.0,FULGL:10.523828):2.284001,HALLE:16.975257):1.391532,ACACH:15.895577):8.0):0.0;

Symmetric difference: 4

******* Test case - 282 *******
Reference: [&R] (STRCA:9.0,(((APAVI:10.066238,MELUN:17.316482999999998):1.652992,BALRE:9.116068):5.43876,MELGA:15.095479999999998):14.0);

Estimated: [&R] (STRCA:11.5,(((APAVI:10.066238,MELUN:17.316483):1.652992,BALRE:9.116068):5.43876,MELGA:15.09548):11.5):0.0;

Symmetric difference: 0

******* Test case - 283 *******
Reference: [&R] ((CUCCA:9.0,TAUER:9.132025):0.197476,(MERNU:12.79305,(GAVST:9.0,FULGL:10.523828):0.706058):0.03715):19.40161;

Estimated: [&R] (MERNU:6.396525,((GAVST:9.0,FULGL:10.523828):0.706058,(CUCCA:9.0,TAUER:9.132025):0.234626):6.396525):0.0;

Symmetric difference: 2

******* Test case - 284 *******
Reference: [&R] ((BUCRH:12.379354,(PHACA:9.0,NIPNI:9.775745):3.004829):5.43876,(MELGA:9.0,GALGA:9.0):6.09548):14.0;

Estimated: [&R] (BUCRH:6.189677,((PHACA:9.0,NIPNI:9.775745):3.004829,(MELGA:9.0,GALGA:9.0):11.53424):6.189677):0.0;

Symmetric difference: 2

******* Test case - 285 *******
Reference: [&R] ((TAUER:9.329501,(OPHHO:9.0,(GAVST:9.0,APTFO:17.523828):0.695371):0.047837):5.401610000000001,GALGA:15.095479999999998):14.0;

Estimated: [&R] (GAVST:4.5,(APTFO:17.523828,((GALGA:20.49709,TAUER:9.329501):0.047837,OPHHO:9.0):0.695371):4.5):0.0;

Symmetric difference: 6

******* Test case - 286 *******
Reference: [&R] ((CUCCA:9.197476,(GAVST:9.0,(FULGL:9.0,PYGAD:16.0):1.523828):0.7432079999999999):5.401610000000001,GALGA:15.095479999999998):14.0;

Estimated: [&R] ((GALGA:20.49709,CUCCA:9.197476):0.371604,(GAVST:9.0,(FULGL:9.0,PYGAD:16.0):1.523828):0.371604):0.0;

Symmetric difference: 2

******* Test case - 287 *******
Reference: [&R] ((CAPCA:10.401965,((LEPDI:9.0,APAVI:9.267943):0.798295,TAEGU:35.310809):1.671013):0.08274999999999999,COLLI:9.122859):19.337989;

Estimated: [&R] (TAEGU:17.655404,((COLLI:9.205609,CAPCA:10.401965):1.671013,(LEPDI:9.0,APAVI:9.267943):0.798295):17.655404):0.0;

Symmetric difference: 4

******* Test case - 288 *******
Reference: [&R] (STRCA:9.0,(TAUER:9.329501,((ACACH:9.0,MANVI:13.098749):9.865051999999999,APTFO:18.229886000000004):0.03715):19.40161);

Estimated: [&R] (STRCA:14.200805,(TAUER:9.329501,((ACACH:9.0,MANVI:13.098749):9.865052,APTFO:18.229886):0.03715):14.200805):0.0;

Symmetric difference: 0

******* Test case - 289 *******
Reference: [&R] ((CAPCA:10.401965,(APAVI:11.71923,(PYGAD:18.219198000000002,CHAVO:9.10538):0.010688):0.018021):5.420739,MELGA:15.095479999999998):14.0;

Estimated: [&R] ((PYGAD:18.219198,CHAVO:9.10538):0.005344,((MELGA:20.516219,CAPCA:10.401965):0.018021,APAVI:11.71923):0.005344):0.0;

Symmetric difference: 4

******* Test case - 290 *******
Reference: [&R] (TINMA:9.0,(CUCCA:9.197476,(CATAU:9.975257000000001,(COLST:9.15859,MANVI:21.310809):0.075049):1.6150930000000001):12.401610000000002):7.0;

Estimated: [&R] (CUCCA:4.598738,((CATAU:9.975257,(COLST:9.15859,MANVI:21.310809):0.075049):1.615093,TINMA:21.40161):4.598738):0.0;

Symmetric difference: 2

******* Test case - 291 *******
Reference: [&R] (STRCA:9.0,(((COLST:9.0,MERNU:10.981468):0.15859,CORBR:28.310808999999995):1.652992,BALRE:9.116068):19.438760000000002);

Estimated: [&R] (STRCA:14.21938,(((COLST:9.0,MERNU:10.981468):0.15859,CORBR:28.310809):1.652992,BALRE:9.116068):14.21938):0.0;

Symmetric difference: 0

******* Test case - 292 *******
Reference: [&R] (((HALLE:16.975257,MERNU:11.215107):1.577943,(NIPNI:10.973404,APTFO:16.422716):1.80717):5.43876,MELGA:15.095479999999998):14.0;

Estimated: [&R] ((MELGA:20.53424,(HALLE:16.975257,MERNU:11.215107):1.577943):0.903585,(NIPNI:10.973404,APTFO:16.422716):0.903585):0.0;

Symmetric difference: 2

******* Test case - 293 *******
Reference: [&R] (((CHLUN:9.329501,(CAPCA:9.0,CHAPE:16.0):1.4210939999999999):0.063621,PODCR:16.053602):5.337989,GALGA:15.095479999999998):14.0;

Estimated: [&R] (CHAPE:8.0,(((PODCR:16.053602,GALGA:20.433469):0.063621,CHLUN:9.329501):1.421094,CAPCA:9.0):8.0):0.0;

Symmetric difference: 6

******* Test case - 294 *******
Reference: [&R] (((TYTAL:9.08516,MANVI:21.385858):1.577943,(PELCR:11.364487,FULGL:9.422716):1.80717):5.43876,ANAPL:13.778065999999999):14.0;

Estimated: [&R] (ANAPL:9.608413,((TYTAL:9.08516,MANVI:21.385858):1.577943,(PELCR:11.364487,FULGL:9.422716):1.80717):9.608413):0.0;

Symmetric difference: 0

******* Test case - 295 *******
Reference: [&R] (STRCA:9.0,((TAEGU:36.963801,(EURHE:9.838360999999999,CHAVO:9.10538):0.010688):5.43876,ANAPL:13.778065999999999):14.0);

Estimated: [&R] (ANAPL:6.889033,(STRCA:23.0,(TAEGU:36.963801,(EURHE:9.838361,CHAVO:9.10538):0.010688):5.43876):6.889033):0.0;

Symmetric difference: 2

******* Test case - 296 *******
Reference: [&R] ((CUCCA:9.197476,(CHAPE:17.401965,(APAVI:10.066238,FALPE:10.035583):1.671013):0.019129):5.401610000000001,ANAPL:13.778065999999999):14.0;

Estimated: [&R] (CUCCA:4.598738,((CHAPE:17.401965,(APAVI:10.066238,FALPE:10.035583):1.671013):0.019129,ANAPL:19.179676):4.598738):0.0;

Symmetric difference: 2

******* Test case - 297 *******
Reference: [&R] (((CAPCA:9.0,CHAPE:16.0):1.401965,(HALAL:16.975257,MELUN:17.391531999999998):1.5959640000000002):5.420739,GALGA:15.095479999999998):14.0;

Estimated: [&R] ((CAPCA:9.0,CHAPE:16.0):0.700982,((HALAL:16.975257,MELUN:17.391532):1.595964,GALGA:20.516219):0.700982):0.0;

Symmetric difference: 2

******* Test case - 298 *******
Reference: [&R] ((CHAPE:17.401965,((CORBR:26.994325999999997,MELUN:16.0):2.969475,EURHE:9.849048999999999):0.018021):0.08274999999999999,PODCR:16.053602):19.337989;

Estimated: [&R] (MELUN:8.0,((EURHE:9.849049,(PODCR:16.136352,CHAPE:17.401965):0.018021):2.969475,CORBR:26.994326):8.0):0.0;

Symmetric difference: 6

******* Test case - 299 *******
Reference: [&R] ((TAUER:9.329501,(GAVST:9.0,PELCR:12.465599000000001):0.7432079999999999):0.063621,(MESUN:9.0,PTEGU:9.0):1.00624):19.337989;

Estimated: [&R] (MESUN:4.5,(PTEGU:9.0,(TAUER:9.329501,(GAVST:9.0,PELCR:12.465599):0.743208):1.069861):4.5):0.0;

Symmetric difference: 2

******* Test case - 300 *******
Reference: [&R] (TINMA:9.0,((TAUER:9.329501,(CAPCA:10.401965,APTFO:18.247907000000005):0.019129):0.063621,PODCR:16.053602):12.337989):7.0;

Estimated: [&R] (TINMA:10.668995,((TAUER:9.329501,(CAPCA:10.401965,APTFO:18.247907):0.019129):0.063621,PODCR:16.053602):10.668995):0.0;

Symmetric difference: 0

